2025-12-13 18:11:32.222 [restartedMain] INFO  com.mouse.bet.window.MSportWindow - 🚀 🎯 Initializing MSportWindow with Playwright...
2025-12-13 18:12:11.616 [restartedMain] INFO  com.mouse.bet.window.MSportWindow - ✅ 🚀 Playwright initialized successfully
2025-12-13 18:12:11.617 [restartedMain] INFO  com.mouse.bet.window.MSportWindow - Registering MSport Window for Bet placing
2025-12-13 18:12:14.337 [restartedMain] INFO  com.mouse.bet.window.MSportWindow - safe starting arb orchestrator in M_SPORT window
2025-12-13 18:12:19.133 [BettingWindow-1] INFO  com.mouse.bet.window.MSportWindow - 🚀 🎯 Starting MSportWindow attempt 1/3
2025-12-13 18:12:19.168 [BettingWindow-1] INFO  com.mouse.bet.window.MSportWindow - Loading existing browser context from: .\playwright-context\msport-context.json
2025-12-13 18:12:19.918 [BettingWindow-1] INFO  com.mouse.bet.window.MSportWindow - Existing context loaded successfully
2025-12-13 18:12:20.297 [BettingWindow-1] INFO  com.mouse.bet.window.MSportWindow - ✅ 💚 Page created and health monitor started
2025-12-13 18:12:20.297 [BettingWindow-1] INFO  com.mouse.bet.window.MSportWindow - 🚀 🎯 Navigating to Msport...
2025-12-13 18:12:27.688 [BettingWindow-1] INFO  com.mouse.bet.window.MSportWindow - ✅ 🎯 Successfully navigated to Msport
2025-12-13 18:12:36.019 [BettingWindow-1] INFO  com.mouse.bet.window.MSportWindow - Login status: LOGGED IN
2025-12-13 18:12:36.019 [BettingWindow-1] INFO  com.mouse.bet.window.MSportWindow - ✅ 🔐 Already logged in (page verification)
2025-12-13 18:12:41.611 [BettingWindow-1] WARN  com.mouse.bet.window.MSportWindow - {} balance was not saved due to not been able to locate the amount element
2025-12-13 18:12:41.611 [BettingWindow-1] DEBUG com.mouse.bet.window.MSportWindow - Mimicking human behavior...
2025-12-13 18:12:55.174 [BettingWindow-1] INFO  com.mouse.bet.window.MSportWindow - ID selector failed, trying fallback...
2025-12-13 18:13:00.029 [BettingWindow-1] INFO  com.mouse.bet.window.MSportWindow - Clicked 'Live Betting' using text selector
2025-12-13 18:13:00.034 [BettingWindow-1] INFO  com.mouse.bet.window.MSportWindow - Successfully navigated to Live Betting page: https://www.msport.com/ng/web/sports/default/live_matches
2025-12-13 18:13:00.034 [BettingWindow-1] INFO  com.mouse.bet.window.MSportWindow - ✅ 🔐 Already logged in (cached state)
2025-12-13 18:13:04.747 [BettingWindow-1] INFO  com.mouse.bet.window.MSportWindow - ✅ Sport Page loaded: https://www.msport.com/ng/web/sports/default/live_matches
2025-12-13 18:13:07.084 [BettingWindow-1] INFO  com.mouse.bet.window.MSportWindow - Switching to live sport: Table Tennis → Table%20Tennis
2025-12-13 18:13:11.394 [BettingWindow-1] INFO  com.mouse.bet.window.MSportWindow - 🤖 Mimicking human behavior on sport page...
2025-12-13 18:13:14.112 [BettingWindow-1] INFO  com.mouse.bet.window.MSportWindow - Slow scrolling down 572 pixels in 8 steps
2025-12-13 18:13:16.531 [BettingWindow-1] DEBUG com.mouse.bet.window.MSportWindow - Simulating 3 natural mouse movements
2025-12-13 18:13:20.490 [BettingWindow-1] INFO  com.mouse.bet.window.MSportWindow - Hovering over random match (index: 1)
2025-12-13 18:13:23.263 [BettingWindow-1] DEBUG com.mouse.bet.window.MSportWindow - Quick scrolling down 531 pixels
2025-12-13 18:13:24.391 [BettingWindow-1] DEBUG com.mouse.bet.window.MSportWindow - Scrolling up 238 pixels
2025-12-13 18:13:25.808 [BettingWindow-1] DEBUG com.mouse.bet.window.MSportWindow - Simulating 2 natural mouse movements
2025-12-13 18:13:28.681 [BettingWindow-1] INFO  com.mouse.bet.window.MSportWindow - Attempting optional page interaction...
2025-12-13 18:13:28.699 [BettingWindow-1] INFO  com.mouse.bet.window.MSportWindow - Clicking safe element: .m-favourite-btn
2025-12-13 18:13:31.015 [BettingWindow-1] INFO  com.mouse.bet.window.MSportWindow - Hovering over match component: .m-teams (index: 1)
2025-12-13 18:13:34.237 [BettingWindow-1] INFO  com.mouse.bet.window.MSportWindow - Scrolling through match list
2025-12-13 18:13:40.298 [BettingWindow-1] DEBUG com.mouse.bet.window.MSportWindow - Scrolling to comfortable position: 223px
2025-12-13 18:13:41.536 [BettingWindow-1] INFO  com.mouse.bet.window.MSportWindow - ✅ Human behavior simulation complete
2025-12-13 18:13:41.536 [BettingWindow-1] INFO  com.mouse.bet.window.MSportWindow - ✅ 🔄 Window registered with sync manager: M_SPORT
2025-12-13 18:13:41.536 [BettingWindow-1] INFO  com.mouse.bet.window.MSportWindow - 🚀 📊 Starting betting loop for M_SPORT
2025-12-13 18:13:41.583 [BettingWindow-1] INFO  com.mouse.bet.window.MSportWindow - 📊 Ready to poll task for betting | Bookmaker: M_SPORT
2025-12-13 18:13:41.584 [BettingWindow-1] INFO  com.mouse.bet.window.MSportWindow - task polled by M_SPORT
2025-12-13 18:13:41.584 [BettingWindow-1] INFO  com.mouse.bet.window.MSportWindow - the polled task is null for M_SPORT
2025-12-13 18:13:42.108 [BettingWindow-1] INFO  com.mouse.bet.window.MSportWindow - 📊 Ready to poll task for betting | Bookmaker: M_SPORT
2025-12-13 18:13:42.108 [BettingWindow-1] INFO  com.mouse.bet.window.MSportWindow - task polled by M_SPORT
2025-12-13 18:13:42.108 [BettingWindow-1] INFO  com.mouse.bet.window.MSportWindow - the polled task is null for M_SPORT
2025-12-13 18:13:43.085 [BettingWindow-1] INFO  com.mouse.bet.window.MSportWindow - 📊 Ready to poll task for betting | Bookmaker: M_SPORT
2025-12-13 18:13:43.085 [BettingWindow-1] INFO  com.mouse.bet.window.MSportWindow - task polled by M_SPORT
2025-12-13 18:13:43.085 [BettingWindow-1] INFO  com.mouse.bet.window.MSportWindow - the polled task is null for M_SPORT
2025-12-13 18:13:44.039 [BettingWindow-1] INFO  com.mouse.bet.window.MSportWindow - 📊 Ready to poll task for betting | Bookmaker: M_SPORT
2025-12-13 18:13:44.039 [BettingWindow-1] INFO  com.mouse.bet.window.MSportWindow - task polled by M_SPORT
2025-12-13 18:13:44.039 [BettingWindow-1] INFO  com.mouse.bet.window.MSportWindow - the polled task is null for M_SPORT
2025-12-13 18:13:44.689 [BettingWindow-1] INFO  com.mouse.bet.window.MSportWindow - 📊 Ready to poll task for betting | Bookmaker: M_SPORT
2025-12-13 18:13:44.689 [BettingWindow-1] INFO  com.mouse.bet.window.MSportWindow - task polled by M_SPORT
2025-12-13 18:13:44.689 [BettingWindow-1] INFO  com.mouse.bet.window.MSportWindow - the polled task is null for M_SPORT
2025-12-13 18:13:45.364 [BettingWindow-1] INFO  com.mouse.bet.window.MSportWindow - 📊 Ready to poll task for betting | Bookmaker: M_SPORT
2025-12-13 18:13:45.364 [BettingWindow-1] INFO  com.mouse.bet.window.MSportWindow - task polled by M_SPORT
2025-12-13 18:13:45.364 [BettingWindow-1] INFO  com.mouse.bet.window.MSportWindow - the polled task is null for M_SPORT
2025-12-13 18:13:45.900 [BettingWindow-1] INFO  com.mouse.bet.window.MSportWindow - 📊 Ready to poll task for betting | Bookmaker: M_SPORT
2025-12-13 18:13:45.900 [BettingWindow-1] INFO  com.mouse.bet.window.MSportWindow - task polled by M_SPORT
2025-12-13 18:13:45.900 [BettingWindow-1] INFO  com.mouse.bet.window.MSportWindow - the polled task is null for M_SPORT
2025-12-13 18:13:46.533 [BettingWindow-1] INFO  com.mouse.bet.window.MSportWindow - 📊 Ready to poll task for betting | Bookmaker: M_SPORT
2025-12-13 18:13:46.533 [BettingWindow-1] INFO  com.mouse.bet.window.MSportWindow - task polled by M_SPORT
2025-12-13 18:13:46.533 [BettingWindow-1] INFO  com.mouse.bet.window.MSportWindow - the polled task is null for M_SPORT
2025-12-13 18:13:47.159 [BettingWindow-1] INFO  com.mouse.bet.window.MSportWindow - 📊 Ready to poll task for betting | Bookmaker: M_SPORT
2025-12-13 18:13:47.159 [BettingWindow-1] INFO  com.mouse.bet.window.MSportWindow - task polled by M_SPORT
2025-12-13 18:13:47.159 [BettingWindow-1] INFO  com.mouse.bet.window.MSportWindow - the polled task is null for M_SPORT
2025-12-13 18:13:47.969 [BettingWindow-1] INFO  com.mouse.bet.window.MSportWindow - 📊 Ready to poll task for betting | Bookmaker: M_SPORT
2025-12-13 18:13:47.969 [BettingWindow-1] INFO  com.mouse.bet.window.MSportWindow - task polled by M_SPORT
2025-12-13 18:13:47.969 [BettingWindow-1] INFO  com.mouse.bet.window.MSportWindow - the polled task is null for M_SPORT
2025-12-13 18:13:48.896 [BettingWindow-1] INFO  com.mouse.bet.window.MSportWindow - 📊 Ready to poll task for betting | Bookmaker: M_SPORT
2025-12-13 18:13:48.896 [BettingWindow-1] INFO  com.mouse.bet.window.MSportWindow - task polled by M_SPORT
2025-12-13 18:13:48.896 [BettingWindow-1] INFO  com.mouse.bet.window.MSportWindow - the polled task is null for M_SPORT
2025-12-13 18:13:49.463 [BettingWindow-1] INFO  com.mouse.bet.window.MSportWindow - 📊 Ready to poll task for betting | Bookmaker: M_SPORT
2025-12-13 18:13:49.463 [BettingWindow-1] INFO  com.mouse.bet.window.MSportWindow - task polled by M_SPORT
2025-12-13 18:13:49.463 [BettingWindow-1] INFO  com.mouse.bet.window.MSportWindow - the polled task is null for M_SPORT
2025-12-13 18:13:50.322 [BettingWindow-1] INFO  com.mouse.bet.window.MSportWindow - 📊 Ready to poll task for betting | Bookmaker: M_SPORT
2025-12-13 18:13:50.322 [BettingWindow-1] INFO  com.mouse.bet.window.MSportWindow - task polled by M_SPORT
2025-12-13 18:13:50.322 [BettingWindow-1] INFO  com.mouse.bet.window.MSportWindow - the polled task is null for M_SPORT
2025-12-13 18:13:50.867 [BettingWindow-1] INFO  com.mouse.bet.window.MSportWindow - 📊 Ready to poll task for betting | Bookmaker: M_SPORT
2025-12-13 18:13:50.867 [BettingWindow-1] INFO  com.mouse.bet.window.MSportWindow - task polled by M_SPORT
2025-12-13 18:13:50.867 [BettingWindow-1] INFO  com.mouse.bet.window.MSportWindow - the polled task is null for M_SPORT
2025-12-13 18:13:51.412 [BettingWindow-1] INFO  com.mouse.bet.window.MSportWindow - 📊 Ready to poll task for betting | Bookmaker: M_SPORT
2025-12-13 18:13:51.412 [BettingWindow-1] INFO  com.mouse.bet.window.MSportWindow - task polled by M_SPORT
2025-12-13 18:13:51.412 [BettingWindow-1] INFO  com.mouse.bet.window.MSportWindow - the polled task is null for M_SPORT
2025-12-13 18:13:52.070 [BettingWindow-1] INFO  com.mouse.bet.window.MSportWindow - 📊 Ready to poll task for betting | Bookmaker: M_SPORT
2025-12-13 18:13:52.070 [BettingWindow-1] INFO  com.mouse.bet.window.MSportWindow - task polled by M_SPORT
2025-12-13 18:13:52.070 [BettingWindow-1] INFO  com.mouse.bet.window.MSportWindow - the polled task is null for M_SPORT
2025-12-13 18:13:52.927 [BettingWindow-1] INFO  com.mouse.bet.window.MSportWindow - 📊 Ready to poll task for betting | Bookmaker: M_SPORT
2025-12-13 18:13:52.927 [BettingWindow-1] INFO  com.mouse.bet.window.MSportWindow - task polled by M_SPORT
2025-12-13 18:13:52.927 [BettingWindow-1] INFO  com.mouse.bet.window.MSportWindow - the polled task is null for M_SPORT
2025-12-13 18:13:53.575 [BettingWindow-1] INFO  com.mouse.bet.window.MSportWindow - 📊 Ready to poll task for betting | Bookmaker: M_SPORT
2025-12-13 18:13:53.575 [BettingWindow-1] INFO  com.mouse.bet.window.MSportWindow - task polled by M_SPORT
2025-12-13 18:13:53.575 [BettingWindow-1] INFO  com.mouse.bet.window.MSportWindow - the polled task is null for M_SPORT
2025-12-13 18:13:54.275 [BettingWindow-1] INFO  com.mouse.bet.window.MSportWindow - 📊 Ready to poll task for betting | Bookmaker: M_SPORT
2025-12-13 18:13:54.276 [BettingWindow-1] INFO  com.mouse.bet.window.MSportWindow - task polled by M_SPORT
2025-12-13 18:13:54.276 [BettingWindow-1] INFO  com.mouse.bet.window.MSportWindow - the polled task is null for M_SPORT
2025-12-13 18:13:55.021 [BettingWindow-1] INFO  com.mouse.bet.window.MSportWindow - 📊 Ready to poll task for betting | Bookmaker: M_SPORT
2025-12-13 18:13:55.021 [BettingWindow-1] INFO  com.mouse.bet.window.MSportWindow - task polled by M_SPORT
2025-12-13 18:13:55.021 [BettingWindow-1] INFO  com.mouse.bet.window.MSportWindow - the polled task is null for M_SPORT
2025-12-13 18:13:55.684 [BettingWindow-1] INFO  com.mouse.bet.window.MSportWindow - 📊 Ready to poll task for betting | Bookmaker: M_SPORT
2025-12-13 18:13:55.684 [BettingWindow-1] INFO  com.mouse.bet.window.MSportWindow - task polled by M_SPORT
2025-12-13 18:13:55.684 [BettingWindow-1] INFO  com.mouse.bet.window.MSportWindow - the polled task is null for M_SPORT
2025-12-13 18:13:56.466 [BettingWindow-1] INFO  com.mouse.bet.window.MSportWindow - 📊 Ready to poll task for betting | Bookmaker: M_SPORT
2025-12-13 18:13:56.466 [BettingWindow-1] INFO  com.mouse.bet.window.MSportWindow - task polled by M_SPORT
2025-12-13 18:13:56.466 [BettingWindow-1] INFO  com.mouse.bet.window.MSportWindow - the polled task is null for M_SPORT
2025-12-13 18:13:57.052 [BettingWindow-1] INFO  com.mouse.bet.window.MSportWindow - 📊 Ready to poll task for betting | Bookmaker: M_SPORT
2025-12-13 18:13:57.053 [BettingWindow-1] INFO  com.mouse.bet.window.MSportWindow - task polled by M_SPORT
2025-12-13 18:13:57.054 [BettingWindow-1] INFO  com.mouse.bet.window.MSportWindow - the polled task is null for M_SPORT
2025-12-13 18:13:57.988 [BettingWindow-1] INFO  com.mouse.bet.window.MSportWindow - 📊 Ready to poll task for betting | Bookmaker: M_SPORT
2025-12-13 18:13:57.988 [BettingWindow-1] INFO  com.mouse.bet.window.MSportWindow - task polled by M_SPORT
2025-12-13 18:13:57.988 [BettingWindow-1] INFO  com.mouse.bet.window.MSportWindow - the polled task is null for M_SPORT
2025-12-13 18:13:58.641 [BettingWindow-1] INFO  com.mouse.bet.window.MSportWindow - 📊 Ready to poll task for betting | Bookmaker: M_SPORT
2025-12-13 18:13:58.641 [BettingWindow-1] INFO  com.mouse.bet.window.MSportWindow - task polled by M_SPORT
2025-12-13 18:13:58.641 [BettingWindow-1] INFO  com.mouse.bet.window.MSportWindow - the polled task is null for M_SPORT
2025-12-13 18:13:59.627 [BettingWindow-1] INFO  com.mouse.bet.window.MSportWindow - 📊 Ready to poll task for betting | Bookmaker: M_SPORT
2025-12-13 18:13:59.627 [BettingWindow-1] INFO  com.mouse.bet.window.MSportWindow - task polled by M_SPORT
2025-12-13 18:13:59.627 [BettingWindow-1] INFO  com.mouse.bet.window.MSportWindow - the polled task is null for M_SPORT
2025-12-13 18:14:00.497 [BettingWindow-1] INFO  com.mouse.bet.window.MSportWindow - 📊 Ready to poll task for betting | Bookmaker: M_SPORT
2025-12-13 18:14:00.497 [BettingWindow-1] INFO  com.mouse.bet.window.MSportWindow - task polled by M_SPORT
2025-12-13 18:14:00.497 [BettingWindow-1] INFO  com.mouse.bet.window.MSportWindow - the polled task is null for M_SPORT
2025-12-13 18:14:01.149 [BettingWindow-1] INFO  com.mouse.bet.window.MSportWindow - 📊 Ready to poll task for betting | Bookmaker: M_SPORT
2025-12-13 18:14:01.149 [BettingWindow-1] INFO  com.mouse.bet.window.MSportWindow - task polled by M_SPORT
2025-12-13 18:14:01.149 [BettingWindow-1] INFO  com.mouse.bet.window.MSportWindow - the polled task is null for M_SPORT
2025-12-13 18:14:01.844 [BettingWindow-1] INFO  com.mouse.bet.window.MSportWindow - 📊 Ready to poll task for betting | Bookmaker: M_SPORT
2025-12-13 18:14:01.844 [BettingWindow-1] INFO  com.mouse.bet.window.MSportWindow - task polled by M_SPORT
2025-12-13 18:14:01.844 [BettingWindow-1] INFO  com.mouse.bet.window.MSportWindow - the polled task is null for M_SPORT
2025-12-13 18:14:02.808 [BettingWindow-1] INFO  com.mouse.bet.window.MSportWindow - 📊 Ready to poll task for betting | Bookmaker: M_SPORT
2025-12-13 18:14:02.808 [BettingWindow-1] INFO  com.mouse.bet.window.MSportWindow - task polled by M_SPORT
2025-12-13 18:14:02.808 [BettingWindow-1] INFO  com.mouse.bet.window.MSportWindow - the polled task is null for M_SPORT
2025-12-13 18:14:03.371 [BettingWindow-1] INFO  com.mouse.bet.window.MSportWindow - 📊 Ready to poll task for betting | Bookmaker: M_SPORT
2025-12-13 18:14:03.371 [BettingWindow-1] INFO  com.mouse.bet.window.MSportWindow - task polled by M_SPORT
2025-12-13 18:14:03.371 [BettingWindow-1] INFO  com.mouse.bet.window.MSportWindow - the polled task is null for M_SPORT
2025-12-13 18:14:03.883 [BettingWindow-1] INFO  com.mouse.bet.window.MSportWindow - 📊 Ready to poll task for betting | Bookmaker: M_SPORT
2025-12-13 18:14:03.883 [BettingWindow-1] INFO  com.mouse.bet.window.MSportWindow - task polled by M_SPORT
2025-12-13 18:14:03.883 [BettingWindow-1] INFO  com.mouse.bet.window.MSportWindow - the polled task is null for M_SPORT
2025-12-13 18:14:04.773 [BettingWindow-1] INFO  com.mouse.bet.window.MSportWindow - 📊 Ready to poll task for betting | Bookmaker: M_SPORT
2025-12-13 18:14:04.773 [BettingWindow-1] INFO  com.mouse.bet.window.MSportWindow - task polled by M_SPORT
2025-12-13 18:14:04.773 [BettingWindow-1] INFO  com.mouse.bet.window.MSportWindow - the polled task is null for M_SPORT
2025-12-13 18:14:05.545 [BettingWindow-1] INFO  com.mouse.bet.window.MSportWindow - 📊 Ready to poll task for betting | Bookmaker: M_SPORT
2025-12-13 18:14:05.545 [BettingWindow-1] INFO  com.mouse.bet.window.MSportWindow - task polled by M_SPORT
2025-12-13 18:14:05.545 [BettingWindow-1] INFO  com.mouse.bet.window.MSportWindow - the polled task is null for M_SPORT
2025-12-13 18:14:06.502 [BettingWindow-1] INFO  com.mouse.bet.window.MSportWindow - 📊 Ready to poll task for betting | Bookmaker: M_SPORT
2025-12-13 18:14:06.502 [BettingWindow-1] INFO  com.mouse.bet.window.MSportWindow - task polled by M_SPORT
2025-12-13 18:14:06.502 [BettingWindow-1] INFO  com.mouse.bet.window.MSportWindow - the polled task is null for M_SPORT
2025-12-13 18:14:07.327 [BettingWindow-1] INFO  com.mouse.bet.window.MSportWindow - 📊 Ready to poll task for betting | Bookmaker: M_SPORT
2025-12-13 18:14:07.327 [BettingWindow-1] INFO  com.mouse.bet.window.MSportWindow - task polled by M_SPORT
2025-12-13 18:14:07.327 [BettingWindow-1] INFO  com.mouse.bet.window.MSportWindow - the polled task is null for M_SPORT
2025-12-13 18:14:08.161 [BettingWindow-1] INFO  com.mouse.bet.window.MSportWindow - 📊 Ready to poll task for betting | Bookmaker: M_SPORT
2025-12-13 18:14:08.161 [BettingWindow-1] INFO  com.mouse.bet.window.MSportWindow - task polled by M_SPORT
2025-12-13 18:14:08.161 [BettingWindow-1] INFO  com.mouse.bet.window.MSportWindow - the polled task is null for M_SPORT
2025-12-13 18:14:09.012 [BettingWindow-1] INFO  com.mouse.bet.window.MSportWindow - 📊 Ready to poll task for betting | Bookmaker: M_SPORT
2025-12-13 18:14:09.012 [BettingWindow-1] INFO  com.mouse.bet.window.MSportWindow - task polled by M_SPORT
2025-12-13 18:14:09.012 [BettingWindow-1] INFO  com.mouse.bet.window.MSportWindow - the polled task is null for M_SPORT
2025-12-13 18:14:09.676 [BettingWindow-1] INFO  com.mouse.bet.window.MSportWindow - 📊 Ready to poll task for betting | Bookmaker: M_SPORT
2025-12-13 18:14:09.676 [BettingWindow-1] INFO  com.mouse.bet.window.MSportWindow - task polled by M_SPORT
2025-12-13 18:14:09.676 [BettingWindow-1] INFO  com.mouse.bet.window.MSportWindow - the polled task is null for M_SPORT
2025-12-13 18:14:10.625 [BettingWindow-1] INFO  com.mouse.bet.window.MSportWindow - 📊 Ready to poll task for betting | Bookmaker: M_SPORT
2025-12-13 18:14:10.625 [BettingWindow-1] INFO  com.mouse.bet.window.MSportWindow - task polled by M_SPORT
2025-12-13 18:14:10.625 [BettingWindow-1] INFO  com.mouse.bet.window.MSportWindow - the polled task is null for M_SPORT
2025-12-13 18:14:11.285 [BettingWindow-1] INFO  com.mouse.bet.window.MSportWindow - 📊 Ready to poll task for betting | Bookmaker: M_SPORT
2025-12-13 18:14:11.285 [BettingWindow-1] INFO  com.mouse.bet.window.MSportWindow - task polled by M_SPORT
2025-12-13 18:14:11.285 [BettingWindow-1] INFO  com.mouse.bet.window.MSportWindow - the polled task is null for M_SPORT
2025-12-13 18:14:11.837 [BettingWindow-1] INFO  com.mouse.bet.window.MSportWindow - 📊 Ready to poll task for betting | Bookmaker: M_SPORT
2025-12-13 18:14:11.837 [BettingWindow-1] INFO  com.mouse.bet.window.MSportWindow - task polled by M_SPORT
2025-12-13 18:14:11.837 [BettingWindow-1] INFO  com.mouse.bet.window.MSportWindow - the polled task is null for M_SPORT
2025-12-13 18:14:12.476 [BettingWindow-1] INFO  com.mouse.bet.window.MSportWindow - 📊 Ready to poll task for betting | Bookmaker: M_SPORT
2025-12-13 18:14:12.476 [BettingWindow-1] INFO  com.mouse.bet.window.MSportWindow - task polled by M_SPORT
2025-12-13 18:14:12.476 [BettingWindow-1] INFO  com.mouse.bet.window.MSportWindow - the polled task is null for M_SPORT
2025-12-13 18:14:13.113 [BettingWindow-1] INFO  com.mouse.bet.window.MSportWindow - 📊 Ready to poll task for betting | Bookmaker: M_SPORT
2025-12-13 18:14:13.113 [BettingWindow-1] INFO  com.mouse.bet.window.MSportWindow - task polled by M_SPORT
2025-12-13 18:14:13.113 [BettingWindow-1] INFO  com.mouse.bet.window.MSportWindow - the polled task is null for M_SPORT
2025-12-13 18:14:13.671 [BettingWindow-1] INFO  com.mouse.bet.window.MSportWindow - 📊 Ready to poll task for betting | Bookmaker: M_SPORT
2025-12-13 18:14:13.671 [BettingWindow-1] INFO  com.mouse.bet.window.MSportWindow - task polled by M_SPORT
2025-12-13 18:14:13.671 [BettingWindow-1] INFO  com.mouse.bet.window.MSportWindow - the polled task is null for M_SPORT
2025-12-13 18:14:14.323 [BettingWindow-1] INFO  com.mouse.bet.window.MSportWindow - 📊 Ready to poll task for betting | Bookmaker: M_SPORT
2025-12-13 18:14:14.323 [BettingWindow-1] INFO  com.mouse.bet.window.MSportWindow - task polled by M_SPORT
2025-12-13 18:14:14.323 [BettingWindow-1] INFO  com.mouse.bet.window.MSportWindow - the polled task is null for M_SPORT
2025-12-13 18:14:15.173 [BettingWindow-1] INFO  com.mouse.bet.window.MSportWindow - 📊 Ready to poll task for betting | Bookmaker: M_SPORT
2025-12-13 18:14:15.173 [BettingWindow-1] INFO  com.mouse.bet.window.MSportWindow - task polled by M_SPORT
2025-12-13 18:14:15.173 [BettingWindow-1] INFO  com.mouse.bet.window.MSportWindow - the polled task is null for M_SPORT
2025-12-13 18:14:16.137 [BettingWindow-1] INFO  com.mouse.bet.window.MSportWindow - 📊 Ready to poll task for betting | Bookmaker: M_SPORT
2025-12-13 18:14:16.137 [BettingWindow-1] INFO  com.mouse.bet.window.MSportWindow - task polled by M_SPORT
2025-12-13 18:14:16.137 [BettingWindow-1] INFO  com.mouse.bet.window.MSportWindow - the polled task is null for M_SPORT
2025-12-13 18:14:16.700 [BettingWindow-1] INFO  com.mouse.bet.window.MSportWindow - 📊 Ready to poll task for betting | Bookmaker: M_SPORT
2025-12-13 18:14:16.700 [BettingWindow-1] INFO  com.mouse.bet.window.MSportWindow - task polled by M_SPORT
2025-12-13 18:14:16.700 [BettingWindow-1] INFO  com.mouse.bet.window.MSportWindow - the polled task is null for M_SPORT
2025-12-13 18:14:17.540 [BettingWindow-1] INFO  com.mouse.bet.window.MSportWindow - 📊 Ready to poll task for betting | Bookmaker: M_SPORT
2025-12-13 18:14:17.540 [BettingWindow-1] INFO  com.mouse.bet.window.MSportWindow - task polled by M_SPORT
2025-12-13 18:14:17.540 [BettingWindow-1] INFO  com.mouse.bet.window.MSportWindow - the polled task is null for M_SPORT
2025-12-13 18:14:18.109 [BettingWindow-1] INFO  com.mouse.bet.window.MSportWindow - 📊 Ready to poll task for betting | Bookmaker: M_SPORT
2025-12-13 18:14:18.109 [BettingWindow-1] INFO  com.mouse.bet.window.MSportWindow - task polled by M_SPORT
2025-12-13 18:14:18.109 [BettingWindow-1] INFO  com.mouse.bet.window.MSportWindow - the polled task is null for M_SPORT
2025-12-13 18:14:18.994 [BettingWindow-1] INFO  com.mouse.bet.window.MSportWindow - 📊 Ready to poll task for betting | Bookmaker: M_SPORT
2025-12-13 18:14:18.994 [BettingWindow-1] INFO  com.mouse.bet.window.MSportWindow - task polled by M_SPORT
2025-12-13 18:14:18.994 [BettingWindow-1] INFO  com.mouse.bet.window.MSportWindow - the polled task is null for M_SPORT
2025-12-13 18:14:19.866 [BettingWindow-1] INFO  com.mouse.bet.window.MSportWindow - 📊 Ready to poll task for betting | Bookmaker: M_SPORT
2025-12-13 18:14:19.866 [BettingWindow-1] INFO  com.mouse.bet.window.MSportWindow - task polled by M_SPORT
2025-12-13 18:14:19.866 [BettingWindow-1] INFO  com.mouse.bet.window.MSportWindow - the polled task is null for M_SPORT
2025-12-13 18:14:20.479 [BettingWindow-1] INFO  com.mouse.bet.window.MSportWindow - 📊 Ready to poll task for betting | Bookmaker: M_SPORT
2025-12-13 18:14:20.479 [BettingWindow-1] INFO  com.mouse.bet.window.MSportWindow - task polled by M_SPORT
2025-12-13 18:14:20.479 [BettingWindow-1] INFO  com.mouse.bet.window.MSportWindow - the polled task is null for M_SPORT
2025-12-13 18:14:21.026 [BettingWindow-1] INFO  com.mouse.bet.window.MSportWindow - 📊 Ready to poll task for betting | Bookmaker: M_SPORT
2025-12-13 18:14:21.026 [BettingWindow-1] INFO  com.mouse.bet.window.MSportWindow - task polled by M_SPORT
2025-12-13 18:14:21.026 [BettingWindow-1] INFO  com.mouse.bet.window.MSportWindow - the polled task is null for M_SPORT
2025-12-13 18:14:21.629 [BettingWindow-1] INFO  com.mouse.bet.window.MSportWindow - 📊 Ready to poll task for betting | Bookmaker: M_SPORT
2025-12-13 18:14:21.629 [BettingWindow-1] INFO  com.mouse.bet.window.MSportWindow - task polled by M_SPORT
2025-12-13 18:14:21.629 [BettingWindow-1] INFO  com.mouse.bet.window.MSportWindow - the polled task is null for M_SPORT
2025-12-13 18:14:22.213 [BettingWindow-1] INFO  com.mouse.bet.window.MSportWindow - 📊 Ready to poll task for betting | Bookmaker: M_SPORT
2025-12-13 18:14:22.213 [BettingWindow-1] INFO  com.mouse.bet.window.MSportWindow - task polled by M_SPORT
2025-12-13 18:14:22.213 [BettingWindow-1] INFO  com.mouse.bet.window.MSportWindow - the polled task is null for M_SPORT
2025-12-13 18:14:22.729 [BettingWindow-1] INFO  com.mouse.bet.window.MSportWindow - 📊 Ready to poll task for betting | Bookmaker: M_SPORT
2025-12-13 18:14:22.729 [BettingWindow-1] INFO  com.mouse.bet.window.MSportWindow - task polled by M_SPORT
2025-12-13 18:14:22.729 [BettingWindow-1] INFO  com.mouse.bet.window.MSportWindow - the polled task is null for M_SPORT
2025-12-13 18:14:23.550 [BettingWindow-1] INFO  com.mouse.bet.window.MSportWindow - 📊 Ready to poll task for betting | Bookmaker: M_SPORT
2025-12-13 18:14:23.550 [BettingWindow-1] INFO  com.mouse.bet.window.MSportWindow - task polled by M_SPORT
2025-12-13 18:14:23.550 [BettingWindow-1] INFO  com.mouse.bet.window.MSportWindow - the polled task is null for M_SPORT
2025-12-13 18:14:24.360 [BettingWindow-1] INFO  com.mouse.bet.window.MSportWindow - 📊 Ready to poll task for betting | Bookmaker: M_SPORT
2025-12-13 18:14:24.360 [BettingWindow-1] INFO  com.mouse.bet.window.MSportWindow - task polled by M_SPORT
2025-12-13 18:14:24.360 [BettingWindow-1] INFO  com.mouse.bet.window.MSportWindow - the polled task is null for M_SPORT
2025-12-13 18:14:25.050 [BettingWindow-1] INFO  com.mouse.bet.window.MSportWindow - 📊 Ready to poll task for betting | Bookmaker: M_SPORT
2025-12-13 18:14:25.050 [BettingWindow-1] INFO  com.mouse.bet.window.MSportWindow - task polled by M_SPORT
2025-12-13 18:14:25.050 [BettingWindow-1] INFO  com.mouse.bet.window.MSportWindow - the polled task is null for M_SPORT
2025-12-13 18:14:25.761 [BettingWindow-1] INFO  com.mouse.bet.window.MSportWindow - 📊 Ready to poll task for betting | Bookmaker: M_SPORT
2025-12-13 18:14:25.761 [BettingWindow-1] INFO  com.mouse.bet.window.MSportWindow - task polled by M_SPORT
2025-12-13 18:14:25.761 [BettingWindow-1] INFO  com.mouse.bet.window.MSportWindow - the polled task is null for M_SPORT
2025-12-13 18:14:26.671 [BettingWindow-1] INFO  com.mouse.bet.window.MSportWindow - 📊 Ready to poll task for betting | Bookmaker: M_SPORT
2025-12-13 18:14:26.671 [BettingWindow-1] INFO  com.mouse.bet.window.MSportWindow - task polled by M_SPORT
2025-12-13 18:14:26.671 [BettingWindow-1] INFO  com.mouse.bet.window.MSportWindow - the polled task is null for M_SPORT
2025-12-13 18:14:27.365 [BettingWindow-1] INFO  com.mouse.bet.window.MSportWindow - 📊 Ready to poll task for betting | Bookmaker: M_SPORT
2025-12-13 18:14:27.365 [BettingWindow-1] INFO  com.mouse.bet.window.MSportWindow - task polled by M_SPORT
2025-12-13 18:14:27.365 [BettingWindow-1] INFO  com.mouse.bet.window.MSportWindow - the polled task is null for M_SPORT
2025-12-13 18:14:27.928 [BettingWindow-1] INFO  com.mouse.bet.window.MSportWindow - 📊 Ready to poll task for betting | Bookmaker: M_SPORT
2025-12-13 18:14:27.928 [BettingWindow-1] INFO  com.mouse.bet.window.MSportWindow - task polled by M_SPORT
2025-12-13 18:14:27.928 [BettingWindow-1] INFO  com.mouse.bet.window.MSportWindow - the polled task is null for M_SPORT
2025-12-13 18:14:28.751 [BettingWindow-1] INFO  com.mouse.bet.window.MSportWindow - 📊 Ready to poll task for betting | Bookmaker: M_SPORT
2025-12-13 18:14:28.751 [BettingWindow-1] INFO  com.mouse.bet.window.MSportWindow - task polled by M_SPORT
2025-12-13 18:14:28.751 [BettingWindow-1] INFO  com.mouse.bet.window.MSportWindow - the polled task is null for M_SPORT
2025-12-13 18:14:29.587 [BettingWindow-1] INFO  com.mouse.bet.window.MSportWindow - 📊 Ready to poll task for betting | Bookmaker: M_SPORT
2025-12-13 18:14:29.587 [BettingWindow-1] INFO  com.mouse.bet.window.MSportWindow - task polled by M_SPORT
2025-12-13 18:14:29.587 [BettingWindow-1] INFO  com.mouse.bet.window.MSportWindow - the polled task is null for M_SPORT
2025-12-13 18:14:30.371 [BettingWindow-1] INFO  com.mouse.bet.window.MSportWindow - 📊 Ready to poll task for betting | Bookmaker: M_SPORT
2025-12-13 18:14:30.371 [BettingWindow-1] INFO  com.mouse.bet.window.MSportWindow - task polled by M_SPORT
2025-12-13 18:14:30.371 [BettingWindow-1] INFO  com.mouse.bet.window.MSportWindow - the polled task is null for M_SPORT
2025-12-13 18:14:31.090 [BettingWindow-1] INFO  com.mouse.bet.window.MSportWindow - 📊 Ready to poll task for betting | Bookmaker: M_SPORT
2025-12-13 18:14:31.090 [BettingWindow-1] INFO  com.mouse.bet.window.MSportWindow - task polled by M_SPORT
2025-12-13 18:14:31.090 [BettingWindow-1] INFO  com.mouse.bet.window.MSportWindow - the polled task is null for M_SPORT
2025-12-13 18:14:31.955 [BettingWindow-1] INFO  com.mouse.bet.window.MSportWindow - 📊 Ready to poll task for betting | Bookmaker: M_SPORT
2025-12-13 18:14:31.955 [BettingWindow-1] INFO  com.mouse.bet.window.MSportWindow - task polled by M_SPORT
2025-12-13 18:14:31.955 [BettingWindow-1] INFO  com.mouse.bet.window.MSportWindow - the polled task is null for M_SPORT
2025-12-13 18:14:32.575 [BettingWindow-1] INFO  com.mouse.bet.window.MSportWindow - 📊 Ready to poll task for betting | Bookmaker: M_SPORT
2025-12-13 18:14:32.575 [BettingWindow-1] INFO  com.mouse.bet.window.MSportWindow - task polled by M_SPORT
2025-12-13 18:14:32.575 [BettingWindow-1] INFO  com.mouse.bet.window.MSportWindow - the polled task is null for M_SPORT
2025-12-13 18:14:33.248 [BettingWindow-1] INFO  com.mouse.bet.window.MSportWindow - 📊 Ready to poll task for betting | Bookmaker: M_SPORT
2025-12-13 18:14:33.248 [BettingWindow-1] INFO  com.mouse.bet.window.MSportWindow - task polled by M_SPORT
2025-12-13 18:14:33.248 [BettingWindow-1] INFO  com.mouse.bet.window.MSportWindow - the polled task is null for M_SPORT
2025-12-13 18:14:33.861 [BettingWindow-1] INFO  com.mouse.bet.window.MSportWindow - 📊 Ready to poll task for betting | Bookmaker: M_SPORT
2025-12-13 18:14:33.861 [BettingWindow-1] INFO  com.mouse.bet.window.MSportWindow - task polled by M_SPORT
2025-12-13 18:14:33.861 [BettingWindow-1] INFO  com.mouse.bet.window.MSportWindow - the polled task is null for M_SPORT
2025-12-13 18:14:34.606 [BettingWindow-1] INFO  com.mouse.bet.window.MSportWindow - 📊 Ready to poll task for betting | Bookmaker: M_SPORT
2025-12-13 18:14:34.606 [BettingWindow-1] INFO  com.mouse.bet.window.MSportWindow - task polled by M_SPORT
2025-12-13 18:14:34.606 [BettingWindow-1] INFO  com.mouse.bet.window.MSportWindow - the polled task is null for M_SPORT
2025-12-13 18:14:35.574 [BettingWindow-1] INFO  com.mouse.bet.window.MSportWindow - 📊 Ready to poll task for betting | Bookmaker: M_SPORT
2025-12-13 18:14:35.574 [BettingWindow-1] INFO  com.mouse.bet.window.MSportWindow - task polled by M_SPORT
2025-12-13 18:14:35.574 [BettingWindow-1] INFO  com.mouse.bet.window.MSportWindow - the polled task is null for M_SPORT
2025-12-13 18:14:36.093 [BettingWindow-1] INFO  com.mouse.bet.window.MSportWindow - 📊 Ready to poll task for betting | Bookmaker: M_SPORT
2025-12-13 18:14:36.093 [BettingWindow-1] INFO  com.mouse.bet.window.MSportWindow - task polled by M_SPORT
2025-12-13 18:14:36.093 [BettingWindow-1] INFO  com.mouse.bet.window.MSportWindow - the polled task is null for M_SPORT
2025-12-13 18:14:37.061 [BettingWindow-1] INFO  com.mouse.bet.window.MSportWindow - 📊 Ready to poll task for betting | Bookmaker: M_SPORT
2025-12-13 18:14:37.061 [BettingWindow-1] INFO  com.mouse.bet.window.MSportWindow - task polled by M_SPORT
2025-12-13 18:14:37.061 [BettingWindow-1] INFO  com.mouse.bet.window.MSportWindow - the polled task is null for M_SPORT
2025-12-13 18:14:37.612 [BettingWindow-1] INFO  com.mouse.bet.window.MSportWindow - 📊 Ready to poll task for betting | Bookmaker: M_SPORT
2025-12-13 18:14:37.612 [BettingWindow-1] INFO  com.mouse.bet.window.MSportWindow - task polled by M_SPORT
2025-12-13 18:14:37.612 [BettingWindow-1] INFO  com.mouse.bet.window.MSportWindow - the polled task is null for M_SPORT
2025-12-13 18:14:38.392 [BettingWindow-1] INFO  com.mouse.bet.window.MSportWindow - 📊 Ready to poll task for betting | Bookmaker: M_SPORT
2025-12-13 18:14:38.392 [BettingWindow-1] INFO  com.mouse.bet.window.MSportWindow - task polled by M_SPORT
2025-12-13 18:14:38.392 [BettingWindow-1] INFO  com.mouse.bet.window.MSportWindow - the polled task is null for M_SPORT
2025-12-13 18:14:39.323 [BettingWindow-1] INFO  com.mouse.bet.window.MSportWindow - 📊 Ready to poll task for betting | Bookmaker: M_SPORT
2025-12-13 18:14:39.323 [BettingWindow-1] INFO  com.mouse.bet.window.MSportWindow - task polled by M_SPORT
2025-12-13 18:14:39.323 [BettingWindow-1] INFO  com.mouse.bet.window.MSportWindow - the polled task is null for M_SPORT
2025-12-13 18:14:40.011 [BettingWindow-1] INFO  com.mouse.bet.window.MSportWindow - 📊 Ready to poll task for betting | Bookmaker: M_SPORT
2025-12-13 18:14:40.011 [BettingWindow-1] INFO  com.mouse.bet.window.MSportWindow - task polled by M_SPORT
2025-12-13 18:14:40.011 [BettingWindow-1] INFO  com.mouse.bet.window.MSportWindow - the polled task is null for M_SPORT
2025-12-13 18:14:40.621 [BettingWindow-1] INFO  com.mouse.bet.window.MSportWindow - 📊 Ready to poll task for betting | Bookmaker: M_SPORT
2025-12-13 18:14:40.621 [BettingWindow-1] INFO  com.mouse.bet.window.MSportWindow - task polled by M_SPORT
2025-12-13 18:14:40.621 [BettingWindow-1] INFO  com.mouse.bet.window.MSportWindow - the polled task is null for M_SPORT
2025-12-13 18:14:41.426 [BettingWindow-1] INFO  com.mouse.bet.window.MSportWindow - 📊 Ready to poll task for betting | Bookmaker: M_SPORT
2025-12-13 18:14:41.426 [BettingWindow-1] INFO  com.mouse.bet.window.MSportWindow - task polled by M_SPORT
2025-12-13 18:14:41.426 [BettingWindow-1] INFO  com.mouse.bet.window.MSportWindow - the polled task is null for M_SPORT
2025-12-13 18:14:42.178 [BettingWindow-1] INFO  com.mouse.bet.window.MSportWindow - 📊 Ready to poll task for betting | Bookmaker: M_SPORT
2025-12-13 18:14:42.178 [BettingWindow-1] INFO  com.mouse.bet.window.MSportWindow - task polled by M_SPORT
2025-12-13 18:14:42.178 [BettingWindow-1] INFO  com.mouse.bet.window.MSportWindow - the polled task is null for M_SPORT
2025-12-13 18:14:42.785 [BettingWindow-1] INFO  com.mouse.bet.window.MSportWindow - 📊 Ready to poll task for betting | Bookmaker: M_SPORT
2025-12-13 18:14:42.785 [BettingWindow-1] INFO  com.mouse.bet.window.MSportWindow - task polled by M_SPORT
2025-12-13 18:14:42.785 [BettingWindow-1] INFO  com.mouse.bet.window.MSportWindow - the polled task is null for M_SPORT
2025-12-13 18:14:43.587 [BettingWindow-1] INFO  com.mouse.bet.window.MSportWindow - 📊 Ready to poll task for betting | Bookmaker: M_SPORT
2025-12-13 18:14:43.587 [BettingWindow-1] INFO  com.mouse.bet.window.MSportWindow - task polled by M_SPORT
2025-12-13 18:14:43.587 [BettingWindow-1] INFO  com.mouse.bet.window.MSportWindow - the polled task is null for M_SPORT
2025-12-13 18:14:44.243 [BettingWindow-1] INFO  com.mouse.bet.window.MSportWindow - 📊 Ready to poll task for betting | Bookmaker: M_SPORT
2025-12-13 18:14:44.243 [BettingWindow-1] INFO  com.mouse.bet.window.MSportWindow - task polled by M_SPORT
2025-12-13 18:14:44.243 [BettingWindow-1] INFO  com.mouse.bet.window.MSportWindow - the polled task is null for M_SPORT
2025-12-13 18:14:44.848 [BettingWindow-1] INFO  com.mouse.bet.window.MSportWindow - 📊 Ready to poll task for betting | Bookmaker: M_SPORT
2025-12-13 18:14:44.848 [BettingWindow-1] INFO  com.mouse.bet.window.MSportWindow - task polled by M_SPORT
2025-12-13 18:14:44.848 [BettingWindow-1] INFO  com.mouse.bet.window.MSportWindow - the polled task is null for M_SPORT
2025-12-13 18:14:45.485 [BettingWindow-1] INFO  com.mouse.bet.window.MSportWindow - 📊 Ready to poll task for betting | Bookmaker: M_SPORT
2025-12-13 18:14:45.485 [BettingWindow-1] INFO  com.mouse.bet.window.MSportWindow - task polled by M_SPORT
2025-12-13 18:14:45.485 [BettingWindow-1] INFO  com.mouse.bet.window.MSportWindow - the polled task is null for M_SPORT
2025-12-13 18:14:46.056 [BettingWindow-1] INFO  com.mouse.bet.window.MSportWindow - 📊 Ready to poll task for betting | Bookmaker: M_SPORT
2025-12-13 18:14:46.056 [BettingWindow-1] INFO  com.mouse.bet.window.MSportWindow - task polled by M_SPORT
2025-12-13 18:14:46.056 [BettingWindow-1] INFO  com.mouse.bet.window.MSportWindow - the polled task is null for M_SPORT
2025-12-13 18:14:46.908 [BettingWindow-1] INFO  com.mouse.bet.window.MSportWindow - 📊 Ready to poll task for betting | Bookmaker: M_SPORT
2025-12-13 18:14:46.908 [BettingWindow-1] INFO  com.mouse.bet.window.MSportWindow - task polled by M_SPORT
2025-12-13 18:14:46.908 [BettingWindow-1] INFO  com.mouse.bet.window.MSportWindow - the polled task is null for M_SPORT
2025-12-13 18:14:47.724 [BettingWindow-1] INFO  com.mouse.bet.window.MSportWindow - 📊 Ready to poll task for betting | Bookmaker: M_SPORT
2025-12-13 18:14:47.724 [BettingWindow-1] INFO  com.mouse.bet.window.MSportWindow - task polled by M_SPORT
2025-12-13 18:14:47.724 [BettingWindow-1] INFO  com.mouse.bet.window.MSportWindow - the polled task is null for M_SPORT
2025-12-13 18:14:48.592 [BettingWindow-1] INFO  com.mouse.bet.window.MSportWindow - 📊 Ready to poll task for betting | Bookmaker: M_SPORT
2025-12-13 18:14:48.592 [BettingWindow-1] INFO  com.mouse.bet.window.MSportWindow - task polled by M_SPORT
2025-12-13 18:14:48.592 [BettingWindow-1] INFO  com.mouse.bet.window.MSportWindow - the polled task is null for M_SPORT
2025-12-13 18:14:49.295 [BettingWindow-1] INFO  com.mouse.bet.window.MSportWindow - 📊 Ready to poll task for betting | Bookmaker: M_SPORT
2025-12-13 18:14:49.295 [BettingWindow-1] INFO  com.mouse.bet.window.MSportWindow - task polled by M_SPORT
2025-12-13 18:14:49.295 [BettingWindow-1] INFO  com.mouse.bet.window.MSportWindow - the polled task is null for M_SPORT
2025-12-13 18:14:50.115 [BettingWindow-1] INFO  com.mouse.bet.window.MSportWindow - 📊 Ready to poll task for betting | Bookmaker: M_SPORT
2025-12-13 18:14:50.115 [BettingWindow-1] INFO  com.mouse.bet.window.MSportWindow - task polled by M_SPORT
2025-12-13 18:14:50.115 [BettingWindow-1] INFO  com.mouse.bet.window.MSportWindow - the polled task is null for M_SPORT
2025-12-13 18:14:50.724 [BettingWindow-1] INFO  com.mouse.bet.window.MSportWindow - 📊 Ready to poll task for betting | Bookmaker: M_SPORT
2025-12-13 18:14:50.724 [BettingWindow-1] INFO  com.mouse.bet.window.MSportWindow - task polled by M_SPORT
2025-12-13 18:14:50.724 [BettingWindow-1] INFO  com.mouse.bet.window.MSportWindow - the polled task is null for M_SPORT
2025-12-13 18:14:51.629 [BettingWindow-1] INFO  com.mouse.bet.window.MSportWindow - 📊 Ready to poll task for betting | Bookmaker: M_SPORT
2025-12-13 18:14:51.629 [BettingWindow-1] INFO  com.mouse.bet.window.MSportWindow - task polled by M_SPORT
2025-12-13 18:14:51.629 [BettingWindow-1] INFO  com.mouse.bet.window.MSportWindow - the polled task is null for M_SPORT
2025-12-13 18:14:52.409 [BettingWindow-1] INFO  com.mouse.bet.window.MSportWindow - 📊 Ready to poll task for betting | Bookmaker: M_SPORT
2025-12-13 18:14:52.409 [BettingWindow-1] INFO  com.mouse.bet.window.MSportWindow - task polled by M_SPORT
2025-12-13 18:14:52.409 [BettingWindow-1] INFO  com.mouse.bet.window.MSportWindow - the polled task is null for M_SPORT
2025-12-13 18:14:52.965 [BettingWindow-1] INFO  com.mouse.bet.window.MSportWindow - 📊 Ready to poll task for betting | Bookmaker: M_SPORT
2025-12-13 18:14:52.965 [BettingWindow-1] INFO  com.mouse.bet.window.MSportWindow - task polled by M_SPORT
2025-12-13 18:14:52.965 [BettingWindow-1] INFO  com.mouse.bet.window.MSportWindow - the polled task is null for M_SPORT
2025-12-13 18:14:53.598 [BettingWindow-1] INFO  com.mouse.bet.window.MSportWindow - 📊 Ready to poll task for betting | Bookmaker: M_SPORT
2025-12-13 18:14:53.598 [BettingWindow-1] INFO  com.mouse.bet.window.MSportWindow - task polled by M_SPORT
2025-12-13 18:14:53.598 [BettingWindow-1] INFO  com.mouse.bet.window.MSportWindow - the polled task is null for M_SPORT
2025-12-13 18:14:54.572 [BettingWindow-1] INFO  com.mouse.bet.window.MSportWindow - 📊 Ready to poll task for betting | Bookmaker: M_SPORT
2025-12-13 18:14:54.572 [BettingWindow-1] INFO  com.mouse.bet.window.MSportWindow - task polled by M_SPORT
2025-12-13 18:14:54.572 [BettingWindow-1] INFO  com.mouse.bet.window.MSportWindow - the polled task is null for M_SPORT
2025-12-13 18:14:55.557 [BettingWindow-1] INFO  com.mouse.bet.window.MSportWindow - 📊 Ready to poll task for betting | Bookmaker: M_SPORT
2025-12-13 18:14:55.557 [BettingWindow-1] INFO  com.mouse.bet.window.MSportWindow - task polled by M_SPORT
2025-12-13 18:14:55.557 [BettingWindow-1] INFO  com.mouse.bet.window.MSportWindow - the polled task is null for M_SPORT
2025-12-13 18:14:56.506 [BettingWindow-1] INFO  com.mouse.bet.window.MSportWindow - 📊 Ready to poll task for betting | Bookmaker: M_SPORT
2025-12-13 18:14:56.506 [BettingWindow-1] INFO  com.mouse.bet.window.MSportWindow - task polled by M_SPORT
2025-12-13 18:14:56.506 [BettingWindow-1] INFO  com.mouse.bet.window.MSportWindow - the polled task is null for M_SPORT
2025-12-13 18:14:57.225 [BettingWindow-1] INFO  com.mouse.bet.window.MSportWindow - 📊 Ready to poll task for betting | Bookmaker: M_SPORT
2025-12-13 18:14:57.225 [BettingWindow-1] INFO  com.mouse.bet.window.MSportWindow - task polled by M_SPORT
2025-12-13 18:14:57.225 [BettingWindow-1] INFO  com.mouse.bet.window.MSportWindow - the polled task is null for M_SPORT
2025-12-13 18:14:57.739 [BettingWindow-1] INFO  com.mouse.bet.window.MSportWindow - 📊 Ready to poll task for betting | Bookmaker: M_SPORT
2025-12-13 18:14:57.739 [BettingWindow-1] INFO  com.mouse.bet.window.MSportWindow - task polled by M_SPORT
2025-12-13 18:14:57.739 [BettingWindow-1] INFO  com.mouse.bet.window.MSportWindow - the polled task is null for M_SPORT
2025-12-13 18:14:58.553 [BettingWindow-1] INFO  com.mouse.bet.window.MSportWindow - 📊 Ready to poll task for betting | Bookmaker: M_SPORT
2025-12-13 18:14:58.553 [BettingWindow-1] INFO  com.mouse.bet.window.MSportWindow - task polled by M_SPORT
2025-12-13 18:14:58.553 [BettingWindow-1] INFO  com.mouse.bet.window.MSportWindow - the polled task is null for M_SPORT
2025-12-13 18:14:59.121 [BettingWindow-1] INFO  com.mouse.bet.window.MSportWindow - 📊 Ready to poll task for betting | Bookmaker: M_SPORT
2025-12-13 18:14:59.121 [BettingWindow-1] INFO  com.mouse.bet.window.MSportWindow - task polled by M_SPORT
2025-12-13 18:14:59.121 [BettingWindow-1] INFO  com.mouse.bet.window.MSportWindow - the polled task is null for M_SPORT
2025-12-13 18:14:59.836 [BettingWindow-1] INFO  com.mouse.bet.window.MSportWindow - 📊 Ready to poll task for betting | Bookmaker: M_SPORT
2025-12-13 18:14:59.836 [BettingWindow-1] INFO  com.mouse.bet.window.MSportWindow - task polled by M_SPORT
2025-12-13 18:14:59.836 [BettingWindow-1] INFO  com.mouse.bet.window.MSportWindow - the polled task is null for M_SPORT
2025-12-13 18:15:00.733 [BettingWindow-1] INFO  com.mouse.bet.window.MSportWindow - 📊 Ready to poll task for betting | Bookmaker: M_SPORT
2025-12-13 18:15:00.733 [BettingWindow-1] INFO  com.mouse.bet.window.MSportWindow - task polled by M_SPORT
2025-12-13 18:15:00.733 [BettingWindow-1] INFO  com.mouse.bet.window.MSportWindow - the polled task is null for M_SPORT
2025-12-13 18:15:01.308 [BettingWindow-1] INFO  com.mouse.bet.window.MSportWindow - 📊 Ready to poll task for betting | Bookmaker: M_SPORT
2025-12-13 18:15:01.311 [BettingWindow-1] INFO  com.mouse.bet.window.MSportWindow - task polled by M_SPORT
2025-12-13 18:15:01.311 [BettingWindow-1] INFO  com.mouse.bet.window.MSportWindow - the polled task is null for M_SPORT
2025-12-13 18:15:02.161 [BettingWindow-1] INFO  com.mouse.bet.window.MSportWindow - 📊 Ready to poll task for betting | Bookmaker: M_SPORT
2025-12-13 18:15:02.161 [BettingWindow-1] INFO  com.mouse.bet.window.MSportWindow - task polled by M_SPORT
2025-12-13 18:15:02.161 [BettingWindow-1] INFO  com.mouse.bet.window.MSportWindow - the polled task is null for M_SPORT
2025-12-13 18:15:02.941 [BettingWindow-1] INFO  com.mouse.bet.window.MSportWindow - 📊 Ready to poll task for betting | Bookmaker: M_SPORT
2025-12-13 18:15:02.941 [BettingWindow-1] INFO  com.mouse.bet.window.MSportWindow - task polled by M_SPORT
2025-12-13 18:15:02.941 [BettingWindow-1] INFO  com.mouse.bet.window.MSportWindow - the polled task is null for M_SPORT
2025-12-13 18:15:03.547 [BettingWindow-1] INFO  com.mouse.bet.window.MSportWindow - 📊 Ready to poll task for betting | Bookmaker: M_SPORT
2025-12-13 18:15:03.547 [BettingWindow-1] INFO  com.mouse.bet.window.MSportWindow - task polled by M_SPORT
2025-12-13 18:15:03.547 [BettingWindow-1] INFO  com.mouse.bet.window.MSportWindow - the polled task is null for M_SPORT
2025-12-13 18:15:04.294 [BettingWindow-1] INFO  com.mouse.bet.window.MSportWindow - 📊 Ready to poll task for betting | Bookmaker: M_SPORT
2025-12-13 18:15:04.294 [BettingWindow-1] INFO  com.mouse.bet.window.MSportWindow - task polled by M_SPORT
2025-12-13 18:15:04.294 [BettingWindow-1] INFO  com.mouse.bet.window.MSportWindow - the polled task is null for M_SPORT
2025-12-13 18:15:05.124 [BettingWindow-1] INFO  com.mouse.bet.window.MSportWindow - 📊 Ready to poll task for betting | Bookmaker: M_SPORT
2025-12-13 18:15:05.124 [BettingWindow-1] INFO  com.mouse.bet.window.MSportWindow - task polled by M_SPORT
2025-12-13 18:15:05.124 [BettingWindow-1] INFO  com.mouse.bet.window.MSportWindow - the polled task is null for M_SPORT
2025-12-13 18:15:05.801 [BettingWindow-1] INFO  com.mouse.bet.window.MSportWindow - 📊 Ready to poll task for betting | Bookmaker: M_SPORT
2025-12-13 18:15:05.801 [BettingWindow-1] INFO  com.mouse.bet.window.MSportWindow - task polled by M_SPORT
2025-12-13 18:15:05.801 [BettingWindow-1] INFO  com.mouse.bet.window.MSportWindow - the polled task is null for M_SPORT
2025-12-13 18:15:06.633 [BettingWindow-1] INFO  com.mouse.bet.window.MSportWindow - 📊 Ready to poll task for betting | Bookmaker: M_SPORT
2025-12-13 18:15:06.633 [BettingWindow-1] INFO  com.mouse.bet.window.MSportWindow - task polled by M_SPORT
2025-12-13 18:15:06.633 [BettingWindow-1] INFO  com.mouse.bet.window.MSportWindow - the polled task is null for M_SPORT
2025-12-13 18:15:07.372 [BettingWindow-1] INFO  com.mouse.bet.window.MSportWindow - 📊 Ready to poll task for betting | Bookmaker: M_SPORT
2025-12-13 18:15:07.372 [BettingWindow-1] INFO  com.mouse.bet.window.MSportWindow - task polled by M_SPORT
2025-12-13 18:15:07.372 [BettingWindow-1] INFO  com.mouse.bet.window.MSportWindow - the polled task is null for M_SPORT
2025-12-13 18:15:08.034 [BettingWindow-1] INFO  com.mouse.bet.window.MSportWindow - 📊 Ready to poll task for betting | Bookmaker: M_SPORT
2025-12-13 18:15:08.034 [BettingWindow-1] INFO  com.mouse.bet.window.MSportWindow - task polled by M_SPORT
2025-12-13 18:15:08.034 [BettingWindow-1] INFO  com.mouse.bet.window.MSportWindow - the polled task is null for M_SPORT
2025-12-13 18:15:09.018 [BettingWindow-1] INFO  com.mouse.bet.window.MSportWindow - 📊 Ready to poll task for betting | Bookmaker: M_SPORT
2025-12-13 18:15:09.018 [BettingWindow-1] INFO  com.mouse.bet.window.MSportWindow - task polled by M_SPORT
2025-12-13 18:15:09.018 [BettingWindow-1] INFO  com.mouse.bet.window.MSportWindow - the polled task is null for M_SPORT
2025-12-13 18:15:09.865 [BettingWindow-1] INFO  com.mouse.bet.window.MSportWindow - 📊 Ready to poll task for betting | Bookmaker: M_SPORT
2025-12-13 18:15:09.865 [BettingWindow-1] INFO  com.mouse.bet.window.MSportWindow - task polled by M_SPORT
2025-12-13 18:15:09.865 [BettingWindow-1] INFO  com.mouse.bet.window.MSportWindow - the polled task is null for M_SPORT
2025-12-13 18:15:10.508 [BettingWindow-1] INFO  com.mouse.bet.window.MSportWindow - 📊 Ready to poll task for betting | Bookmaker: M_SPORT
2025-12-13 18:15:10.508 [BettingWindow-1] INFO  com.mouse.bet.window.MSportWindow - task polled by M_SPORT
2025-12-13 18:15:10.508 [BettingWindow-1] INFO  com.mouse.bet.window.MSportWindow - the polled task is null for M_SPORT
2025-12-13 18:15:11.217 [BettingWindow-1] INFO  com.mouse.bet.window.MSportWindow - 📊 Ready to poll task for betting | Bookmaker: M_SPORT
2025-12-13 18:15:11.217 [BettingWindow-1] INFO  com.mouse.bet.window.MSportWindow - task polled by M_SPORT
2025-12-13 18:15:11.217 [BettingWindow-1] INFO  com.mouse.bet.window.MSportWindow - the polled task is null for M_SPORT
2025-12-13 18:15:11.928 [BettingWindow-1] INFO  com.mouse.bet.window.MSportWindow - 📊 Ready to poll task for betting | Bookmaker: M_SPORT
2025-12-13 18:15:11.928 [BettingWindow-1] INFO  com.mouse.bet.window.MSportWindow - task polled by M_SPORT
2025-12-13 18:15:11.928 [BettingWindow-1] INFO  com.mouse.bet.window.MSportWindow - the polled task is null for M_SPORT
2025-12-13 18:15:12.915 [BettingWindow-1] INFO  com.mouse.bet.window.MSportWindow - 📊 Ready to poll task for betting | Bookmaker: M_SPORT
2025-12-13 18:15:12.915 [BettingWindow-1] INFO  com.mouse.bet.window.MSportWindow - task polled by M_SPORT
2025-12-13 18:15:12.915 [BettingWindow-1] INFO  com.mouse.bet.window.MSportWindow - the polled task is null for M_SPORT
2025-12-13 18:15:13.630 [BettingWindow-1] INFO  com.mouse.bet.window.MSportWindow - 📊 Ready to poll task for betting | Bookmaker: M_SPORT
2025-12-13 18:15:13.630 [BettingWindow-1] INFO  com.mouse.bet.window.MSportWindow - task polled by M_SPORT
2025-12-13 18:15:13.630 [BettingWindow-1] INFO  com.mouse.bet.window.MSportWindow - the polled task is null for M_SPORT
2025-12-13 18:15:14.537 [BettingWindow-1] INFO  com.mouse.bet.window.MSportWindow - 📊 Ready to poll task for betting | Bookmaker: M_SPORT
2025-12-13 18:15:14.537 [BettingWindow-1] INFO  com.mouse.bet.window.MSportWindow - task polled by M_SPORT
2025-12-13 18:15:14.537 [BettingWindow-1] INFO  com.mouse.bet.window.MSportWindow - the polled task is null for M_SPORT
2025-12-13 18:15:15.432 [BettingWindow-1] INFO  com.mouse.bet.window.MSportWindow - 📊 Ready to poll task for betting | Bookmaker: M_SPORT
2025-12-13 18:15:15.432 [BettingWindow-1] INFO  com.mouse.bet.window.MSportWindow - task polled by M_SPORT
2025-12-13 18:15:15.432 [BettingWindow-1] INFO  com.mouse.bet.window.MSportWindow - the polled task is null for M_SPORT
2025-12-13 18:15:16.430 [BettingWindow-1] INFO  com.mouse.bet.window.MSportWindow - 📊 Ready to poll task for betting | Bookmaker: M_SPORT
2025-12-13 18:15:16.430 [BettingWindow-1] INFO  com.mouse.bet.window.MSportWindow - task polled by M_SPORT
2025-12-13 18:15:16.430 [BettingWindow-1] INFO  com.mouse.bet.window.MSportWindow - the polled task is null for M_SPORT
2025-12-13 18:15:17.178 [BettingWindow-1] INFO  com.mouse.bet.window.MSportWindow - 📊 Ready to poll task for betting | Bookmaker: M_SPORT
2025-12-13 18:15:17.178 [BettingWindow-1] INFO  com.mouse.bet.window.MSportWindow - task polled by M_SPORT
2025-12-13 18:15:17.178 [BettingWindow-1] INFO  com.mouse.bet.window.MSportWindow - the polled task is null for M_SPORT
2025-12-13 18:15:18.171 [BettingWindow-1] INFO  com.mouse.bet.window.MSportWindow - 📊 Ready to poll task for betting | Bookmaker: M_SPORT
2025-12-13 18:15:18.171 [BettingWindow-1] INFO  com.mouse.bet.window.MSportWindow - task polled by M_SPORT
2025-12-13 18:15:18.171 [BettingWindow-1] INFO  com.mouse.bet.window.MSportWindow - the polled task is null for M_SPORT
2025-12-13 18:15:18.720 [BettingWindow-1] INFO  com.mouse.bet.window.MSportWindow - 📊 Ready to poll task for betting | Bookmaker: M_SPORT
2025-12-13 18:15:18.720 [BettingWindow-1] INFO  com.mouse.bet.window.MSportWindow - task polled by M_SPORT
2025-12-13 18:15:18.720 [BettingWindow-1] INFO  com.mouse.bet.window.MSportWindow - the polled task is null for M_SPORT
2025-12-13 18:15:19.443 [BettingWindow-1] INFO  com.mouse.bet.window.MSportWindow - 📊 Ready to poll task for betting | Bookmaker: M_SPORT
2025-12-13 18:15:19.443 [BettingWindow-1] INFO  com.mouse.bet.window.MSportWindow - task polled by M_SPORT
2025-12-13 18:15:19.443 [BettingWindow-1] INFO  com.mouse.bet.window.MSportWindow - the polled task is null for M_SPORT
2025-12-13 18:15:20.091 [BettingWindow-1] INFO  com.mouse.bet.window.MSportWindow - 📊 Ready to poll task for betting | Bookmaker: M_SPORT
2025-12-13 18:15:20.091 [BettingWindow-1] INFO  com.mouse.bet.window.MSportWindow - task polled by M_SPORT
2025-12-13 18:15:20.091 [BettingWindow-1] INFO  com.mouse.bet.window.MSportWindow - the polled task is null for M_SPORT
2025-12-13 18:15:21.104 [BettingWindow-1] INFO  com.mouse.bet.window.MSportWindow - 📊 Ready to poll task for betting | Bookmaker: M_SPORT
2025-12-13 18:15:21.104 [BettingWindow-1] INFO  com.mouse.bet.window.MSportWindow - task polled by M_SPORT
2025-12-13 18:15:21.104 [BettingWindow-1] INFO  com.mouse.bet.window.MSportWindow - the polled task is null for M_SPORT
2025-12-13 18:15:21.745 [BettingWindow-1] INFO  com.mouse.bet.window.MSportWindow - 📊 Ready to poll task for betting | Bookmaker: M_SPORT
2025-12-13 18:15:21.745 [BettingWindow-1] INFO  com.mouse.bet.window.MSportWindow - task polled by M_SPORT
2025-12-13 18:15:21.745 [BettingWindow-1] INFO  com.mouse.bet.window.MSportWindow - the polled task is null for M_SPORT
2025-12-13 18:15:22.594 [BettingWindow-1] INFO  com.mouse.bet.window.MSportWindow - 📊 Ready to poll task for betting | Bookmaker: M_SPORT
2025-12-13 18:15:22.594 [BettingWindow-1] INFO  com.mouse.bet.window.MSportWindow - task polled by M_SPORT
2025-12-13 18:15:22.594 [BettingWindow-1] INFO  com.mouse.bet.window.MSportWindow - the polled task is null for M_SPORT
2025-12-13 18:15:23.283 [BettingWindow-1] INFO  com.mouse.bet.window.MSportWindow - 📊 Ready to poll task for betting | Bookmaker: M_SPORT
2025-12-13 18:15:23.283 [BettingWindow-1] INFO  com.mouse.bet.window.MSportWindow - task polled by M_SPORT
2025-12-13 18:15:23.283 [BettingWindow-1] INFO  com.mouse.bet.window.MSportWindow - the polled task is null for M_SPORT
2025-12-13 18:15:23.804 [BettingWindow-1] INFO  com.mouse.bet.window.MSportWindow - 📊 Ready to poll task for betting | Bookmaker: M_SPORT
2025-12-13 18:15:23.804 [BettingWindow-1] INFO  com.mouse.bet.window.MSportWindow - task polled by M_SPORT
2025-12-13 18:15:23.804 [BettingWindow-1] INFO  com.mouse.bet.window.MSportWindow - the polled task is null for M_SPORT
2025-12-13 18:15:24.445 [BettingWindow-1] INFO  com.mouse.bet.window.MSportWindow - 📊 Ready to poll task for betting | Bookmaker: M_SPORT
2025-12-13 18:15:24.445 [BettingWindow-1] INFO  com.mouse.bet.window.MSportWindow - task polled by M_SPORT
2025-12-13 18:15:24.445 [BettingWindow-1] INFO  com.mouse.bet.window.MSportWindow - the polled task is null for M_SPORT
2025-12-13 18:15:25.041 [BettingWindow-1] INFO  com.mouse.bet.window.MSportWindow - 📊 Ready to poll task for betting | Bookmaker: M_SPORT
2025-12-13 18:15:25.041 [BettingWindow-1] INFO  com.mouse.bet.window.MSportWindow - task polled by M_SPORT
2025-12-13 18:15:25.041 [BettingWindow-1] INFO  com.mouse.bet.window.MSportWindow - the polled task is null for M_SPORT
2025-12-13 18:15:25.819 [BettingWindow-1] INFO  com.mouse.bet.window.MSportWindow - 📊 Ready to poll task for betting | Bookmaker: M_SPORT
2025-12-13 18:15:25.820 [BettingWindow-1] INFO  com.mouse.bet.window.MSportWindow - task polled by M_SPORT
2025-12-13 18:15:25.820 [BettingWindow-1] INFO  com.mouse.bet.window.MSportWindow - the polled task is null for M_SPORT
2025-12-13 18:15:27.013 [BettingWindow-1] INFO  com.mouse.bet.window.MSportWindow - 📊 Ready to poll task for betting | Bookmaker: M_SPORT
2025-12-13 18:15:27.013 [BettingWindow-1] INFO  com.mouse.bet.window.MSportWindow - task polled by M_SPORT
2025-12-13 18:15:27.013 [BettingWindow-1] INFO  com.mouse.bet.window.MSportWindow - the polled task is null for M_SPORT
2025-12-13 18:15:27.792 [BettingWindow-1] INFO  com.mouse.bet.window.MSportWindow - 📊 Ready to poll task for betting | Bookmaker: M_SPORT
2025-12-13 18:15:27.792 [BettingWindow-1] INFO  com.mouse.bet.window.MSportWindow - task polled by M_SPORT
2025-12-13 18:15:27.792 [BettingWindow-1] INFO  com.mouse.bet.window.MSportWindow - the polled task is null for M_SPORT
2025-12-13 18:15:28.637 [BettingWindow-1] INFO  com.mouse.bet.window.MSportWindow - 📊 Ready to poll task for betting | Bookmaker: M_SPORT
2025-12-13 18:15:28.638 [BettingWindow-1] INFO  com.mouse.bet.window.MSportWindow - task polled by M_SPORT
2025-12-13 18:15:28.638 [BettingWindow-1] INFO  com.mouse.bet.window.MSportWindow - the polled task is null for M_SPORT
2025-12-13 18:15:29.514 [BettingWindow-1] INFO  com.mouse.bet.window.MSportWindow - 📊 Ready to poll task for betting | Bookmaker: M_SPORT
2025-12-13 18:15:29.963 [BettingWindow-1] INFO  com.mouse.bet.window.MSportWindow - task polled by M_SPORT
2025-12-13 18:15:29.963 [BettingWindow-1] INFO  com.mouse.bet.window.MSportWindow - the polled task is null for M_SPORT
2025-12-13 18:15:30.869 [BettingWindow-1] INFO  com.mouse.bet.window.MSportWindow - 📊 Ready to poll task for betting | Bookmaker: M_SPORT
2025-12-13 18:15:31.063 [BettingWindow-1] INFO  com.mouse.bet.window.MSportWindow - task polled by M_SPORT
2025-12-13 18:15:31.064 [BettingWindow-1] INFO  com.mouse.bet.window.MSportWindow - the polled task is null for M_SPORT
2025-12-13 18:15:31.873 [BettingWindow-1] INFO  com.mouse.bet.window.MSportWindow - 📊 Ready to poll task for betting | Bookmaker: M_SPORT
2025-12-13 18:15:31.873 [BettingWindow-1] INFO  com.mouse.bet.window.MSportWindow - task polled by M_SPORT
2025-12-13 18:15:31.873 [BettingWindow-1] INFO  com.mouse.bet.window.MSportWindow - the polled task is null for M_SPORT
2025-12-13 18:15:32.790 [BettingWindow-1] INFO  com.mouse.bet.window.MSportWindow - 📊 Ready to poll task for betting | Bookmaker: M_SPORT
2025-12-13 18:15:32.790 [BettingWindow-1] INFO  com.mouse.bet.window.MSportWindow - task polled by M_SPORT
2025-12-13 18:15:32.790 [BettingWindow-1] INFO  com.mouse.bet.window.MSportWindow - the polled task is null for M_SPORT
2025-12-13 18:15:33.762 [BettingWindow-1] INFO  com.mouse.bet.window.MSportWindow - 📊 Ready to poll task for betting | Bookmaker: M_SPORT
2025-12-13 18:15:33.762 [BettingWindow-1] INFO  com.mouse.bet.window.MSportWindow - task polled by M_SPORT
2025-12-13 18:15:33.762 [BettingWindow-1] INFO  com.mouse.bet.window.MSportWindow - the polled task is null for M_SPORT
2025-12-13 18:15:34.653 [BettingWindow-1] INFO  com.mouse.bet.window.MSportWindow - 📊 Ready to poll task for betting | Bookmaker: M_SPORT
2025-12-13 18:15:34.932 [BettingWindow-1] INFO  com.mouse.bet.window.MSportWindow - task polled by M_SPORT
2025-12-13 18:15:34.932 [BettingWindow-1] INFO  com.mouse.bet.window.MSportWindow - the polled task is null for M_SPORT
2025-12-13 18:15:35.695 [BettingWindow-1] INFO  com.mouse.bet.window.MSportWindow - 📊 Ready to poll task for betting | Bookmaker: M_SPORT
2025-12-13 18:15:35.695 [BettingWindow-1] INFO  com.mouse.bet.window.MSportWindow - task polled by M_SPORT
2025-12-13 18:15:35.695 [BettingWindow-1] INFO  com.mouse.bet.window.MSportWindow - the polled task is null for M_SPORT
2025-12-13 18:15:36.564 [BettingWindow-1] INFO  com.mouse.bet.window.MSportWindow - 📊 Ready to poll task for betting | Bookmaker: M_SPORT
2025-12-13 18:15:36.564 [BettingWindow-1] INFO  com.mouse.bet.window.MSportWindow - task polled by M_SPORT
2025-12-13 18:15:36.564 [BettingWindow-1] INFO  com.mouse.bet.window.MSportWindow - the polled task is null for M_SPORT
2025-12-13 18:15:37.476 [BettingWindow-1] INFO  com.mouse.bet.window.MSportWindow - 📊 Ready to poll task for betting | Bookmaker: M_SPORT
2025-12-13 18:15:37.476 [BettingWindow-1] INFO  com.mouse.bet.window.MSportWindow - task polled by M_SPORT
2025-12-13 18:15:37.476 [BettingWindow-1] INFO  com.mouse.bet.window.MSportWindow - the polled task is null for M_SPORT
2025-12-13 18:15:37.977 [BettingWindow-1] INFO  com.mouse.bet.window.MSportWindow - 📊 Ready to poll task for betting | Bookmaker: M_SPORT
2025-12-13 18:15:37.978 [BettingWindow-1] INFO  com.mouse.bet.window.MSportWindow - task polled by M_SPORT
2025-12-13 18:15:37.978 [BettingWindow-1] INFO  com.mouse.bet.window.MSportWindow - the polled task is null for M_SPORT
2025-12-13 18:15:38.812 [BettingWindow-1] INFO  com.mouse.bet.window.MSportWindow - 📊 Ready to poll task for betting | Bookmaker: M_SPORT
2025-12-13 18:15:38.812 [BettingWindow-1] INFO  com.mouse.bet.window.MSportWindow - task polled by M_SPORT
2025-12-13 18:15:38.812 [BettingWindow-1] INFO  com.mouse.bet.window.MSportWindow - the polled task is null for M_SPORT
2025-12-13 18:15:39.636 [BettingWindow-1] INFO  com.mouse.bet.window.MSportWindow - 📊 Ready to poll task for betting | Bookmaker: M_SPORT
2025-12-13 18:15:39.636 [BettingWindow-1] INFO  com.mouse.bet.window.MSportWindow - task polled by M_SPORT
2025-12-13 18:15:39.636 [BettingWindow-1] INFO  com.mouse.bet.window.MSportWindow - the polled task is null for M_SPORT
2025-12-13 18:15:40.598 [BettingWindow-1] INFO  com.mouse.bet.window.MSportWindow - 📊 Ready to poll task for betting | Bookmaker: M_SPORT
2025-12-13 18:15:40.609 [BettingWindow-1] INFO  com.mouse.bet.window.MSportWindow - task polled by M_SPORT
2025-12-13 18:15:40.611 [BettingWindow-1] INFO  com.mouse.bet.window.MSportWindow - the polled task is null for M_SPORT
2025-12-13 18:15:41.168 [BettingWindow-1] INFO  com.mouse.bet.window.MSportWindow - 📊 Ready to poll task for betting | Bookmaker: M_SPORT
2025-12-13 18:15:41.168 [BettingWindow-1] INFO  com.mouse.bet.window.MSportWindow - task polled by M_SPORT
2025-12-13 18:15:41.168 [BettingWindow-1] INFO  com.mouse.bet.window.MSportWindow - the polled task is null for M_SPORT
2025-12-13 18:15:41.939 [BettingWindow-1] INFO  com.mouse.bet.window.MSportWindow - 📊 Ready to poll task for betting | Bookmaker: M_SPORT
2025-12-13 18:15:41.939 [BettingWindow-1] INFO  com.mouse.bet.window.MSportWindow - task polled by M_SPORT
2025-12-13 18:15:41.939 [BettingWindow-1] INFO  com.mouse.bet.window.MSportWindow - the polled task is null for M_SPORT
2025-12-13 18:15:42.583 [BettingWindow-1] INFO  com.mouse.bet.window.MSportWindow - 📊 Ready to poll task for betting | Bookmaker: M_SPORT
2025-12-13 18:15:42.583 [BettingWindow-1] INFO  com.mouse.bet.window.MSportWindow - task polled by M_SPORT
2025-12-13 18:15:42.583 [BettingWindow-1] INFO  com.mouse.bet.window.MSportWindow - 🎯 Arb opportunity retrieved | ArbId: Table Tennis|Vosyka, Ladislav|Hons, DavidTT_3rdGP_HCP_MINUS_3_5_HOME | Profit: null% | Bookmaker: M_SPORT
2025-12-13 18:15:42.871 [BettingWindow-2] INFO  c.m.bet.logservice.BettingFlowLogger - 🎯 💰 Starting bet placement | ArbId: Table Tennis|Vosyka, Ladislav|Hons, DavidTT_3rdGP_HCP_MINUS_3_5_HOME | Bookmaker: SPORTY_BET | Odds: 1.9000
2025-12-13 18:15:42.873 [BettingWindow-2] INFO  c.m.bet.logservice.BettingFlowLogger - 🧭 💰 Navigating to game | ArbId: Table Tennis|Vosyka, Ladislav|Hons, DavidTT_3rdGP_HCP_MINUS_3_5_HOME | Bookmaker: SPORTY_BET
2025-12-13 18:15:42.917 [BettingWindow-1] INFO  c.m.bet.logservice.BettingFlowLogger - 🎯 💰 Starting bet placement | ArbId: Table Tennis|Vosyka, Ladislav|Hons, DavidTT_3rdGP_HCP_MINUS_3_5_HOME | Bookmaker: M_SPORT | Odds: 2.2500
2025-12-13 18:15:42.918 [BettingWindow-1] INFO  c.m.bet.logservice.BettingFlowLogger - 🧭 💰 Navigating to game | ArbId: Table Tennis|Vosyka, Ladislav|Hons, DavidTT_3rdGP_HCP_MINUS_3_5_HOME | Bookmaker: M_SPORT
2025-12-13 18:15:42.920 [BettingWindow-1] INFO  com.mouse.bet.window.MSportWindow - 🎯 Navigating to: Vosyka, Ladislav vs Hons, David | EventId: sr:match:66727142
2025-12-13 18:15:44.300 [BettingWindow-1] INFO  com.mouse.bet.window.MSportWindow - 🎯 Searching for match: Vosyka, Ladislav vs Hons, David
2025-12-13 18:15:44.300 [BettingWindow-1] INFO  com.mouse.bet.window.MSportWindow - Strategy 1: Searching by aria-label attribute
2025-12-13 18:15:44.315 [BettingWindow-1] INFO  com.mouse.bet.window.MSportWindow - ✅ Found by exact aria-label: 'Vosyka, Ladislav vs Hons, David'
2025-12-13 18:15:45.541 [BettingWindow-1] INFO  com.mouse.bet.window.MSportWindow - ✅ Clicking match: Vosyka, Ladislav vs Hons, David
2025-12-13 18:15:47.199 [BettingWindow-1] INFO  com.mouse.bet.window.MSportWindow - ✅ Navigation successful: https://www.msport.com/ng/web/sports/Table%20Tennis/live/International_TT_Cup/Vosyka__Ladislav_vs_Hons__David/sr:match:66727142
2025-12-13 18:15:47.534 [BettingWindow-1] INFO  c.m.bet.logservice.BettingFlowLogger - ✅ 🔄 Marked ready, waiting for partner | ArbId: Table Tennis|Vosyka, Ladislav|Hons, DavidTT_3rdGP_HCP_MINUS_3_5_HOME | Bookmaker: M_SPORT
2025-12-13 18:15:50.630 [BettingWindow-2] INFO  c.m.bet.logservice.BettingFlowLogger - ✅ 🔄 Marked ready, waiting for partner | ArbId: Table Tennis|Vosyka, Ladislav|Hons, DavidTT_3rdGP_HCP_MINUS_3_5_HOME | Bookmaker: SPORTY_BET
2025-12-13 18:15:50.633 [BettingWindow-1] INFO  c.m.bet.logservice.BettingFlowLogger - ✅ 🔄 ✓ Both partners ready, proceeding | ArbId: Table Tennis|Vosyka, Ladislav|Hons, DavidTT_3rdGP_HCP_MINUS_3_5_HOME | Bookmaker: M_SPORT
2025-12-13 18:15:50.633 [BettingWindow-2] INFO  c.m.bet.logservice.BettingFlowLogger - ✅ 🔄 ✓ Both partners ready, proceeding | ArbId: Table Tennis|Vosyka, Ladislav|Hons, DavidTT_3rdGP_HCP_MINUS_3_5_HOME | Bookmaker: SPORTY_BET
2025-12-13 18:15:50.633 [BettingWindow-2] INFO  c.m.bet.logservice.BettingFlowLogger - ⏰ 🥈 I am SECONDARY bookmaker | ArbId: Table Tennis|Vosyka, Ladislav|Hons, DavidTT_3rdGP_HCP_MINUS_3_5_HOME | Bookmaker: SPORTY_BET | Primary: M_SPORT
2025-12-13 18:15:50.634 [BettingWindow-2] INFO  c.m.bet.logservice.BettingFlowLogger - ⏳ SECONDARY: Waiting for primary to complete | ArbId: Table Tennis|Vosyka, Ladislav|Hons, DavidTT_3rdGP_HCP_MINUS_3_5_HOME | Bookmaker: SPORTY_BET
2025-12-13 18:15:50.635 [BettingWindow-1] INFO  c.m.bet.logservice.BettingFlowLogger - 🚀 🥇 I am PRIMARY bookmaker | ArbId: Table Tennis|Vosyka, Ladislav|Hons, DavidTT_3rdGP_HCP_MINUS_3_5_HOME | Bookmaker: M_SPORT
2025-12-13 18:15:50.635 [BettingWindow-1] INFO  c.m.bet.logservice.BettingFlowLogger - ⚡ PRIMARY: Starting bet placement | ArbId: Table Tennis|Vosyka, Ladislav|Hons, DavidTT_3rdGP_HCP_MINUS_3_5_HOME | Bookmaker: M_SPORT
2025-12-13 18:15:50.635 [BettingWindow-1] INFO  com.mouse.bet.window.MSportWindow -   Starting bet deployment for: 3rd game - point handicap
2025-12-13 18:15:50.677 [BettingWindow-1] INFO  com.mouse.bet.window.MSportWindow -  Clearing 1 selection(s)...
2025-12-13 18:15:51.601 [BettingWindow-1] INFO  com.mouse.bet.window.MSportWindow - ✅ Betslip cleared successfully
2025-12-13 18:15:51.601 [BettingWindow-1] INFO  com.mouse.bet.window.MSportWindow - Selecting: 3rd game - point handicap → Away (+3.5)
2025-12-13 18:15:51.684 [BettingWindow-1] INFO  c.m.b.utils.MSportMarketSearchUtils - Entering findAndExpandMarket("3rd game - point handicap") – searching for market...
2025-12-13 18:15:51.894 [BettingWindow-1] INFO  c.m.b.utils.MSportMarketSearchUtils - Available markets (3 found): [ [title=Winner | index=0 | visible=true | title=Correct score | index=1 | visible=true | title=Point handicap | index=2 | visible=true] ]
2025-12-13 18:15:51.895 [BettingWindow-1] INFO  c.m.b.utils.MSportMarketSearchUtils - MATCH FOUND → Market: 'Point handicap'
2025-12-13 18:15:51.952 [BettingWindow-1] INFO  c.m.b.utils.MSportMarketSearchUtils - Market 'Point handicap' is already expanded
2025-12-13 18:15:51.952 [BettingWindow-1] INFO  com.mouse.bet.window.MSportWindow - Detected market type: POINT_HANDICAP
2025-12-13 18:15:51.952 [BettingWindow-1] DEBUG c.m.b.utils.MSportMarketSearchUtils - Selecting handicap outcome: Away (+3.5)
2025-12-13 18:15:51.958 [BettingWindow-1] DEBUG c.m.b.utils.MSportMarketSearchUtils - Detected handicap market with column headers (Point Handicap type)
2025-12-13 18:15:51.958 [BettingWindow-1] DEBUG c.m.b.utils.MSportMarketSearchUtils - Looking for handicap value: +3.5
2025-12-13 18:15:51.965 [BettingWindow-1] DEBUG c.m.b.utils.MSportMarketSearchUtils - Column headers: [Home, Away]
2025-12-13 18:15:52.104 [BettingWindow-1] ERROR c.m.b.utils.MSportMarketSearchUtils - Could not find handicap outcome: Away (+3.5) with value: +3.5
2025-12-13 18:15:52.104 [BettingWindow-1] WARN  com.mouse.bet.window.MSportWindow - Available POINT_HANDICAP outcomes:
2025-12-13 18:15:52.114 [BettingWindow-1] WARN  com.mouse.bet.window.MSportWindow -   Columns: Home | Away
2025-12-13 18:15:52.114 [BettingWindow-1] WARN  com.mouse.bet.window.MSportWindow -   ------------------------------------------------------------
2025-12-13 18:15:52.212 [BettingWindow-1] WARN  com.mouse.bet.window.MSportWindow -   Row 2: -16.5    @ 2.50   | +16.5    @ 1.47  
2025-12-13 18:15:52.273 [BettingWindow-1] WARN  com.mouse.bet.window.MSportWindow -   Row 3: -15.5    @ 1.90   | +15.5    @ 1.80  
2025-12-13 18:15:52.328 [BettingWindow-1] WARN  com.mouse.bet.window.MSportWindow -   Row 4: -14.5    @ 1.55   | +14.5    @ 2.30  
2025-12-13 18:15:52.328 [BettingWindow-1] INFO  c.m.bet.logservice.BettingFlowLogger - Bet deployment check | ArbId: Table Tennis|Vosyka, Ladislav|Hons, DavidTT_3rdGP_HCP_MINUS_3_5_HOME | Bookmaker: M_SPORT | Deployed: false
2025-12-13 18:15:52.328 [BettingWindow-1] INFO  c.m.bet.logservice.BettingFlowLogger - ⚠️ 💰 PRIMARY: Odds not available or changed | ArbId: Table Tennis|Vosyka, Ladislav|Hons, DavidTT_3rdGP_HCP_MINUS_3_5_HOME | Bookmaker: M_SPORT
2025-12-13 18:15:52.359 [BettingWindow-2] WARN  c.m.bet.logservice.BettingFlowLogger - ⚠️ 🔄 SECONDARY: Primary failed or timeout - NOT placing bet | ArbId: Table Tennis|Vosyka, Ladislav|Hons, DavidTT_3rdGP_HCP_MINUS_3_5_HOME | Bookmaker: SPORTY_BET | Reason: Odds changed
2025-12-13 18:15:52.382 [BettingWindow-1] INFO  com.mouse.bet.window.MSportWindow - ✅ Betslip already empty
2025-12-13 18:15:53.530 [BettingWindow-1] INFO  com.mouse.bet.window.MSportWindow - Switching to live sport: Table Tennis → Table%20Tennis
2025-12-13 18:15:59.045 [BettingWindow-1] INFO  com.mouse.bet.window.MSportWindow - ✅ Bet processing completed | ArbId: Table Tennis|Vosyka, Ladislav|Hons, DavidTT_3rdGP_HCP_MINUS_3_5_HOME | Bookmaker: M_SPORT
2025-12-13 18:16:01.874 [BettingWindow-1] INFO  com.mouse.bet.window.MSportWindow - 📊 Ready to poll task for betting | Bookmaker: M_SPORT
2025-12-13 18:16:01.874 [BettingWindow-1] INFO  com.mouse.bet.window.MSportWindow - task polled by M_SPORT
2025-12-13 18:16:01.874 [BettingWindow-1] INFO  com.mouse.bet.window.MSportWindow - the polled task is null for M_SPORT
2025-12-13 18:16:02.813 [BettingWindow-1] INFO  com.mouse.bet.window.MSportWindow - 📊 Ready to poll task for betting | Bookmaker: M_SPORT
2025-12-13 18:16:02.814 [BettingWindow-1] INFO  com.mouse.bet.window.MSportWindow - task polled by M_SPORT
2025-12-13 18:16:02.814 [BettingWindow-1] INFO  com.mouse.bet.window.MSportWindow - the polled task is null for M_SPORT
2025-12-13 18:16:03.626 [BettingWindow-1] INFO  com.mouse.bet.window.MSportWindow - 📊 Ready to poll task for betting | Bookmaker: M_SPORT
2025-12-13 18:16:03.626 [BettingWindow-1] INFO  com.mouse.bet.window.MSportWindow - task polled by M_SPORT
2025-12-13 18:16:03.626 [BettingWindow-1] INFO  com.mouse.bet.window.MSportWindow - the polled task is null for M_SPORT
2025-12-13 18:16:04.276 [BettingWindow-1] INFO  com.mouse.bet.window.MSportWindow - 📊 Ready to poll task for betting | Bookmaker: M_SPORT
2025-12-13 18:16:04.276 [BettingWindow-1] INFO  com.mouse.bet.window.MSportWindow - task polled by M_SPORT
2025-12-13 18:16:04.276 [BettingWindow-1] INFO  com.mouse.bet.window.MSportWindow - the polled task is null for M_SPORT
2025-12-13 18:16:04.837 [BettingWindow-1] INFO  com.mouse.bet.window.MSportWindow - 📊 Ready to poll task for betting | Bookmaker: M_SPORT
2025-12-13 18:16:04.837 [BettingWindow-1] INFO  com.mouse.bet.window.MSportWindow - task polled by M_SPORT
2025-12-13 18:16:04.837 [BettingWindow-1] INFO  com.mouse.bet.window.MSportWindow - the polled task is null for M_SPORT
2025-12-13 18:16:05.368 [BettingWindow-1] INFO  com.mouse.bet.window.MSportWindow - 📊 Ready to poll task for betting | Bookmaker: M_SPORT
2025-12-13 18:16:05.368 [BettingWindow-1] INFO  com.mouse.bet.window.MSportWindow - task polled by M_SPORT
2025-12-13 18:16:05.368 [BettingWindow-1] INFO  com.mouse.bet.window.MSportWindow - the polled task is null for M_SPORT
2025-12-13 18:16:05.965 [BettingWindow-1] INFO  com.mouse.bet.window.MSportWindow - 📊 Ready to poll task for betting | Bookmaker: M_SPORT
2025-12-13 18:16:05.965 [BettingWindow-1] INFO  com.mouse.bet.window.MSportWindow - task polled by M_SPORT
2025-12-13 18:16:05.966 [BettingWindow-1] INFO  com.mouse.bet.window.MSportWindow - the polled task is null for M_SPORT
2025-12-13 18:16:06.840 [BettingWindow-1] INFO  com.mouse.bet.window.MSportWindow - 📊 Ready to poll task for betting | Bookmaker: M_SPORT
2025-12-13 18:16:06.840 [BettingWindow-1] INFO  com.mouse.bet.window.MSportWindow - task polled by M_SPORT
2025-12-13 18:16:06.840 [BettingWindow-1] INFO  com.mouse.bet.window.MSportWindow - the polled task is null for M_SPORT
2025-12-13 18:16:07.012 [SpringApplicationShutdownHook] INFO  com.mouse.bet.window.MSportWindow - 🛑 🎯 Stopping M_SPORT betting loop...
2025-12-13 18:16:07.433 [BettingWindow-1] INFO  com.mouse.bet.window.MSportWindow - 🏁 Betting loop stopped | Bookmaker: M_SPORT
2025-12-13 18:16:07.433 [BettingWindow-1] INFO  com.mouse.bet.window.MSportWindow - 🧹 Cleaning up betting loop resources | Bookmaker: M_SPORT
2025-12-13 18:16:07.433 [BettingWindow-1] INFO  com.mouse.bet.window.MSportWindow - ✅ Cleanup completed | Bookmaker: M_SPORT
2025-12-13 18:16:07.558 [BettingWindow-1] INFO  com.mouse.bet.window.MSportWindow - Page closed successfully
