2025-12-16 00:49:07.776 [restartedMain] INFO  c.mouse.bet.tasks.MSportOddsFetcher - === Initializing MSportOddsFetcher (Pure OkHttp) ===
2025-12-16 00:49:07.880 [restartedMain] INFO  c.mouse.bet.tasks.MSportOddsFetcher - Creating HTTP client pool with 10 clients
2025-12-16 00:49:16.539 [restartedMain] INFO  c.mouse.bet.tasks.MSportOddsFetcher - Created HTTP client 1/10
2025-12-16 00:49:16.540 [restartedMain] INFO  c.mouse.bet.tasks.MSportOddsFetcher - Created HTTP client 2/10
2025-12-16 00:49:16.542 [restartedMain] INFO  c.mouse.bet.tasks.MSportOddsFetcher - Created HTTP client 3/10
2025-12-16 00:49:16.550 [restartedMain] INFO  c.mouse.bet.tasks.MSportOddsFetcher - Created HTTP client 4/10
2025-12-16 00:49:16.551 [restartedMain] INFO  c.mouse.bet.tasks.MSportOddsFetcher - Created HTTP client 5/10
2025-12-16 00:49:16.553 [restartedMain] INFO  c.mouse.bet.tasks.MSportOddsFetcher - Created HTTP client 6/10
2025-12-16 00:49:16.554 [restartedMain] INFO  c.mouse.bet.tasks.MSportOddsFetcher - Created HTTP client 7/10
2025-12-16 00:49:16.556 [restartedMain] INFO  c.mouse.bet.tasks.MSportOddsFetcher - Created HTTP client 8/10
2025-12-16 00:49:16.557 [restartedMain] INFO  c.mouse.bet.tasks.MSportOddsFetcher - Created HTTP client 9/10
2025-12-16 00:49:16.558 [restartedMain] INFO  c.mouse.bet.tasks.MSportOddsFetcher - Created HTTP client 10/10
2025-12-16 00:49:16.558 [restartedMain] INFO  c.mouse.bet.tasks.MSportOddsFetcher - ✅ HTTP client pool initialized with 10 clients
2025-12-16 00:51:53.186 [scraper-orchestrator-2] INFO  c.mouse.bet.tasks.MSportOddsFetcher - === MSportOddsFetcher - Pure OkHttp Mode ===
2025-12-16 00:51:53.186 [scraper-orchestrator-2] INFO  c.mouse.bet.tasks.MSportOddsFetcher - InitialCadence=2s, Dedup=800ms, StaleThreshold=5000ms, DetailThreads=100, ProcessingThreads=50
2025-12-16 00:51:53.186 [scraper-orchestrator-2] INFO  c.mouse.bet.tasks.MSportOddsFetcher - Starting ADAPTIVE schedulers with initial cadence 2s (live arbing mode)
2025-12-16 00:51:53.218 [pool-4-thread-1] INFO  c.mouse.bet.tasks.MSportOddsFetcher - All sports fetch cycle triggered in 1ms [queue=0, active=0] | FB=OFF | BB=OFF | TT=ON
2025-12-16 00:51:53.248 [pool-5-thread-1] INFO  c.mouse.bet.tasks.MSportOddsFetcher - TableTennis: Fetching events list from API...
2025-12-16 00:51:55.190 [pool-4-thread-1] INFO  c.mouse.bet.tasks.MSportOddsFetcher - All sports fetch cycle triggered in 0ms [queue=0, active=0] | FB=OFF | BB=OFF | TT=ON
2025-12-16 00:51:57.188 [pool-4-thread-3] INFO  c.mouse.bet.tasks.MSportOddsFetcher - All sports fetch cycle triggered in 0ms [queue=0, active=0] | FB=OFF | BB=OFF | TT=ON
2025-12-16 00:51:58.141 [pool-5-thread-1] WARN  c.mouse.bet.tasks.MSportOddsFetcher - ⚠️ WARNING: TableTennis response took 4908ms - approaching threshold
2025-12-16 00:51:58.167 [pool-5-thread-1] INFO  c.mouse.bet.tasks.MSportOddsFetcher - Extracted 4 live events for TableTennis
2025-12-16 00:51:58.168 [pool-5-thread-1] INFO  c.mouse.bet.tasks.MSportOddsFetcher - TableTennis: Completed in 4935ms - queued 4/4 events (skipped: 0)
2025-12-16 00:51:58.207 [pool-4-thread-2] INFO  c.mouse.bet.tasks.MSportOddsFetcher - Tick — queued=0, activeFetches=4, setupOK=true
2025-12-16 00:51:58.912 [pool-7-thread-1] WARN  c.mouse.bet.tasks.MSportOddsFetcher - ⚠️ REJECTING STALE DATA: Event sr:match:66820108 is 5679ms old (threshold: 5000ms)
2025-12-16 00:51:58.989 [pool-7-thread-2] WARN  c.mouse.bet.tasks.MSportOddsFetcher - ⚠️ REJECTING STALE DATA: Event sr:match:66772246 is 5756ms old (threshold: 5000ms)
2025-12-16 00:51:58.990 [pool-7-thread-3] WARN  c.mouse.bet.tasks.MSportOddsFetcher - ⚠️ REJECTING STALE DATA: Event sr:match:66772250 is 5757ms old (threshold: 5000ms)
2025-12-16 00:51:59.022 [pool-7-thread-4] WARN  c.mouse.bet.tasks.MSportOddsFetcher - ⚠️ REJECTING STALE DATA: Event sr:match:66772248 is 5789ms old (threshold: 5000ms)
2025-12-16 00:51:59.190 [pool-4-thread-4] INFO  c.mouse.bet.tasks.MSportOddsFetcher - All sports fetch cycle triggered in 1ms [queue=0, active=0] | FB=OFF | BB=OFF | TT=ON
2025-12-16 00:51:59.194 [pool-5-thread-2] INFO  c.mouse.bet.tasks.MSportOddsFetcher - TableTennis: Fetching events list from API...
2025-12-16 00:51:59.956 [pool-5-thread-2] INFO  c.mouse.bet.tasks.MSportOddsFetcher - ✅ TableTennis: Response received in 766ms
2025-12-16 00:51:59.956 [pool-5-thread-2] INFO  c.mouse.bet.tasks.MSportOddsFetcher - Extracted 4 live events for TableTennis
2025-12-16 00:51:59.956 [pool-5-thread-2] INFO  c.mouse.bet.tasks.MSportOddsFetcher - TableTennis: Completed in 766ms - queued 4/4 events (skipped: 0)
2025-12-16 00:52:01.209 [pool-4-thread-5] INFO  c.mouse.bet.tasks.MSportOddsFetcher - All sports fetch cycle triggered in 1ms [queue=0, active=0] | FB=OFF | BB=OFF | TT=ON
2025-12-16 00:52:01.223 [pool-5-thread-3] INFO  c.mouse.bet.tasks.MSportOddsFetcher - TableTennis: Fetching events list from API...
2025-12-16 00:52:01.456 [pool-7-thread-6] INFO  c.mouse.bet.tasks.MSportOddsFetcher - ✅ Successfully normalized event sr:match:66772246
2025-12-16 00:52:01.459 [pool-5-thread-3] INFO  c.mouse.bet.tasks.MSportOddsFetcher - ✅ TableTennis: Response received in 236ms
2025-12-16 00:52:01.460 [pool-5-thread-3] INFO  c.mouse.bet.tasks.MSportOddsFetcher - Extracted 4 live events for TableTennis
2025-12-16 00:52:01.460 [pool-5-thread-3] INFO  c.mouse.bet.tasks.MSportOddsFetcher - TableTennis: Completed in 237ms - queued 4/4 events (skipped: 0)
2025-12-16 00:52:01.514 [pool-7-thread-8] INFO  c.mouse.bet.tasks.MSportOddsFetcher - ✅ Successfully normalized event sr:match:66772248
2025-12-16 00:52:01.525 [pool-7-thread-5] INFO  c.mouse.bet.tasks.MSportOddsFetcher - ✅ Successfully normalized event sr:match:66820108
2025-12-16 00:52:01.556 [pool-7-thread-7] INFO  c.mouse.bet.tasks.MSportOddsFetcher - ✅ Successfully normalized event sr:match:66772250
2025-12-16 00:52:01.818 [pool-7-thread-9] INFO  c.mouse.bet.tasks.MSportOddsFetcher - ✅ Successfully normalized event sr:match:66820108
2025-12-16 00:52:01.881 [pool-7-thread-10] INFO  c.mouse.bet.tasks.MSportOddsFetcher - ✅ Successfully normalized event sr:match:66772250
2025-12-16 00:52:01.899 [pool-7-thread-12] INFO  c.mouse.bet.tasks.MSportOddsFetcher - ✅ Successfully normalized event sr:match:66772248
2025-12-16 00:52:01.910 [pool-7-thread-11] INFO  c.mouse.bet.tasks.MSportOddsFetcher - ✅ Successfully normalized event sr:match:66772246
2025-12-16 00:52:03.189 [pool-4-thread-5] INFO  c.mouse.bet.tasks.MSportOddsFetcher - All sports fetch cycle triggered in 0ms [queue=0, active=0] | FB=OFF | BB=OFF | TT=ON
2025-12-16 00:52:03.190 [pool-5-thread-4] INFO  c.mouse.bet.tasks.MSportOddsFetcher - TableTennis: Fetching events list from API...
2025-12-16 00:52:03.207 [pool-4-thread-1] INFO  c.mouse.bet.tasks.MSportOddsFetcher - Tick — queued=0, activeFetches=0, setupOK=true
2025-12-16 00:52:03.622 [pool-5-thread-4] INFO  c.mouse.bet.tasks.MSportOddsFetcher - ✅ TableTennis: Response received in 433ms
2025-12-16 00:52:03.622 [pool-5-thread-4] INFO  c.mouse.bet.tasks.MSportOddsFetcher - Extracted 4 live events for TableTennis
2025-12-16 00:52:03.622 [pool-5-thread-4] INFO  c.mouse.bet.tasks.MSportOddsFetcher - TableTennis: Completed in 433ms - queued 4/4 events (skipped: 0)
2025-12-16 00:52:03.859 [pool-7-thread-13] INFO  c.mouse.bet.tasks.MSportOddsFetcher - ✅ Successfully normalized event sr:match:66820108
2025-12-16 00:52:03.868 [pool-7-thread-15] INFO  c.mouse.bet.tasks.MSportOddsFetcher - ✅ Successfully normalized event sr:match:66772248
2025-12-16 00:52:03.871 [pool-7-thread-16] INFO  c.mouse.bet.tasks.MSportOddsFetcher - ✅ Successfully normalized event sr:match:66772250
2025-12-16 00:52:03.877 [pool-7-thread-14] INFO  c.mouse.bet.tasks.MSportOddsFetcher - ✅ Successfully normalized event sr:match:66772246
2025-12-16 00:52:05.187 [pool-4-thread-2] INFO  c.mouse.bet.tasks.MSportOddsFetcher - All sports fetch cycle triggered in 0ms [queue=0, active=0] | FB=OFF | BB=OFF | TT=ON
2025-12-16 00:52:05.187 [pool-5-thread-1] INFO  c.mouse.bet.tasks.MSportOddsFetcher - TableTennis: Fetching events list from API...
2025-12-16 00:52:05.392 [pool-5-thread-1] INFO  c.mouse.bet.tasks.MSportOddsFetcher - ✅ TableTennis: Response received in 205ms
2025-12-16 00:52:05.392 [pool-5-thread-1] INFO  c.mouse.bet.tasks.MSportOddsFetcher - Extracted 4 live events for TableTennis
2025-12-16 00:52:05.392 [pool-5-thread-1] INFO  c.mouse.bet.tasks.MSportOddsFetcher - TableTennis: Completed in 205ms - queued 4/4 events (skipped: 0)
2025-12-16 00:52:05.600 [pool-7-thread-17] INFO  c.mouse.bet.tasks.MSportOddsFetcher - ✅ Successfully normalized event sr:match:66820108
2025-12-16 00:52:05.618 [pool-7-thread-18] INFO  c.mouse.bet.tasks.MSportOddsFetcher - ✅ Successfully normalized event sr:match:66772246
2025-12-16 00:52:05.661 [pool-7-thread-19] INFO  c.mouse.bet.tasks.MSportOddsFetcher - ✅ Successfully normalized event sr:match:66772250
2025-12-16 00:52:05.674 [pool-7-thread-20] INFO  c.mouse.bet.tasks.MSportOddsFetcher - ✅ Successfully normalized event sr:match:66772248
2025-12-16 00:52:07.187 [pool-5-thread-2] INFO  c.mouse.bet.tasks.MSportOddsFetcher - TableTennis: Fetching events list from API...
2025-12-16 00:52:07.187 [pool-4-thread-2] INFO  c.mouse.bet.tasks.MSportOddsFetcher - All sports fetch cycle triggered in 0ms [queue=0, active=0] | FB=OFF | BB=OFF | TT=ON
2025-12-16 00:52:07.409 [pool-5-thread-2] INFO  c.mouse.bet.tasks.MSportOddsFetcher - ✅ TableTennis: Response received in 222ms
2025-12-16 00:52:07.409 [pool-5-thread-2] INFO  c.mouse.bet.tasks.MSportOddsFetcher - Extracted 4 live events for TableTennis
2025-12-16 00:52:07.409 [pool-5-thread-2] INFO  c.mouse.bet.tasks.MSportOddsFetcher - TableTennis: Completed in 222ms - queued 4/4 events (skipped: 0)
2025-12-16 00:52:07.598 [pool-7-thread-21] INFO  c.mouse.bet.tasks.MSportOddsFetcher - ✅ Successfully normalized event sr:match:66772246
2025-12-16 00:52:07.598 [pool-7-thread-22] INFO  c.mouse.bet.tasks.MSportOddsFetcher - ✅ Successfully normalized event sr:match:66772250
2025-12-16 00:52:07.610 [pool-7-thread-24] INFO  c.mouse.bet.tasks.MSportOddsFetcher - ✅ Successfully normalized event sr:match:66772248
2025-12-16 00:52:07.618 [pool-7-thread-23] INFO  c.mouse.bet.tasks.MSportOddsFetcher - ✅ Successfully normalized event sr:match:66820108
2025-12-16 00:52:08.240 [pool-4-thread-5] INFO  c.mouse.bet.tasks.MSportOddsFetcher - Tick — queued=0, activeFetches=0, setupOK=true
2025-12-16 00:52:09.192 [pool-5-thread-3] INFO  c.mouse.bet.tasks.MSportOddsFetcher - TableTennis: Fetching events list from API...
2025-12-16 00:52:09.193 [pool-4-thread-1] INFO  c.mouse.bet.tasks.MSportOddsFetcher - All sports fetch cycle triggered in 1ms [queue=0, active=0] | FB=OFF | BB=OFF | TT=ON
2025-12-16 00:52:09.457 [pool-5-thread-3] INFO  c.mouse.bet.tasks.MSportOddsFetcher - ✅ TableTennis: Response received in 265ms
2025-12-16 00:52:09.458 [pool-5-thread-3] INFO  c.mouse.bet.tasks.MSportOddsFetcher - Extracted 4 live events for TableTennis
2025-12-16 00:52:09.458 [pool-5-thread-3] INFO  c.mouse.bet.tasks.MSportOddsFetcher - TableTennis: Completed in 266ms - queued 4/4 events (skipped: 0)
2025-12-16 00:52:09.687 [pool-7-thread-26] INFO  c.mouse.bet.tasks.MSportOddsFetcher - ✅ Successfully normalized event sr:match:66772250
2025-12-16 00:52:09.723 [pool-7-thread-25] INFO  c.mouse.bet.tasks.MSportOddsFetcher - ✅ Successfully normalized event sr:match:66820108
2025-12-16 00:52:09.751 [pool-7-thread-27] INFO  c.mouse.bet.tasks.MSportOddsFetcher - ✅ Successfully normalized event sr:match:66772246
2025-12-16 00:52:09.860 [pool-7-thread-28] INFO  c.mouse.bet.tasks.MSportOddsFetcher - ✅ Successfully normalized event sr:match:66772248
2025-12-16 00:52:11.188 [pool-4-thread-3] INFO  c.mouse.bet.tasks.MSportOddsFetcher - All sports fetch cycle triggered in 0ms [queue=0, active=0] | FB=OFF | BB=OFF | TT=ON
2025-12-16 00:52:11.188 [pool-5-thread-4] INFO  c.mouse.bet.tasks.MSportOddsFetcher - TableTennis: Fetching events list from API...
2025-12-16 00:52:11.406 [pool-5-thread-4] INFO  c.mouse.bet.tasks.MSportOddsFetcher - ✅ TableTennis: Response received in 218ms
2025-12-16 00:52:11.406 [pool-5-thread-4] INFO  c.mouse.bet.tasks.MSportOddsFetcher - Extracted 4 live events for TableTennis
2025-12-16 00:52:11.407 [pool-5-thread-4] INFO  c.mouse.bet.tasks.MSportOddsFetcher - TableTennis: Completed in 218ms - queued 4/4 events (skipped: 0)
2025-12-16 00:52:11.686 [pool-7-thread-29] INFO  c.mouse.bet.tasks.MSportOddsFetcher - ✅ Successfully normalized event sr:match:66772246
2025-12-16 00:52:11.806 [pool-7-thread-31] INFO  c.mouse.bet.tasks.MSportOddsFetcher - ✅ Successfully normalized event sr:match:66820108
2025-12-16 00:52:11.809 [pool-7-thread-32] INFO  c.mouse.bet.tasks.MSportOddsFetcher - ✅ Successfully normalized event sr:match:66772248
2025-12-16 00:52:11.824 [pool-7-thread-30] INFO  c.mouse.bet.tasks.MSportOddsFetcher - ✅ Successfully normalized event sr:match:66772250
2025-12-16 00:52:13.205 [pool-5-thread-1] INFO  c.mouse.bet.tasks.MSportOddsFetcher - TableTennis: Fetching events list from API...
2025-12-16 00:52:13.205 [pool-4-thread-5] INFO  c.mouse.bet.tasks.MSportOddsFetcher - All sports fetch cycle triggered in 1ms [queue=0, active=0] | FB=OFF | BB=OFF | TT=ON
2025-12-16 00:52:13.208 [pool-4-thread-4] INFO  c.mouse.bet.tasks.MSportOddsFetcher - Tick — queued=0, activeFetches=0, setupOK=true
2025-12-16 00:52:13.419 [pool-5-thread-1] INFO  c.mouse.bet.tasks.MSportOddsFetcher - ✅ TableTennis: Response received in 215ms
2025-12-16 00:52:13.420 [pool-5-thread-1] INFO  c.mouse.bet.tasks.MSportOddsFetcher - Extracted 4 live events for TableTennis
2025-12-16 00:52:13.420 [pool-5-thread-1] INFO  c.mouse.bet.tasks.MSportOddsFetcher - TableTennis: Completed in 216ms - queued 4/4 events (skipped: 0)
2025-12-16 00:52:14.305 [pool-7-thread-33] INFO  c.mouse.bet.tasks.MSportOddsFetcher - ✅ Successfully normalized event sr:match:66820108
2025-12-16 00:52:14.326 [pool-7-thread-34] INFO  c.mouse.bet.tasks.MSportOddsFetcher - ✅ Successfully normalized event sr:match:66772250
2025-12-16 00:52:14.381 [pool-7-thread-35] INFO  c.mouse.bet.tasks.MSportOddsFetcher - ✅ Successfully normalized event sr:match:66772246
2025-12-16 00:52:14.751 [pool-7-thread-36] INFO  c.mouse.bet.tasks.MSportOddsFetcher - ✅ Successfully normalized event sr:match:66772248
2025-12-16 00:52:15.191 [pool-5-thread-2] INFO  c.mouse.bet.tasks.MSportOddsFetcher - TableTennis: Fetching events list from API...
2025-12-16 00:52:15.191 [pool-4-thread-4] INFO  c.mouse.bet.tasks.MSportOddsFetcher - All sports fetch cycle triggered in 0ms [queue=0, active=0] | FB=OFF | BB=OFF | TT=ON
2025-12-16 00:52:15.415 [pool-5-thread-2] INFO  c.mouse.bet.tasks.MSportOddsFetcher - ✅ TableTennis: Response received in 224ms
2025-12-16 00:52:15.415 [pool-5-thread-2] INFO  c.mouse.bet.tasks.MSportOddsFetcher - Extracted 5 live events for TableTennis
2025-12-16 00:52:15.415 [pool-5-thread-2] INFO  c.mouse.bet.tasks.MSportOddsFetcher - TableTennis: Completed in 224ms - queued 5/5 events (skipped: 0)
2025-12-16 00:52:15.603 [pool-7-thread-37] INFO  c.mouse.bet.tasks.MSportOddsFetcher - ✅ Successfully normalized event sr:match:66820142
2025-12-16 00:52:15.691 [pool-7-thread-38] INFO  c.mouse.bet.tasks.MSportOddsFetcher - ✅ Successfully normalized event sr:match:66772248
2025-12-16 00:52:15.704 [pool-7-thread-39] INFO  c.mouse.bet.tasks.MSportOddsFetcher - ✅ Successfully normalized event sr:match:66772246
2025-12-16 00:52:15.706 [pool-7-thread-40] INFO  c.mouse.bet.tasks.MSportOddsFetcher - ✅ Successfully normalized event sr:match:66772250
2025-12-16 00:52:15.720 [pool-7-thread-41] INFO  c.mouse.bet.tasks.MSportOddsFetcher - ✅ Successfully normalized event sr:match:66820108
2025-12-16 00:52:17.188 [pool-5-thread-3] INFO  c.mouse.bet.tasks.MSportOddsFetcher - TableTennis: Fetching events list from API...
2025-12-16 00:52:17.188 [pool-4-thread-5] INFO  c.mouse.bet.tasks.MSportOddsFetcher - All sports fetch cycle triggered in 0ms [queue=0, active=0] | FB=OFF | BB=OFF | TT=ON
2025-12-16 00:52:17.422 [pool-5-thread-3] INFO  c.mouse.bet.tasks.MSportOddsFetcher - ✅ TableTennis: Response received in 234ms
2025-12-16 00:52:17.422 [pool-5-thread-3] INFO  c.mouse.bet.tasks.MSportOddsFetcher - Extracted 4 live events for TableTennis
2025-12-16 00:52:17.423 [pool-5-thread-3] INFO  c.mouse.bet.tasks.MSportOddsFetcher - TableTennis: Completed in 235ms - queued 4/4 events (skipped: 0)
2025-12-16 00:52:17.638 [pool-7-thread-42] INFO  c.mouse.bet.tasks.MSportOddsFetcher - ✅ Successfully normalized event sr:match:66772246
2025-12-16 00:52:17.652 [pool-7-thread-43] INFO  c.mouse.bet.tasks.MSportOddsFetcher - ✅ Successfully normalized event sr:match:66772248
2025-12-16 00:52:17.668 [pool-7-thread-44] INFO  c.mouse.bet.tasks.MSportOddsFetcher - ✅ Successfully normalized event sr:match:66772250
2025-12-16 00:52:18.207 [pool-4-thread-3] INFO  c.mouse.bet.tasks.MSportOddsFetcher - Tick — queued=0, activeFetches=1, setupOK=true
2025-12-16 00:52:18.237 [pool-7-thread-45] INFO  c.mouse.bet.tasks.MSportOddsFetcher - ✅ Successfully normalized event sr:match:66820108
2025-12-16 00:52:19.190 [pool-4-thread-1] INFO  c.mouse.bet.tasks.MSportOddsFetcher - All sports fetch cycle triggered in 0ms [queue=0, active=0] | FB=OFF | BB=OFF | TT=ON
2025-12-16 00:52:19.190 [pool-5-thread-4] INFO  c.mouse.bet.tasks.MSportOddsFetcher - TableTennis: Fetching events list from API...
2025-12-16 00:52:19.433 [pool-5-thread-4] INFO  c.mouse.bet.tasks.MSportOddsFetcher - ✅ TableTennis: Response received in 243ms
2025-12-16 00:52:19.434 [pool-5-thread-4] INFO  c.mouse.bet.tasks.MSportOddsFetcher - Extracted 4 live events for TableTennis
2025-12-16 00:52:19.434 [pool-5-thread-4] INFO  c.mouse.bet.tasks.MSportOddsFetcher - TableTennis: Completed in 244ms - queued 4/4 events (skipped: 0)
2025-12-16 00:52:19.650 [pool-7-thread-47] INFO  c.mouse.bet.tasks.MSportOddsFetcher - ✅ Successfully normalized event sr:match:66772250
2025-12-16 00:52:19.655 [pool-7-thread-46] INFO  c.mouse.bet.tasks.MSportOddsFetcher - ✅ Successfully normalized event sr:match:66772246
2025-12-16 00:52:19.659 [pool-7-thread-48] INFO  c.mouse.bet.tasks.MSportOddsFetcher - ✅ Successfully normalized event sr:match:66820108
2025-12-16 00:52:19.660 [pool-7-thread-49] INFO  c.mouse.bet.tasks.MSportOddsFetcher - ✅ Successfully normalized event sr:match:66772248
2025-12-16 00:52:21.189 [pool-4-thread-4] INFO  c.mouse.bet.tasks.MSportOddsFetcher - All sports fetch cycle triggered in 0ms [queue=0, active=0] | FB=OFF | BB=OFF | TT=ON
2025-12-16 00:52:21.189 [pool-5-thread-1] INFO  c.mouse.bet.tasks.MSportOddsFetcher - TableTennis: Fetching events list from API...
2025-12-16 00:52:21.451 [pool-5-thread-1] INFO  c.mouse.bet.tasks.MSportOddsFetcher - ✅ TableTennis: Response received in 262ms
2025-12-16 00:52:21.452 [pool-5-thread-1] INFO  c.mouse.bet.tasks.MSportOddsFetcher - Extracted 5 live events for TableTennis
2025-12-16 00:52:21.452 [pool-5-thread-1] INFO  c.mouse.bet.tasks.MSportOddsFetcher - TableTennis: Completed in 263ms - queued 5/5 events (skipped: 0)
2025-12-16 00:52:21.652 [pool-7-thread-50] INFO  c.mouse.bet.tasks.MSportOddsFetcher - ✅ Successfully normalized event sr:match:66820142
2025-12-16 00:52:21.659 [pool-7-thread-1] INFO  c.mouse.bet.tasks.MSportOddsFetcher - ✅ Successfully normalized event sr:match:66820108
2025-12-16 00:52:21.669 [pool-7-thread-2] INFO  c.mouse.bet.tasks.MSportOddsFetcher - ✅ Successfully normalized event sr:match:66772246
2025-12-16 00:52:21.684 [pool-7-thread-3] INFO  c.mouse.bet.tasks.MSportOddsFetcher - ✅ Successfully normalized event sr:match:66772248
2025-12-16 00:52:21.696 [pool-7-thread-4] INFO  c.mouse.bet.tasks.MSportOddsFetcher - ✅ Successfully normalized event sr:match:66772250
2025-12-16 00:52:23.190 [pool-5-thread-2] INFO  c.mouse.bet.tasks.MSportOddsFetcher - TableTennis: Fetching events list from API...
2025-12-16 00:52:23.192 [pool-4-thread-4] INFO  c.mouse.bet.tasks.MSportOddsFetcher - All sports fetch cycle triggered in 2ms [queue=0, active=0] | FB=OFF | BB=OFF | TT=ON
2025-12-16 00:52:23.208 [pool-4-thread-5] INFO  c.mouse.bet.tasks.MSportOddsFetcher - Tick — queued=0, activeFetches=0, setupOK=true
2025-12-16 00:52:23.209 [scraper-orchestrator-2] INFO  c.mouse.bet.tasks.MSportOddsFetcher - Health — Active: 0, Queued: 0, NetErrors: 0, RateLimit: 0, Timeouts: 0, Requests: 67, TimeSinceReset: 195s, AvgResponse: 218ms, Cadence: 2s, TotalConnections: 9/10 idle, ClientPoolSize: 10
2025-12-16 00:52:23.393 [pool-5-thread-2] INFO  c.mouse.bet.tasks.MSportOddsFetcher - ✅ TableTennis: Response received in 203ms
2025-12-16 00:52:23.393 [pool-5-thread-2] INFO  c.mouse.bet.tasks.MSportOddsFetcher - Extracted 5 live events for TableTennis
2025-12-16 00:52:23.393 [pool-5-thread-2] INFO  c.mouse.bet.tasks.MSportOddsFetcher - TableTennis: Completed in 203ms - queued 5/5 events (skipped: 0)
2025-12-16 00:52:23.620 [pool-7-thread-6] INFO  c.mouse.bet.tasks.MSportOddsFetcher - ✅ Successfully normalized event sr:match:66772246
2025-12-16 00:52:23.628 [pool-7-thread-8] INFO  c.mouse.bet.tasks.MSportOddsFetcher - ✅ Successfully normalized event sr:match:66820142
2025-12-16 00:52:23.638 [pool-7-thread-5] INFO  c.mouse.bet.tasks.MSportOddsFetcher - ✅ Successfully normalized event sr:match:66772250
2025-12-16 00:52:23.638 [pool-7-thread-9] INFO  c.mouse.bet.tasks.MSportOddsFetcher - ✅ Successfully normalized event sr:match:66820108
2025-12-16 00:52:23.638 [pool-7-thread-7] INFO  c.mouse.bet.tasks.MSportOddsFetcher - ✅ Successfully normalized event sr:match:66772248
2025-12-16 00:52:25.187 [pool-5-thread-3] INFO  c.mouse.bet.tasks.MSportOddsFetcher - TableTennis: Fetching events list from API...
2025-12-16 00:52:25.187 [pool-4-thread-2] INFO  c.mouse.bet.tasks.MSportOddsFetcher - All sports fetch cycle triggered in 0ms [queue=0, active=0] | FB=OFF | BB=OFF | TT=ON
2025-12-16 00:52:25.458 [pool-5-thread-3] INFO  c.mouse.bet.tasks.MSportOddsFetcher - ✅ TableTennis: Response received in 271ms
2025-12-16 00:52:25.458 [pool-5-thread-3] INFO  c.mouse.bet.tasks.MSportOddsFetcher - Extracted 5 live events for TableTennis
2025-12-16 00:52:25.458 [pool-5-thread-3] INFO  c.mouse.bet.tasks.MSportOddsFetcher - TableTennis: Completed in 271ms - queued 5/5 events (skipped: 0)
2025-12-16 00:52:25.740 [pool-7-thread-10] INFO  c.mouse.bet.tasks.MSportOddsFetcher - ✅ Successfully normalized event sr:match:66820108
2025-12-16 00:52:25.745 [pool-7-thread-12] INFO  c.mouse.bet.tasks.MSportOddsFetcher - ✅ Successfully normalized event sr:match:66772248
2025-12-16 00:52:25.752 [pool-7-thread-11] INFO  c.mouse.bet.tasks.MSportOddsFetcher - ✅ Successfully normalized event sr:match:66772246
2025-12-16 00:52:25.771 [pool-7-thread-13] INFO  c.mouse.bet.tasks.MSportOddsFetcher - ✅ Successfully normalized event sr:match:66820142
2025-12-16 00:52:25.771 [pool-7-thread-15] INFO  c.mouse.bet.tasks.MSportOddsFetcher - ✅ Successfully normalized event sr:match:66772250
2025-12-16 00:52:27.188 [pool-5-thread-4] INFO  c.mouse.bet.tasks.MSportOddsFetcher - TableTennis: Fetching events list from API...
2025-12-16 00:52:27.188 [pool-4-thread-3] INFO  c.mouse.bet.tasks.MSportOddsFetcher - All sports fetch cycle triggered in 0ms [queue=0, active=0] | FB=OFF | BB=OFF | TT=ON
2025-12-16 00:52:27.393 [pool-5-thread-4] INFO  c.mouse.bet.tasks.MSportOddsFetcher - ✅ TableTennis: Response received in 205ms
2025-12-16 00:52:27.394 [pool-5-thread-4] INFO  c.mouse.bet.tasks.MSportOddsFetcher - Extracted 5 live events for TableTennis
2025-12-16 00:52:27.394 [pool-5-thread-4] INFO  c.mouse.bet.tasks.MSportOddsFetcher - TableTennis: Completed in 206ms - queued 5/5 events (skipped: 0)
2025-12-16 00:52:27.589 [pool-7-thread-14] INFO  c.mouse.bet.tasks.MSportOddsFetcher - ✅ Successfully normalized event sr:match:66820142
2025-12-16 00:52:27.590 [pool-7-thread-16] INFO  c.mouse.bet.tasks.MSportOddsFetcher - ✅ Successfully normalized event sr:match:66772248
2025-12-16 00:52:27.595 [pool-7-thread-17] INFO  c.mouse.bet.tasks.MSportOddsFetcher - ✅ Successfully normalized event sr:match:66772250
2025-12-16 00:52:27.609 [pool-7-thread-18] INFO  c.mouse.bet.tasks.MSportOddsFetcher - ✅ Successfully normalized event sr:match:66820108
2025-12-16 00:52:27.626 [pool-7-thread-19] INFO  c.mouse.bet.tasks.MSportOddsFetcher - ✅ Successfully normalized event sr:match:66772246
2025-12-16 00:52:28.209 [pool-4-thread-4] INFO  c.mouse.bet.tasks.MSportOddsFetcher - Tick — queued=0, activeFetches=0, setupOK=true
2025-12-16 00:52:29.188 [pool-4-thread-1] INFO  c.mouse.bet.tasks.MSportOddsFetcher - All sports fetch cycle triggered in 0ms [queue=0, active=0] | FB=OFF | BB=OFF | TT=ON
2025-12-16 00:52:29.188 [pool-5-thread-1] INFO  c.mouse.bet.tasks.MSportOddsFetcher - TableTennis: Fetching events list from API...
2025-12-16 00:52:29.422 [pool-5-thread-1] INFO  c.mouse.bet.tasks.MSportOddsFetcher - ✅ TableTennis: Response received in 234ms
2025-12-16 00:52:29.423 [pool-5-thread-1] INFO  c.mouse.bet.tasks.MSportOddsFetcher - Extracted 5 live events for TableTennis
2025-12-16 00:52:29.423 [pool-5-thread-1] INFO  c.mouse.bet.tasks.MSportOddsFetcher - TableTennis: Completed in 235ms - queued 5/5 events (skipped: 0)
2025-12-16 00:52:29.622 [pool-7-thread-20] INFO  c.mouse.bet.tasks.MSportOddsFetcher - ✅ Successfully normalized event sr:match:66820108
2025-12-16 00:52:29.626 [pool-7-thread-22] INFO  c.mouse.bet.tasks.MSportOddsFetcher - ✅ Successfully normalized event sr:match:66772246
2025-12-16 00:52:29.633 [pool-7-thread-21] INFO  c.mouse.bet.tasks.MSportOddsFetcher - ✅ Successfully normalized event sr:match:66820142
2025-12-16 00:52:29.635 [pool-7-thread-24] INFO  c.mouse.bet.tasks.MSportOddsFetcher - ✅ Successfully normalized event sr:match:66772248
2025-12-16 00:52:29.859 [pool-7-thread-23] INFO  c.mouse.bet.tasks.MSportOddsFetcher - ✅ Successfully normalized event sr:match:66772250
2025-12-16 00:52:31.188 [pool-4-thread-3] INFO  c.mouse.bet.tasks.MSportOddsFetcher - All sports fetch cycle triggered in 0ms [queue=0, active=0] | FB=OFF | BB=OFF | TT=ON
2025-12-16 00:52:31.188 [pool-5-thread-2] INFO  c.mouse.bet.tasks.MSportOddsFetcher - TableTennis: Fetching events list from API...
2025-12-16 00:52:31.429 [pool-5-thread-2] INFO  c.mouse.bet.tasks.MSportOddsFetcher - ✅ TableTennis: Response received in 241ms
2025-12-16 00:52:31.430 [pool-5-thread-2] INFO  c.mouse.bet.tasks.MSportOddsFetcher - Extracted 5 live events for TableTennis
2025-12-16 00:52:31.430 [pool-5-thread-2] INFO  c.mouse.bet.tasks.MSportOddsFetcher - TableTennis: Completed in 242ms - queued 5/5 events (skipped: 0)
2025-12-16 00:52:31.736 [pool-7-thread-26] INFO  c.mouse.bet.tasks.MSportOddsFetcher - ✅ Successfully normalized event sr:match:66820108
2025-12-16 00:52:31.757 [pool-7-thread-25] INFO  c.mouse.bet.tasks.MSportOddsFetcher - ✅ Successfully normalized event sr:match:66772250
2025-12-16 00:52:31.780 [pool-7-thread-27] INFO  c.mouse.bet.tasks.MSportOddsFetcher - ✅ Successfully normalized event sr:match:66820142
2025-12-16 00:52:31.809 [pool-7-thread-28] INFO  c.mouse.bet.tasks.MSportOddsFetcher - ✅ Successfully normalized event sr:match:66772246
2025-12-16 00:52:31.862 [pool-7-thread-29] INFO  c.mouse.bet.tasks.MSportOddsFetcher - ✅ Successfully normalized event sr:match:66772248
2025-12-16 00:52:33.190 [pool-5-thread-3] INFO  c.mouse.bet.tasks.MSportOddsFetcher - TableTennis: Fetching events list from API...
2025-12-16 00:52:33.190 [pool-4-thread-4] INFO  c.mouse.bet.tasks.MSportOddsFetcher - All sports fetch cycle triggered in 0ms [queue=0, active=0] | FB=OFF | BB=OFF | TT=ON
2025-12-16 00:52:33.207 [pool-4-thread-2] INFO  c.mouse.bet.tasks.MSportOddsFetcher - Tick — queued=0, activeFetches=0, setupOK=true
2025-12-16 00:52:33.408 [pool-5-thread-3] INFO  c.mouse.bet.tasks.MSportOddsFetcher - ✅ TableTennis: Response received in 218ms
2025-12-16 00:52:33.408 [pool-5-thread-3] INFO  c.mouse.bet.tasks.MSportOddsFetcher - Extracted 5 live events for TableTennis
2025-12-16 00:52:33.409 [pool-5-thread-3] INFO  c.mouse.bet.tasks.MSportOddsFetcher - TableTennis: Completed in 219ms - queued 5/5 events (skipped: 0)
2025-12-16 00:52:33.603 [pool-7-thread-31] INFO  c.mouse.bet.tasks.MSportOddsFetcher - ✅ Successfully normalized event sr:match:66772246
2025-12-16 00:52:33.624 [pool-7-thread-32] INFO  c.mouse.bet.tasks.MSportOddsFetcher - ✅ Successfully normalized event sr:match:66820142
2025-12-16 00:52:33.625 [pool-7-thread-30] INFO  c.mouse.bet.tasks.MSportOddsFetcher - ✅ Successfully normalized event sr:match:66820108
2025-12-16 00:52:33.628 [pool-7-thread-32] INFO  c.mouse.bet.tasks.MSportOddsFetcher - ✅ Successfully normalized event sr:match:66772248
2025-12-16 00:52:33.651 [pool-7-thread-34] INFO  c.mouse.bet.tasks.MSportOddsFetcher - ✅ Successfully normalized event sr:match:66772250
2025-12-16 00:52:35.187 [pool-5-thread-4] INFO  c.mouse.bet.tasks.MSportOddsFetcher - TableTennis: Fetching events list from API...
2025-12-16 00:52:35.187 [pool-4-thread-1] INFO  c.mouse.bet.tasks.MSportOddsFetcher - All sports fetch cycle triggered in 0ms [queue=0, active=0] | FB=OFF | BB=OFF | TT=ON
2025-12-16 00:52:35.431 [pool-5-thread-4] INFO  c.mouse.bet.tasks.MSportOddsFetcher - ✅ TableTennis: Response received in 244ms
2025-12-16 00:52:35.431 [pool-5-thread-4] INFO  c.mouse.bet.tasks.MSportOddsFetcher - Extracted 5 live events for TableTennis
2025-12-16 00:52:35.434 [pool-5-thread-4] INFO  c.mouse.bet.tasks.MSportOddsFetcher - TableTennis: Completed in 247ms - queued 5/5 events (skipped: 0)
2025-12-16 00:52:35.635 [pool-7-thread-35] INFO  c.mouse.bet.tasks.MSportOddsFetcher - ✅ Successfully normalized event sr:match:66820108
2025-12-16 00:52:35.636 [pool-7-thread-36] INFO  c.mouse.bet.tasks.MSportOddsFetcher - ✅ Successfully normalized event sr:match:66820142
2025-12-16 00:52:35.647 [pool-7-thread-37] INFO  c.mouse.bet.tasks.MSportOddsFetcher - ✅ Successfully normalized event sr:match:66772246
2025-12-16 00:52:35.653 [pool-7-thread-38] INFO  c.mouse.bet.tasks.MSportOddsFetcher - ✅ Successfully normalized event sr:match:66772250
2025-12-16 00:52:35.673 [pool-7-thread-39] INFO  c.mouse.bet.tasks.MSportOddsFetcher - ✅ Successfully normalized event sr:match:66772248
2025-12-16 00:52:37.189 [pool-5-thread-1] INFO  c.mouse.bet.tasks.MSportOddsFetcher - TableTennis: Fetching events list from API...
2025-12-16 00:52:37.189 [pool-4-thread-1] INFO  c.mouse.bet.tasks.MSportOddsFetcher - All sports fetch cycle triggered in 0ms [queue=0, active=0] | FB=OFF | BB=OFF | TT=ON
2025-12-16 00:52:37.393 [pool-5-thread-1] INFO  c.mouse.bet.tasks.MSportOddsFetcher - ✅ TableTennis: Response received in 204ms
2025-12-16 00:52:37.394 [pool-5-thread-1] INFO  c.mouse.bet.tasks.MSportOddsFetcher - Extracted 5 live events for TableTennis
2025-12-16 00:52:37.394 [pool-5-thread-1] INFO  c.mouse.bet.tasks.MSportOddsFetcher - TableTennis: Completed in 205ms - queued 5/5 events (skipped: 0)
2025-12-16 00:52:37.603 [pool-7-thread-41] INFO  c.mouse.bet.tasks.MSportOddsFetcher - ✅ Successfully normalized event sr:match:66772250
2025-12-16 00:52:37.604 [pool-7-thread-40] INFO  c.mouse.bet.tasks.MSportOddsFetcher - ✅ Successfully normalized event sr:match:66772248
2025-12-16 00:52:37.611 [pool-7-thread-42] INFO  c.mouse.bet.tasks.MSportOddsFetcher - ✅ Successfully normalized event sr:match:66820108
2025-12-16 00:52:37.613 [pool-7-thread-43] INFO  c.mouse.bet.tasks.MSportOddsFetcher - ✅ Successfully normalized event sr:match:66820142
2025-12-16 00:52:37.630 [pool-7-thread-44] INFO  c.mouse.bet.tasks.MSportOddsFetcher - ✅ Successfully normalized event sr:match:66772246
2025-12-16 00:52:38.207 [pool-4-thread-3] INFO  c.mouse.bet.tasks.MSportOddsFetcher - Tick — queued=0, activeFetches=0, setupOK=true
2025-12-16 00:52:39.188 [pool-4-thread-5] INFO  c.mouse.bet.tasks.MSportOddsFetcher - All sports fetch cycle triggered in 0ms [queue=0, active=0] | FB=OFF | BB=OFF | TT=ON
2025-12-16 00:52:39.188 [pool-5-thread-2] INFO  c.mouse.bet.tasks.MSportOddsFetcher - TableTennis: Fetching events list from API...
2025-12-16 00:52:39.386 [pool-5-thread-2] INFO  c.mouse.bet.tasks.MSportOddsFetcher - ✅ TableTennis: Response received in 198ms
2025-12-16 00:52:39.387 [pool-5-thread-2] INFO  c.mouse.bet.tasks.MSportOddsFetcher - Extracted 5 live events for TableTennis
2025-12-16 00:52:39.387 [pool-5-thread-2] INFO  c.mouse.bet.tasks.MSportOddsFetcher - TableTennis: Completed in 199ms - queued 5/5 events (skipped: 0)
2025-12-16 00:52:39.573 [pool-7-thread-45] INFO  c.mouse.bet.tasks.MSportOddsFetcher - ✅ Successfully normalized event sr:match:66772246
2025-12-16 00:52:39.575 [pool-7-thread-47] INFO  c.mouse.bet.tasks.MSportOddsFetcher - ✅ Successfully normalized event sr:match:66820142
2025-12-16 00:52:39.583 [pool-7-thread-46] INFO  c.mouse.bet.tasks.MSportOddsFetcher - ✅ Successfully normalized event sr:match:66772248
2025-12-16 00:52:39.586 [pool-7-thread-48] INFO  c.mouse.bet.tasks.MSportOddsFetcher - ✅ Successfully normalized event sr:match:66820108
2025-12-16 00:52:39.590 [pool-7-thread-49] INFO  c.mouse.bet.tasks.MSportOddsFetcher - ✅ Successfully normalized event sr:match:66772250
2025-12-16 00:52:41.188 [pool-4-thread-4] INFO  c.mouse.bet.tasks.MSportOddsFetcher - All sports fetch cycle triggered in 0ms [queue=0, active=0] | FB=OFF | BB=OFF | TT=ON
2025-12-16 00:52:41.188 [pool-5-thread-3] INFO  c.mouse.bet.tasks.MSportOddsFetcher - TableTennis: Fetching events list from API...
2025-12-16 00:52:41.397 [pool-5-thread-3] INFO  c.mouse.bet.tasks.MSportOddsFetcher - ✅ TableTennis: Response received in 209ms
2025-12-16 00:52:41.397 [pool-5-thread-3] INFO  c.mouse.bet.tasks.MSportOddsFetcher - Extracted 5 live events for TableTennis
2025-12-16 00:52:41.397 [pool-5-thread-3] INFO  c.mouse.bet.tasks.MSportOddsFetcher - TableTennis: Completed in 209ms - queued 5/5 events (skipped: 0)
2025-12-16 00:52:41.594 [pool-7-thread-50] INFO  c.mouse.bet.tasks.MSportOddsFetcher - ✅ Successfully normalized event sr:match:66820108
2025-12-16 00:52:41.595 [pool-7-thread-1] INFO  c.mouse.bet.tasks.MSportOddsFetcher - ✅ Successfully normalized event sr:match:66820142
2025-12-16 00:52:41.606 [pool-7-thread-2] INFO  c.mouse.bet.tasks.MSportOddsFetcher - ✅ Successfully normalized event sr:match:66772246
2025-12-16 00:52:41.613 [pool-7-thread-3] INFO  c.mouse.bet.tasks.MSportOddsFetcher - ✅ Successfully normalized event sr:match:66772250
2025-12-16 00:52:41.620 [pool-7-thread-4] INFO  c.mouse.bet.tasks.MSportOddsFetcher - ✅ Successfully normalized event sr:match:66772248
2025-12-16 00:52:43.189 [pool-5-thread-4] INFO  c.mouse.bet.tasks.MSportOddsFetcher - TableTennis: Fetching events list from API...
2025-12-16 00:52:43.189 [pool-4-thread-3] INFO  c.mouse.bet.tasks.MSportOddsFetcher - All sports fetch cycle triggered in 0ms [queue=0, active=0] | FB=OFF | BB=OFF | TT=ON
2025-12-16 00:52:43.207 [pool-4-thread-2] INFO  c.mouse.bet.tasks.MSportOddsFetcher - Tick — queued=0, activeFetches=0, setupOK=true
2025-12-16 00:52:43.394 [pool-5-thread-4] INFO  c.mouse.bet.tasks.MSportOddsFetcher - ✅ TableTennis: Response received in 205ms
2025-12-16 00:52:43.394 [pool-5-thread-4] INFO  c.mouse.bet.tasks.MSportOddsFetcher - Extracted 5 live events for TableTennis
2025-12-16 00:52:43.394 [pool-5-thread-4] INFO  c.mouse.bet.tasks.MSportOddsFetcher - TableTennis: Completed in 205ms - queued 5/5 events (skipped: 0)
2025-12-16 00:52:43.595 [pool-7-thread-8] INFO  c.mouse.bet.tasks.MSportOddsFetcher - ✅ Successfully normalized event sr:match:66820108
2025-12-16 00:52:43.595 [pool-7-thread-6] INFO  c.mouse.bet.tasks.MSportOddsFetcher - ✅ Successfully normalized event sr:match:66772250
2025-12-16 00:52:43.606 [pool-7-thread-9] INFO  c.mouse.bet.tasks.MSportOddsFetcher - ✅ Successfully normalized event sr:match:66820142
2025-12-16 00:52:43.606 [pool-7-thread-5] INFO  c.mouse.bet.tasks.MSportOddsFetcher - ✅ Successfully normalized event sr:match:66772246
2025-12-16 00:52:43.623 [pool-7-thread-7] INFO  c.mouse.bet.tasks.MSportOddsFetcher - ✅ Successfully normalized event sr:match:66772248
2025-12-16 00:52:45.188 [pool-5-thread-1] INFO  c.mouse.bet.tasks.MSportOddsFetcher - TableTennis: Fetching events list from API...
2025-12-16 00:52:45.188 [pool-4-thread-4] INFO  c.mouse.bet.tasks.MSportOddsFetcher - All sports fetch cycle triggered in 0ms [queue=0, active=0] | FB=OFF | BB=OFF | TT=ON
2025-12-16 00:52:45.439 [pool-5-thread-1] INFO  c.mouse.bet.tasks.MSportOddsFetcher - ✅ TableTennis: Response received in 251ms
2025-12-16 00:52:45.439 [pool-5-thread-1] INFO  c.mouse.bet.tasks.MSportOddsFetcher - Extracted 5 live events for TableTennis
2025-12-16 00:52:45.439 [pool-5-thread-1] INFO  c.mouse.bet.tasks.MSportOddsFetcher - TableTennis: Completed in 251ms - queued 5/5 events (skipped: 0)
2025-12-16 00:52:45.638 [pool-7-thread-10] INFO  c.mouse.bet.tasks.MSportOddsFetcher - ✅ Successfully normalized event sr:match:66772246
2025-12-16 00:52:45.645 [pool-7-thread-12] INFO  c.mouse.bet.tasks.MSportOddsFetcher - ✅ Successfully normalized event sr:match:66772250
2025-12-16 00:52:45.655 [pool-7-thread-11] INFO  c.mouse.bet.tasks.MSportOddsFetcher - ✅ Successfully normalized event sr:match:66820142
2025-12-16 00:52:45.655 [pool-7-thread-13] INFO  c.mouse.bet.tasks.MSportOddsFetcher - ✅ Successfully normalized event sr:match:66820108
2025-12-16 00:52:45.657 [pool-7-thread-15] INFO  c.mouse.bet.tasks.MSportOddsFetcher - ✅ Successfully normalized event sr:match:66772248
2025-12-16 00:52:47.188 [pool-5-thread-2] INFO  c.mouse.bet.tasks.MSportOddsFetcher - TableTennis: Fetching events list from API...
2025-12-16 00:52:47.190 [pool-4-thread-5] INFO  c.mouse.bet.tasks.MSportOddsFetcher - All sports fetch cycle triggered in 2ms [queue=0, active=0] | FB=OFF | BB=OFF | TT=ON
2025-12-16 00:52:47.430 [pool-5-thread-2] INFO  c.mouse.bet.tasks.MSportOddsFetcher - ✅ TableTennis: Response received in 242ms
2025-12-16 00:52:47.430 [pool-5-thread-2] INFO  c.mouse.bet.tasks.MSportOddsFetcher - Extracted 5 live events for TableTennis
2025-12-16 00:52:47.430 [pool-5-thread-2] INFO  c.mouse.bet.tasks.MSportOddsFetcher - TableTennis: Completed in 242ms - queued 5/5 events (skipped: 0)
2025-12-16 00:52:47.631 [pool-7-thread-14] INFO  c.mouse.bet.tasks.MSportOddsFetcher - ✅ Successfully normalized event sr:match:66820142
2025-12-16 00:52:47.631 [pool-7-thread-16] INFO  c.mouse.bet.tasks.MSportOddsFetcher - ✅ Successfully normalized event sr:match:66772250
2025-12-16 00:52:47.657 [pool-7-thread-17] INFO  c.mouse.bet.tasks.MSportOddsFetcher - ✅ Successfully normalized event sr:match:66820108
2025-12-16 00:52:47.659 [pool-7-thread-17] INFO  c.mouse.bet.tasks.MSportOddsFetcher - ✅ Successfully normalized event sr:match:66772248
2025-12-16 00:52:47.673 [pool-7-thread-19] INFO  c.mouse.bet.tasks.MSportOddsFetcher - ✅ Successfully normalized event sr:match:66772246
2025-12-16 00:52:48.207 [pool-4-thread-3] INFO  c.mouse.bet.tasks.MSportOddsFetcher - Tick — queued=0, activeFetches=0, setupOK=true
2025-12-16 00:52:49.188 [pool-5-thread-3] INFO  c.mouse.bet.tasks.MSportOddsFetcher - TableTennis: Fetching events list from API...
2025-12-16 00:52:49.188 [pool-4-thread-2] INFO  c.mouse.bet.tasks.MSportOddsFetcher - All sports fetch cycle triggered in 0ms [queue=0, active=0] | FB=OFF | BB=OFF | TT=ON
2025-12-16 00:52:49.439 [pool-5-thread-3] INFO  c.mouse.bet.tasks.MSportOddsFetcher - ✅ TableTennis: Response received in 251ms
2025-12-16 00:52:49.439 [pool-5-thread-3] INFO  c.mouse.bet.tasks.MSportOddsFetcher - Extracted 5 live events for TableTennis
2025-12-16 00:52:49.439 [pool-5-thread-3] INFO  c.mouse.bet.tasks.MSportOddsFetcher - TableTennis: Completed in 251ms - queued 5/5 events (skipped: 0)
2025-12-16 00:52:49.637 [pool-7-thread-21] INFO  c.mouse.bet.tasks.MSportOddsFetcher - ✅ Successfully normalized event sr:match:66820108
2025-12-16 00:52:49.638 [pool-7-thread-22] INFO  c.mouse.bet.tasks.MSportOddsFetcher - ✅ Successfully normalized event sr:match:66820142
2025-12-16 00:52:49.639 [pool-7-thread-20] INFO  c.mouse.bet.tasks.MSportOddsFetcher - ✅ Successfully normalized event sr:match:66772250
2025-12-16 00:52:49.647 [pool-7-thread-23] INFO  c.mouse.bet.tasks.MSportOddsFetcher - ✅ Successfully normalized event sr:match:66772246
2025-12-16 00:52:49.647 [pool-7-thread-24] INFO  c.mouse.bet.tasks.MSportOddsFetcher - ✅ Successfully normalized event sr:match:66772248
2025-12-16 00:52:51.188 [pool-5-thread-4] INFO  c.mouse.bet.tasks.MSportOddsFetcher - TableTennis: Fetching events list from API...
2025-12-16 00:52:51.188 [pool-4-thread-4] INFO  c.mouse.bet.tasks.MSportOddsFetcher - All sports fetch cycle triggered in 0ms [queue=0, active=0] | FB=OFF | BB=OFF | TT=ON
2025-12-16 00:52:51.406 [pool-5-thread-4] INFO  c.mouse.bet.tasks.MSportOddsFetcher - ✅ TableTennis: Response received in 218ms
2025-12-16 00:52:51.406 [pool-5-thread-4] INFO  c.mouse.bet.tasks.MSportOddsFetcher - Extracted 5 live events for TableTennis
2025-12-16 00:52:51.407 [pool-5-thread-4] INFO  c.mouse.bet.tasks.MSportOddsFetcher - TableTennis: Completed in 219ms - queued 5/5 events (skipped: 0)
2025-12-16 00:52:51.621 [pool-7-thread-26] INFO  c.mouse.bet.tasks.MSportOddsFetcher - ✅ Successfully normalized event sr:match:66820108
2025-12-16 00:52:51.621 [pool-7-thread-25] INFO  c.mouse.bet.tasks.MSportOddsFetcher - ✅ Successfully normalized event sr:match:66820142
2025-12-16 00:52:51.626 [pool-7-thread-27] INFO  c.mouse.bet.tasks.MSportOddsFetcher - ✅ Successfully normalized event sr:match:66772246
2025-12-16 00:52:51.631 [pool-7-thread-28] INFO  c.mouse.bet.tasks.MSportOddsFetcher - ✅ Successfully normalized event sr:match:66772248
2025-12-16 00:52:51.639 [pool-7-thread-29] INFO  c.mouse.bet.tasks.MSportOddsFetcher - ✅ Successfully normalized event sr:match:66772250
2025-12-16 00:52:53.189 [pool-5-thread-1] INFO  c.mouse.bet.tasks.MSportOddsFetcher - TableTennis: Fetching events list from API...
2025-12-16 00:52:53.189 [pool-4-thread-3] INFO  c.mouse.bet.tasks.MSportOddsFetcher - All sports fetch cycle triggered in 0ms [queue=0, active=0] | FB=OFF | BB=OFF | TT=ON
2025-12-16 00:52:53.209 [pool-4-thread-1] INFO  c.mouse.bet.tasks.MSportOddsFetcher - Tick — queued=0, activeFetches=0, setupOK=true
2025-12-16 00:52:53.209 [scraper-orchestrator-2] INFO  c.mouse.bet.tasks.MSportOddsFetcher - Health — Active: 0, Queued: 0, NetErrors: 0, RateLimit: 0, Timeouts: 0, Requests: 157, TimeSinceReset: 225s, AvgResponse: 209ms, Cadence: 2s, TotalConnections: 9/10 idle, ClientPoolSize: 10
2025-12-16 00:52:53.421 [pool-5-thread-1] INFO  c.mouse.bet.tasks.MSportOddsFetcher - ✅ TableTennis: Response received in 232ms
2025-12-16 00:52:53.421 [pool-5-thread-1] INFO  c.mouse.bet.tasks.MSportOddsFetcher - Extracted 5 live events for TableTennis
2025-12-16 00:52:53.421 [pool-5-thread-1] INFO  c.mouse.bet.tasks.MSportOddsFetcher - TableTennis: Completed in 232ms - queued 5/5 events (skipped: 0)
2025-12-16 00:52:53.614 [pool-7-thread-31] INFO  c.mouse.bet.tasks.MSportOddsFetcher - ✅ Successfully normalized event sr:match:66820108
2025-12-16 00:52:53.626 [pool-7-thread-30] INFO  c.mouse.bet.tasks.MSportOddsFetcher - ✅ Successfully normalized event sr:match:66820142
2025-12-16 00:52:53.635 [pool-7-thread-33] INFO  c.mouse.bet.tasks.MSportOddsFetcher - ✅ Successfully normalized event sr:match:66772250
2025-12-16 00:52:53.638 [pool-7-thread-32] INFO  c.mouse.bet.tasks.MSportOddsFetcher - ✅ Successfully normalized event sr:match:66772248
2025-12-16 00:52:53.649 [pool-7-thread-34] INFO  c.mouse.bet.tasks.MSportOddsFetcher - ✅ Successfully normalized event sr:match:66772246
2025-12-16 00:52:55.188 [pool-5-thread-2] INFO  c.mouse.bet.tasks.MSportOddsFetcher - TableTennis: Fetching events list from API...
2025-12-16 00:52:55.188 [pool-4-thread-2] INFO  c.mouse.bet.tasks.MSportOddsFetcher - All sports fetch cycle triggered in 0ms [queue=0, active=0] | FB=OFF | BB=OFF | TT=ON
2025-12-16 00:52:55.687 [pool-5-thread-2] INFO  c.mouse.bet.tasks.MSportOddsFetcher - ✅ TableTennis: Response received in 499ms
2025-12-16 00:52:55.688 [pool-5-thread-2] INFO  c.mouse.bet.tasks.MSportOddsFetcher - Extracted 5 live events for TableTennis
2025-12-16 00:52:55.688 [pool-5-thread-2] INFO  c.mouse.bet.tasks.MSportOddsFetcher - TableTennis: Completed in 500ms - queued 5/5 events (skipped: 0)
2025-12-16 00:52:55.883 [pool-7-thread-36] INFO  c.mouse.bet.tasks.MSportOddsFetcher - ✅ Successfully normalized event sr:match:66820108
2025-12-16 00:52:55.883 [pool-7-thread-35] INFO  c.mouse.bet.tasks.MSportOddsFetcher - ✅ Successfully normalized event sr:match:66772248
2025-12-16 00:52:55.883 [pool-7-thread-37] INFO  c.mouse.bet.tasks.MSportOddsFetcher - ✅ Successfully normalized event sr:match:66772246
2025-12-16 00:52:56.541 [pool-7-thread-38] INFO  c.mouse.bet.tasks.MSportOddsFetcher - ✅ Successfully normalized event sr:match:66820142
2025-12-16 00:52:56.793 [pool-7-thread-39] INFO  c.mouse.bet.tasks.MSportOddsFetcher - ✅ Successfully normalized event sr:match:66772250
2025-12-16 00:52:57.188 [pool-5-thread-3] INFO  c.mouse.bet.tasks.MSportOddsFetcher - TableTennis: Fetching events list from API...
2025-12-16 00:52:57.189 [pool-4-thread-3] INFO  c.mouse.bet.tasks.MSportOddsFetcher - All sports fetch cycle triggered in 1ms [queue=0, active=0] | FB=OFF | BB=OFF | TT=ON
2025-12-16 00:52:57.378 [pool-5-thread-3] INFO  c.mouse.bet.tasks.MSportOddsFetcher - ✅ TableTennis: Response received in 190ms
2025-12-16 00:52:57.379 [pool-5-thread-3] INFO  c.mouse.bet.tasks.MSportOddsFetcher - Extracted 5 live events for TableTennis
2025-12-16 00:52:57.379 [pool-5-thread-3] INFO  c.mouse.bet.tasks.MSportOddsFetcher - TableTennis: Completed in 191ms - queued 5/5 events (skipped: 0)
2025-12-16 00:52:57.579 [pool-7-thread-41] INFO  c.mouse.bet.tasks.MSportOddsFetcher - ✅ Successfully normalized event sr:match:66820108
2025-12-16 00:52:57.579 [pool-7-thread-40] INFO  c.mouse.bet.tasks.MSportOddsFetcher - ✅ Successfully normalized event sr:match:66820142
2025-12-16 00:52:57.592 [pool-7-thread-42] INFO  c.mouse.bet.tasks.MSportOddsFetcher - ✅ Successfully normalized event sr:match:66772248
2025-12-16 00:52:57.596 [pool-7-thread-43] INFO  c.mouse.bet.tasks.MSportOddsFetcher - ✅ Successfully normalized event sr:match:66772246
2025-12-16 00:52:57.636 [pool-7-thread-44] INFO  c.mouse.bet.tasks.MSportOddsFetcher - ✅ Successfully normalized event sr:match:66772250
2025-12-16 00:52:58.209 [pool-4-thread-5] INFO  c.mouse.bet.tasks.MSportOddsFetcher - Tick — queued=0, activeFetches=0, setupOK=true
2025-12-16 00:52:59.188 [pool-5-thread-4] INFO  c.mouse.bet.tasks.MSportOddsFetcher - TableTennis: Fetching events list from API...
2025-12-16 00:52:59.188 [pool-4-thread-4] INFO  c.mouse.bet.tasks.MSportOddsFetcher - All sports fetch cycle triggered in 0ms [queue=0, active=0] | FB=OFF | BB=OFF | TT=ON
2025-12-16 00:52:59.421 [pool-5-thread-4] INFO  c.mouse.bet.tasks.MSportOddsFetcher - ✅ TableTennis: Response received in 233ms
2025-12-16 00:52:59.444 [pool-5-thread-4] INFO  c.mouse.bet.tasks.MSportOddsFetcher - Extracted 5 live events for TableTennis
2025-12-16 00:52:59.446 [pool-5-thread-4] INFO  c.mouse.bet.tasks.MSportOddsFetcher - TableTennis: Completed in 258ms - queued 5/5 events (skipped: 0)
2025-12-16 00:52:59.637 [pool-7-thread-45] INFO  c.mouse.bet.tasks.MSportOddsFetcher - ✅ Successfully normalized event sr:match:66772246
2025-12-16 00:52:59.648 [pool-7-thread-47] INFO  c.mouse.bet.tasks.MSportOddsFetcher - ✅ Successfully normalized event sr:match:66772248
2025-12-16 00:52:59.650 [pool-7-thread-46] INFO  c.mouse.bet.tasks.MSportOddsFetcher - ✅ Successfully normalized event sr:match:66772250
2025-12-16 00:52:59.650 [pool-7-thread-47] INFO  c.mouse.bet.tasks.MSportOddsFetcher - ✅ Successfully normalized event sr:match:66820142
2025-12-16 00:52:59.659 [pool-7-thread-49] INFO  c.mouse.bet.tasks.MSportOddsFetcher - ✅ Successfully normalized event sr:match:66820108
2025-12-16 00:53:01.188 [pool-4-thread-4] INFO  c.mouse.bet.tasks.MSportOddsFetcher - All sports fetch cycle triggered in 0ms [queue=0, active=0] | FB=OFF | BB=OFF | TT=ON
2025-12-16 00:53:01.188 [pool-5-thread-1] INFO  c.mouse.bet.tasks.MSportOddsFetcher - TableTennis: Fetching events list from API...
2025-12-16 00:53:01.429 [pool-5-thread-1] INFO  c.mouse.bet.tasks.MSportOddsFetcher - ✅ TableTennis: Response received in 241ms
2025-12-16 00:53:01.429 [pool-5-thread-1] INFO  c.mouse.bet.tasks.MSportOddsFetcher - Extracted 5 live events for TableTennis
2025-12-16 00:53:01.430 [pool-5-thread-1] INFO  c.mouse.bet.tasks.MSportOddsFetcher - TableTennis: Completed in 242ms - queued 5/5 events (skipped: 0)
2025-12-16 00:53:01.620 [pool-7-thread-50] INFO  c.mouse.bet.tasks.MSportOddsFetcher - ✅ Successfully normalized event sr:match:66820108
2025-12-16 00:53:01.638 [pool-7-thread-1] INFO  c.mouse.bet.tasks.MSportOddsFetcher - ✅ Successfully normalized event sr:match:66820142
2025-12-16 00:53:01.649 [pool-7-thread-2] INFO  c.mouse.bet.tasks.MSportOddsFetcher - ✅ Successfully normalized event sr:match:66772248
2025-12-16 00:53:01.655 [pool-7-thread-3] INFO  c.mouse.bet.tasks.MSportOddsFetcher - ✅ Successfully normalized event sr:match:66772246
2025-12-16 00:53:01.670 [pool-7-thread-4] INFO  c.mouse.bet.tasks.MSportOddsFetcher - ✅ Successfully normalized event sr:match:66772250
2025-12-16 00:53:03.187 [pool-5-thread-2] INFO  c.mouse.bet.tasks.MSportOddsFetcher - TableTennis: Fetching events list from API...
2025-12-16 00:53:03.188 [pool-4-thread-5] INFO  c.mouse.bet.tasks.MSportOddsFetcher - All sports fetch cycle triggered in 1ms [queue=0, active=0] | FB=OFF | BB=OFF | TT=ON
2025-12-16 00:53:03.220 [pool-4-thread-1] INFO  c.mouse.bet.tasks.MSportOddsFetcher - Tick — queued=0, activeFetches=0, setupOK=true
2025-12-16 00:53:03.440 [pool-5-thread-2] INFO  c.mouse.bet.tasks.MSportOddsFetcher - ✅ TableTennis: Response received in 253ms
2025-12-16 00:53:03.440 [pool-5-thread-2] INFO  c.mouse.bet.tasks.MSportOddsFetcher - Extracted 5 live events for TableTennis
2025-12-16 00:53:03.441 [pool-5-thread-2] INFO  c.mouse.bet.tasks.MSportOddsFetcher - TableTennis: Completed in 254ms - queued 5/5 events (skipped: 0)
2025-12-16 00:53:03.636 [pool-7-thread-8] INFO  c.mouse.bet.tasks.MSportOddsFetcher - ✅ Successfully normalized event sr:match:66820142
2025-12-16 00:53:03.636 [pool-7-thread-6] INFO  c.mouse.bet.tasks.MSportOddsFetcher - ✅ Successfully normalized event sr:match:66820108
2025-12-16 00:53:03.653 [pool-7-thread-9] INFO  c.mouse.bet.tasks.MSportOddsFetcher - ✅ Successfully normalized event sr:match:66772246
2025-12-16 00:53:03.654 [pool-7-thread-5] INFO  c.mouse.bet.tasks.MSportOddsFetcher - ✅ Successfully normalized event sr:match:66772250
2025-12-16 00:53:03.655 [pool-7-thread-9] INFO  c.mouse.bet.tasks.MSportOddsFetcher - ✅ Successfully normalized event sr:match:66772248
2025-12-16 00:53:05.189 [pool-5-thread-3] INFO  c.mouse.bet.tasks.MSportOddsFetcher - TableTennis: Fetching events list from API...
2025-12-16 00:53:05.188 [pool-4-thread-3] INFO  c.mouse.bet.tasks.MSportOddsFetcher - All sports fetch cycle triggered in 0ms [queue=0, active=0] | FB=OFF | BB=OFF | TT=ON
2025-12-16 00:53:05.437 [pool-5-thread-3] INFO  c.mouse.bet.tasks.MSportOddsFetcher - ✅ TableTennis: Response received in 249ms
2025-12-16 00:53:05.437 [pool-5-thread-3] INFO  c.mouse.bet.tasks.MSportOddsFetcher - Extracted 5 live events for TableTennis
2025-12-16 00:53:05.437 [pool-5-thread-3] INFO  c.mouse.bet.tasks.MSportOddsFetcher - TableTennis: Completed in 249ms - queued 5/5 events (skipped: 0)
2025-12-16 00:53:05.635 [pool-7-thread-10] INFO  c.mouse.bet.tasks.MSportOddsFetcher - ✅ Successfully normalized event sr:match:66772246
2025-12-16 00:53:05.653 [pool-7-thread-12] INFO  c.mouse.bet.tasks.MSportOddsFetcher - ✅ Successfully normalized event sr:match:66772250
2025-12-16 00:53:05.655 [pool-7-thread-13] INFO  c.mouse.bet.tasks.MSportOddsFetcher - ✅ Successfully normalized event sr:match:66820108
2025-12-16 00:53:05.655 [pool-7-thread-11] INFO  c.mouse.bet.tasks.MSportOddsFetcher - ✅ Successfully normalized event sr:match:66772248
2025-12-16 00:53:05.662 [pool-7-thread-15] INFO  c.mouse.bet.tasks.MSportOddsFetcher - ✅ Successfully normalized event sr:match:66820142
2025-12-16 00:53:07.188 [pool-4-thread-3] INFO  c.mouse.bet.tasks.MSportOddsFetcher - All sports fetch cycle triggered in 0ms [queue=0, active=0] | FB=OFF | BB=OFF | TT=ON
2025-12-16 00:53:07.189 [pool-5-thread-4] INFO  c.mouse.bet.tasks.MSportOddsFetcher - TableTennis: Fetching events list from API...
2025-12-16 00:53:08.026 [pool-5-thread-4] INFO  c.mouse.bet.tasks.MSportOddsFetcher - ✅ TableTennis: Response received in 838ms
2025-12-16 00:53:08.026 [pool-5-thread-4] INFO  c.mouse.bet.tasks.MSportOddsFetcher - Extracted 5 live events for TableTennis
2025-12-16 00:53:08.027 [pool-5-thread-4] INFO  c.mouse.bet.tasks.MSportOddsFetcher - TableTennis: Completed in 839ms - queued 5/5 events (skipped: 0)
2025-12-16 00:53:08.207 [pool-4-thread-4] INFO  c.mouse.bet.tasks.MSportOddsFetcher - Tick — queued=0, activeFetches=5, setupOK=true
2025-12-16 00:53:08.239 [pool-7-thread-14] INFO  c.mouse.bet.tasks.MSportOddsFetcher - ✅ Successfully normalized event sr:match:66820108
2025-12-16 00:53:08.244 [pool-7-thread-16] INFO  c.mouse.bet.tasks.MSportOddsFetcher - ✅ Successfully normalized event sr:match:66820142
2025-12-16 00:53:08.255 [pool-7-thread-18] INFO  c.mouse.bet.tasks.MSportOddsFetcher - ✅ Successfully normalized event sr:match:66772246
2025-12-16 00:53:08.255 [pool-7-thread-17] INFO  c.mouse.bet.tasks.MSportOddsFetcher - ✅ Successfully normalized event sr:match:66772250
2025-12-16 00:53:08.277 [pool-7-thread-19] INFO  c.mouse.bet.tasks.MSportOddsFetcher - ✅ Successfully normalized event sr:match:66772248
2025-12-16 00:53:09.189 [pool-4-thread-2] INFO  c.mouse.bet.tasks.MSportOddsFetcher - All sports fetch cycle triggered in 0ms [queue=0, active=0] | FB=OFF | BB=OFF | TT=ON
2025-12-16 00:53:09.189 [pool-5-thread-1] INFO  c.mouse.bet.tasks.MSportOddsFetcher - TableTennis: Fetching events list from API...
2025-12-16 00:53:09.423 [pool-5-thread-1] INFO  c.mouse.bet.tasks.MSportOddsFetcher - ✅ TableTennis: Response received in 234ms
2025-12-16 00:53:09.423 [pool-5-thread-1] INFO  c.mouse.bet.tasks.MSportOddsFetcher - Extracted 5 live events for TableTennis
2025-12-16 00:53:09.424 [pool-5-thread-1] INFO  c.mouse.bet.tasks.MSportOddsFetcher - TableTennis: Completed in 235ms - queued 5/5 events (skipped: 0)
2025-12-16 00:53:09.632 [pool-7-thread-20] INFO  c.mouse.bet.tasks.MSportOddsFetcher - ✅ Successfully normalized event sr:match:66820108
2025-12-16 00:53:09.633 [pool-7-thread-21] INFO  c.mouse.bet.tasks.MSportOddsFetcher - ✅ Successfully normalized event sr:match:66820142
2025-12-16 00:53:09.633 [pool-7-thread-22] INFO  c.mouse.bet.tasks.MSportOddsFetcher - ✅ Successfully normalized event sr:match:66772248
2025-12-16 00:53:09.647 [pool-7-thread-23] INFO  c.mouse.bet.tasks.MSportOddsFetcher - ✅ Successfully normalized event sr:match:66772246
2025-12-16 00:53:09.650 [pool-7-thread-24] INFO  c.mouse.bet.tasks.MSportOddsFetcher - ✅ Successfully normalized event sr:match:66772250
2025-12-16 00:53:11.188 [pool-5-thread-2] INFO  c.mouse.bet.tasks.MSportOddsFetcher - TableTennis: Fetching events list from API...
2025-12-16 00:53:11.188 [pool-4-thread-5] INFO  c.mouse.bet.tasks.MSportOddsFetcher - All sports fetch cycle triggered in 0ms [queue=0, active=0] | FB=OFF | BB=OFF | TT=ON
2025-12-16 00:53:11.432 [pool-5-thread-2] INFO  c.mouse.bet.tasks.MSportOddsFetcher - ✅ TableTennis: Response received in 244ms
2025-12-16 00:53:11.432 [pool-5-thread-2] INFO  c.mouse.bet.tasks.MSportOddsFetcher - Extracted 5 live events for TableTennis
2025-12-16 00:53:11.432 [pool-5-thread-2] INFO  c.mouse.bet.tasks.MSportOddsFetcher - TableTennis: Completed in 244ms - queued 5/5 events (skipped: 0)
2025-12-16 00:53:11.622 [pool-7-thread-26] INFO  c.mouse.bet.tasks.MSportOddsFetcher - ✅ Successfully normalized event sr:match:66820108
2025-12-16 00:53:11.630 [pool-7-thread-25] INFO  c.mouse.bet.tasks.MSportOddsFetcher - ✅ Successfully normalized event sr:match:66772250
2025-12-16 00:53:11.640 [pool-7-thread-27] INFO  c.mouse.bet.tasks.MSportOddsFetcher - ✅ Successfully normalized event sr:match:66772246
2025-12-16 00:53:11.655 [pool-7-thread-28] INFO  c.mouse.bet.tasks.MSportOddsFetcher - ✅ Successfully normalized event sr:match:66772248
2025-12-16 00:53:11.674 [pool-7-thread-29] INFO  c.mouse.bet.tasks.MSportOddsFetcher - ✅ Successfully normalized event sr:match:66820142
2025-12-16 00:53:13.188 [pool-4-thread-4] INFO  c.mouse.bet.tasks.MSportOddsFetcher - All sports fetch cycle triggered in 0ms [queue=0, active=0] | FB=OFF | BB=OFF | TT=ON
2025-12-16 00:53:13.188 [pool-5-thread-3] INFO  c.mouse.bet.tasks.MSportOddsFetcher - TableTennis: Fetching events list from API...
2025-12-16 00:53:13.207 [pool-4-thread-1] INFO  c.mouse.bet.tasks.MSportOddsFetcher - Tick — queued=0, activeFetches=0, setupOK=true
2025-12-16 00:53:13.423 [pool-5-thread-3] INFO  c.mouse.bet.tasks.MSportOddsFetcher - ✅ TableTennis: Response received in 235ms
2025-12-16 00:53:13.423 [pool-5-thread-3] INFO  c.mouse.bet.tasks.MSportOddsFetcher - Extracted 5 live events for TableTennis
2025-12-16 00:53:13.423 [pool-5-thread-3] INFO  c.mouse.bet.tasks.MSportOddsFetcher - TableTennis: Completed in 235ms - queued 5/5 events (skipped: 0)
2025-12-16 00:53:13.627 [pool-7-thread-31] INFO  c.mouse.bet.tasks.MSportOddsFetcher - ✅ Successfully normalized event sr:match:66772248
2025-12-16 00:53:13.631 [pool-7-thread-30] INFO  c.mouse.bet.tasks.MSportOddsFetcher - ✅ Successfully normalized event sr:match:66820142
2025-12-16 00:53:13.632 [pool-7-thread-33] INFO  c.mouse.bet.tasks.MSportOddsFetcher - ✅ Successfully normalized event sr:match:66772250
2025-12-16 00:53:13.651 [pool-7-thread-32] INFO  c.mouse.bet.tasks.MSportOddsFetcher - ✅ Successfully normalized event sr:match:66772246
2025-12-16 00:53:14.208 [pool-7-thread-34] INFO  c.mouse.bet.tasks.MSportOddsFetcher - ✅ Successfully normalized event sr:match:66820108
2025-12-16 00:53:15.188 [pool-5-thread-4] INFO  c.mouse.bet.tasks.MSportOddsFetcher - TableTennis: Fetching events list from API...
2025-12-16 00:53:15.188 [pool-4-thread-2] INFO  c.mouse.bet.tasks.MSportOddsFetcher - All sports fetch cycle triggered in 0ms [queue=0, active=0] | FB=OFF | BB=OFF | TT=ON
2025-12-16 00:53:15.446 [pool-5-thread-4] INFO  c.mouse.bet.tasks.MSportOddsFetcher - ✅ TableTennis: Response received in 258ms
2025-12-16 00:53:15.446 [pool-5-thread-4] INFO  c.mouse.bet.tasks.MSportOddsFetcher - Extracted 5 live events for TableTennis
2025-12-16 00:53:15.447 [pool-5-thread-4] INFO  c.mouse.bet.tasks.MSportOddsFetcher - TableTennis: Completed in 259ms - queued 5/5 events (skipped: 0)
2025-12-16 00:53:15.635 [pool-7-thread-37] INFO  c.mouse.bet.tasks.MSportOddsFetcher - ✅ Successfully normalized event sr:match:66772248
2025-12-16 00:53:15.651 [pool-7-thread-35] INFO  c.mouse.bet.tasks.MSportOddsFetcher - ✅ Successfully normalized event sr:match:66820142
2025-12-16 00:53:15.651 [pool-7-thread-36] INFO  c.mouse.bet.tasks.MSportOddsFetcher - ✅ Successfully normalized event sr:match:66772246
2025-12-16 00:53:15.654 [pool-7-thread-35] INFO  c.mouse.bet.tasks.MSportOddsFetcher - ✅ Successfully normalized event sr:match:66820108
2025-12-16 00:53:15.659 [pool-7-thread-39] INFO  c.mouse.bet.tasks.MSportOddsFetcher - ✅ Successfully normalized event sr:match:66772250
2025-12-16 00:53:17.188 [pool-4-thread-2] INFO  c.mouse.bet.tasks.MSportOddsFetcher - All sports fetch cycle triggered in 0ms [queue=0, active=0] | FB=OFF | BB=OFF | TT=ON
2025-12-16 00:53:17.188 [pool-5-thread-1] INFO  c.mouse.bet.tasks.MSportOddsFetcher - TableTennis: Fetching events list from API...
2025-12-16 00:53:17.390 [pool-5-thread-1] INFO  c.mouse.bet.tasks.MSportOddsFetcher - ✅ TableTennis: Response received in 202ms
2025-12-16 00:53:17.390 [pool-5-thread-1] INFO  c.mouse.bet.tasks.MSportOddsFetcher - Extracted 5 live events for TableTennis
2025-12-16 00:53:17.390 [pool-5-thread-1] INFO  c.mouse.bet.tasks.MSportOddsFetcher - TableTennis: Completed in 202ms - queued 5/5 events (skipped: 0)
2025-12-16 00:53:17.589 [pool-7-thread-41] INFO  c.mouse.bet.tasks.MSportOddsFetcher - ✅ Successfully normalized event sr:match:66820142
2025-12-16 00:53:17.597 [pool-7-thread-40] INFO  c.mouse.bet.tasks.MSportOddsFetcher - ✅ Successfully normalized event sr:match:66772248
2025-12-16 00:53:17.607 [pool-7-thread-42] INFO  c.mouse.bet.tasks.MSportOddsFetcher - ✅ Successfully normalized event sr:match:66772250
2025-12-16 00:53:17.612 [pool-7-thread-43] INFO  c.mouse.bet.tasks.MSportOddsFetcher - ✅ Successfully normalized event sr:match:66820108
2025-12-16 00:53:17.624 [pool-7-thread-44] INFO  c.mouse.bet.tasks.MSportOddsFetcher - ✅ Successfully normalized event sr:match:66772246
2025-12-16 00:53:18.207 [pool-4-thread-5] INFO  c.mouse.bet.tasks.MSportOddsFetcher - Tick — queued=0, activeFetches=0, setupOK=true
2025-12-16 00:53:19.189 [pool-4-thread-3] INFO  c.mouse.bet.tasks.MSportOddsFetcher - All sports fetch cycle triggered in 0ms [queue=0, active=0] | FB=OFF | BB=OFF | TT=ON
2025-12-16 00:53:19.189 [pool-5-thread-2] INFO  c.mouse.bet.tasks.MSportOddsFetcher - TableTennis: Fetching events list from API...
2025-12-16 00:53:19.424 [pool-5-thread-2] INFO  c.mouse.bet.tasks.MSportOddsFetcher - ✅ TableTennis: Response received in 235ms
2025-12-16 00:53:19.425 [pool-5-thread-2] INFO  c.mouse.bet.tasks.MSportOddsFetcher - Extracted 5 live events for TableTennis
2025-12-16 00:53:19.425 [pool-5-thread-2] INFO  c.mouse.bet.tasks.MSportOddsFetcher - TableTennis: Completed in 236ms - queued 5/5 events (skipped: 0)
2025-12-16 00:53:19.677 [pool-7-thread-45] INFO  c.mouse.bet.tasks.MSportOddsFetcher - ✅ Successfully normalized event sr:match:66772246
2025-12-16 00:53:19.677 [pool-7-thread-48] INFO  c.mouse.bet.tasks.MSportOddsFetcher - ✅ Successfully normalized event sr:match:66820142
2025-12-16 00:53:19.677 [pool-7-thread-46] INFO  c.mouse.bet.tasks.MSportOddsFetcher - ✅ Successfully normalized event sr:match:66820108
2025-12-16 00:53:19.679 [pool-7-thread-48] INFO  c.mouse.bet.tasks.MSportOddsFetcher - ✅ Successfully normalized event sr:match:66772248
2025-12-16 00:53:19.680 [pool-7-thread-46] INFO  c.mouse.bet.tasks.MSportOddsFetcher - ✅ Successfully normalized event sr:match:66772250
2025-12-16 00:53:21.189 [pool-5-thread-3] INFO  c.mouse.bet.tasks.MSportOddsFetcher - TableTennis: Fetching events list from API...
2025-12-16 00:53:21.189 [pool-4-thread-4] INFO  c.mouse.bet.tasks.MSportOddsFetcher - All sports fetch cycle triggered in 1ms [queue=0, active=0] | FB=OFF | BB=OFF | TT=ON
2025-12-16 00:53:21.417 [pool-5-thread-3] INFO  c.mouse.bet.tasks.MSportOddsFetcher - ✅ TableTennis: Response received in 229ms
2025-12-16 00:53:21.417 [pool-5-thread-3] INFO  c.mouse.bet.tasks.MSportOddsFetcher - Extracted 5 live events for TableTennis
2025-12-16 00:53:21.418 [pool-5-thread-3] INFO  c.mouse.bet.tasks.MSportOddsFetcher - TableTennis: Completed in 230ms - queued 5/5 events (skipped: 0)
2025-12-16 00:53:21.689 [pool-7-thread-50] INFO  c.mouse.bet.tasks.MSportOddsFetcher - ✅ Successfully normalized event sr:match:66820108
2025-12-16 00:53:21.690 [pool-7-thread-1] INFO  c.mouse.bet.tasks.MSportOddsFetcher - ✅ Successfully normalized event sr:match:66820142
2025-12-16 00:53:21.710 [pool-7-thread-2] INFO  c.mouse.bet.tasks.MSportOddsFetcher - ✅ Successfully normalized event sr:match:66772246
2025-12-16 00:53:21.710 [pool-7-thread-3] INFO  c.mouse.bet.tasks.MSportOddsFetcher - ✅ Successfully normalized event sr:match:66772248
2025-12-16 00:53:21.713 [pool-7-thread-4] INFO  c.mouse.bet.tasks.MSportOddsFetcher - ✅ Successfully normalized event sr:match:66772250
2025-12-16 00:53:23.188 [pool-4-thread-5] INFO  c.mouse.bet.tasks.MSportOddsFetcher - All sports fetch cycle triggered in 0ms [queue=0, active=0] | FB=OFF | BB=OFF | TT=ON
2025-12-16 00:53:23.188 [pool-5-thread-4] INFO  c.mouse.bet.tasks.MSportOddsFetcher - TableTennis: Fetching events list from API...
2025-12-16 00:53:23.208 [pool-4-thread-1] INFO  c.mouse.bet.tasks.MSportOddsFetcher - Tick — queued=0, activeFetches=0, setupOK=true
2025-12-16 00:53:23.210 [scraper-orchestrator-2] INFO  c.mouse.bet.tasks.MSportOddsFetcher - Health — Active: 0, Queued: 0, NetErrors: 0, RateLimit: 0, Timeouts: 0, Requests: 247, TimeSinceReset: 255s, AvgResponse: 263ms, Cadence: 2s, TotalConnections: 9/10 idle, ClientPoolSize: 10
2025-12-16 00:53:23.426 [pool-5-thread-4] INFO  c.mouse.bet.tasks.MSportOddsFetcher - ✅ TableTennis: Response received in 238ms
2025-12-16 00:53:23.426 [pool-5-thread-4] INFO  c.mouse.bet.tasks.MSportOddsFetcher - Extracted 5 live events for TableTennis
2025-12-16 00:53:23.426 [pool-5-thread-4] INFO  c.mouse.bet.tasks.MSportOddsFetcher - TableTennis: Completed in 238ms - queued 5/5 events (skipped: 0)
2025-12-16 00:53:23.630 [pool-7-thread-6] INFO  c.mouse.bet.tasks.MSportOddsFetcher - ✅ Successfully normalized event sr:match:66820108
2025-12-16 00:53:23.630 [pool-7-thread-8] INFO  c.mouse.bet.tasks.MSportOddsFetcher - ✅ Successfully normalized event sr:match:66772248
2025-12-16 00:53:23.631 [pool-7-thread-5] INFO  c.mouse.bet.tasks.MSportOddsFetcher - ✅ Successfully normalized event sr:match:66772250
2025-12-16 00:53:23.641 [pool-7-thread-7] INFO  c.mouse.bet.tasks.MSportOddsFetcher - ✅ Successfully normalized event sr:match:66820142
2025-12-16 00:53:23.664 [pool-7-thread-9] INFO  c.mouse.bet.tasks.MSportOddsFetcher - ✅ Successfully normalized event sr:match:66772246
2025-12-16 00:53:25.187 [pool-5-thread-1] INFO  c.mouse.bet.tasks.MSportOddsFetcher - TableTennis: Fetching events list from API...
2025-12-16 00:53:25.187 [pool-4-thread-3] INFO  c.mouse.bet.tasks.MSportOddsFetcher - All sports fetch cycle triggered in 0ms [queue=0, active=0] | FB=OFF | BB=OFF | TT=ON
2025-12-16 00:53:25.440 [pool-5-thread-1] INFO  c.mouse.bet.tasks.MSportOddsFetcher - ✅ TableTennis: Response received in 253ms
2025-12-16 00:53:25.440 [pool-5-thread-1] INFO  c.mouse.bet.tasks.MSportOddsFetcher - Extracted 5 live events for TableTennis
2025-12-16 00:53:25.440 [pool-5-thread-1] INFO  c.mouse.bet.tasks.MSportOddsFetcher - TableTennis: Completed in 253ms - queued 5/5 events (skipped: 0)
2025-12-16 00:53:25.626 [pool-7-thread-10] INFO  c.mouse.bet.tasks.MSportOddsFetcher - ✅ Successfully normalized event sr:match:66772246
2025-12-16 00:53:25.643 [pool-7-thread-12] INFO  c.mouse.bet.tasks.MSportOddsFetcher - ✅ Successfully normalized event sr:match:66820108
2025-12-16 00:53:25.660 [pool-7-thread-13] INFO  c.mouse.bet.tasks.MSportOddsFetcher - ✅ Successfully normalized event sr:match:66772250
2025-12-16 00:53:25.692 [pool-7-thread-15] INFO  c.mouse.bet.tasks.MSportOddsFetcher - ✅ Successfully normalized event sr:match:66772248
2025-12-16 00:53:25.693 [pool-7-thread-11] INFO  c.mouse.bet.tasks.MSportOddsFetcher - ✅ Successfully normalized event sr:match:66820142
2025-12-16 00:53:27.188 [pool-4-thread-3] INFO  c.mouse.bet.tasks.MSportOddsFetcher - All sports fetch cycle triggered in 0ms [queue=0, active=0] | FB=OFF | BB=OFF | TT=ON
2025-12-16 00:53:27.188 [pool-5-thread-2] INFO  c.mouse.bet.tasks.MSportOddsFetcher - TableTennis: Fetching events list from API...
2025-12-16 00:53:27.395 [pool-5-thread-2] INFO  c.mouse.bet.tasks.MSportOddsFetcher - ✅ TableTennis: Response received in 207ms
2025-12-16 00:53:27.395 [pool-5-thread-2] INFO  c.mouse.bet.tasks.MSportOddsFetcher - Extracted 5 live events for TableTennis
2025-12-16 00:53:27.396 [pool-5-thread-2] INFO  c.mouse.bet.tasks.MSportOddsFetcher - TableTennis: Completed in 208ms - queued 5/5 events (skipped: 0)
2025-12-16 00:53:27.586 [pool-7-thread-14] INFO  c.mouse.bet.tasks.MSportOddsFetcher - ✅ Successfully normalized event sr:match:66820108
2025-12-16 00:53:27.592 [pool-7-thread-16] INFO  c.mouse.bet.tasks.MSportOddsFetcher - ✅ Successfully normalized event sr:match:66772246
2025-12-16 00:53:27.597 [pool-7-thread-18] INFO  c.mouse.bet.tasks.MSportOddsFetcher - ✅ Successfully normalized event sr:match:66820142
2025-12-16 00:53:27.605 [pool-7-thread-17] INFO  c.mouse.bet.tasks.MSportOddsFetcher - ✅ Successfully normalized event sr:match:66772250
2025-12-16 00:53:27.625 [pool-7-thread-19] INFO  c.mouse.bet.tasks.MSportOddsFetcher - ✅ Successfully normalized event sr:match:66772248
2025-12-16 00:53:28.207 [pool-4-thread-4] INFO  c.mouse.bet.tasks.MSportOddsFetcher - Tick — queued=0, activeFetches=0, setupOK=true
2025-12-16 00:53:29.189 [pool-4-thread-2] INFO  c.mouse.bet.tasks.MSportOddsFetcher - All sports fetch cycle triggered in 0ms [queue=0, active=0] | FB=OFF | BB=OFF | TT=ON
2025-12-16 00:53:29.189 [pool-5-thread-3] INFO  c.mouse.bet.tasks.MSportOddsFetcher - TableTennis: Fetching events list from API...
2025-12-16 00:53:29.408 [pool-5-thread-3] INFO  c.mouse.bet.tasks.MSportOddsFetcher - ✅ TableTennis: Response received in 219ms
2025-12-16 00:53:29.409 [pool-5-thread-3] INFO  c.mouse.bet.tasks.MSportOddsFetcher - Extracted 5 live events for TableTennis
2025-12-16 00:53:29.409 [pool-5-thread-3] INFO  c.mouse.bet.tasks.MSportOddsFetcher - TableTennis: Completed in 220ms - queued 5/5 events (skipped: 0)
2025-12-16 00:53:29.603 [pool-7-thread-20] INFO  c.mouse.bet.tasks.MSportOddsFetcher - ✅ Successfully normalized event sr:match:66820142
2025-12-16 00:53:29.608 [pool-7-thread-21] INFO  c.mouse.bet.tasks.MSportOddsFetcher - ✅ Successfully normalized event sr:match:66772248
2025-12-16 00:53:29.609 [pool-7-thread-22] INFO  c.mouse.bet.tasks.MSportOddsFetcher - ✅ Successfully normalized event sr:match:66772250
2025-12-16 00:53:29.609 [pool-7-thread-21] INFO  c.mouse.bet.tasks.MSportOddsFetcher - ✅ Successfully normalized event sr:match:66820108
2025-12-16 00:53:29.614 [pool-7-thread-24] INFO  c.mouse.bet.tasks.MSportOddsFetcher - ✅ Successfully normalized event sr:match:66772246
2025-12-16 00:53:31.188 [pool-5-thread-4] INFO  c.mouse.bet.tasks.MSportOddsFetcher - TableTennis: Fetching events list from API...
2025-12-16 00:53:31.188 [pool-4-thread-5] INFO  c.mouse.bet.tasks.MSportOddsFetcher - All sports fetch cycle triggered in 0ms [queue=0, active=0] | FB=OFF | BB=OFF | TT=ON
2025-12-16 00:53:31.414 [pool-5-thread-4] INFO  c.mouse.bet.tasks.MSportOddsFetcher - ✅ TableTennis: Response received in 226ms
2025-12-16 00:53:31.414 [pool-5-thread-4] INFO  c.mouse.bet.tasks.MSportOddsFetcher - Extracted 5 live events for TableTennis
2025-12-16 00:53:31.414 [pool-5-thread-4] INFO  c.mouse.bet.tasks.MSportOddsFetcher - TableTennis: Completed in 226ms - queued 5/5 events (skipped: 0)
2025-12-16 00:53:31.624 [pool-7-thread-26] INFO  c.mouse.bet.tasks.MSportOddsFetcher - ✅ Successfully normalized event sr:match:66820142
2025-12-16 00:53:31.624 [pool-7-thread-25] INFO  c.mouse.bet.tasks.MSportOddsFetcher - ✅ Successfully normalized event sr:match:66820108
2025-12-16 00:53:31.663 [pool-7-thread-27] INFO  c.mouse.bet.tasks.MSportOddsFetcher - ✅ Successfully normalized event sr:match:66772250
2025-12-16 00:53:31.664 [pool-7-thread-28] INFO  c.mouse.bet.tasks.MSportOddsFetcher - ✅ Successfully normalized event sr:match:66772246
2025-12-16 00:53:31.664 [pool-7-thread-29] INFO  c.mouse.bet.tasks.MSportOddsFetcher - ✅ Successfully normalized event sr:match:66772248
2025-12-16 00:53:33.190 [pool-5-thread-1] INFO  c.mouse.bet.tasks.MSportOddsFetcher - TableTennis: Fetching events list from API...
2025-12-16 00:53:33.190 [pool-4-thread-4] INFO  c.mouse.bet.tasks.MSportOddsFetcher - All sports fetch cycle triggered in 0ms [queue=0, active=0] | FB=OFF | BB=OFF | TT=ON
2025-12-16 00:53:33.207 [pool-4-thread-3] INFO  c.mouse.bet.tasks.MSportOddsFetcher - Tick — queued=0, activeFetches=0, setupOK=true
2025-12-16 00:53:33.409 [pool-5-thread-1] INFO  c.mouse.bet.tasks.MSportOddsFetcher - ✅ TableTennis: Response received in 219ms
2025-12-16 00:53:33.409 [pool-5-thread-1] INFO  c.mouse.bet.tasks.MSportOddsFetcher - Extracted 5 live events for TableTennis
2025-12-16 00:53:33.410 [pool-5-thread-1] INFO  c.mouse.bet.tasks.MSportOddsFetcher - TableTennis: Completed in 220ms - queued 5/5 events (skipped: 0)
2025-12-16 00:53:33.613 [pool-7-thread-31] INFO  c.mouse.bet.tasks.MSportOddsFetcher - ✅ Successfully normalized event sr:match:66820142
2025-12-16 00:53:33.615 [pool-7-thread-31] INFO  c.mouse.bet.tasks.MSportOddsFetcher - ✅ Successfully normalized event sr:match:66820108
2025-12-16 00:53:33.616 [pool-7-thread-30] INFO  c.mouse.bet.tasks.MSportOddsFetcher - ✅ Successfully normalized event sr:match:66772250
2025-12-16 00:53:33.618 [pool-7-thread-31] INFO  c.mouse.bet.tasks.MSportOddsFetcher - ✅ Successfully normalized event sr:match:66772246
2025-12-16 00:53:33.658 [pool-7-thread-34] INFO  c.mouse.bet.tasks.MSportOddsFetcher - ✅ Successfully normalized event sr:match:66772248
2025-12-16 00:53:35.189 [pool-5-thread-2] INFO  c.mouse.bet.tasks.MSportOddsFetcher - TableTennis: Fetching events list from API...
2025-12-16 00:53:35.189 [pool-4-thread-2] INFO  c.mouse.bet.tasks.MSportOddsFetcher - All sports fetch cycle triggered in 0ms [queue=0, active=0] | FB=OFF | BB=OFF | TT=ON
2025-12-16 00:53:35.459 [pool-5-thread-2] INFO  c.mouse.bet.tasks.MSportOddsFetcher - ✅ TableTennis: Response received in 270ms
2025-12-16 00:53:35.460 [pool-5-thread-2] INFO  c.mouse.bet.tasks.MSportOddsFetcher - Extracted 5 live events for TableTennis
2025-12-16 00:53:35.460 [pool-5-thread-2] INFO  c.mouse.bet.tasks.MSportOddsFetcher - TableTennis: Completed in 271ms - queued 5/5 events (skipped: 0)
2025-12-16 00:53:35.673 [pool-7-thread-37] INFO  c.mouse.bet.tasks.MSportOddsFetcher - ✅ Successfully normalized event sr:match:66820142
2025-12-16 00:53:35.673 [pool-7-thread-36] INFO  c.mouse.bet.tasks.MSportOddsFetcher - ✅ Successfully normalized event sr:match:66820108
2025-12-16 00:53:38.208 [pool-4-thread-3] INFO  c.mouse.bet.tasks.MSportOddsFetcher - Tick — queued=0, activeFetches=3, setupOK=true
2025-12-16 00:53:40.493 [pool-6-thread-32] INFO  c.mouse.bet.tasks.MSportOddsFetcher - Suspiciously slow request detected: 5032ms (threshold: 5000ms) - possible throttling, count: 1
2025-12-16 00:53:40.493 [pool-6-thread-86] INFO  c.mouse.bet.tasks.MSportOddsFetcher - Suspiciously slow request detected: 5033ms (threshold: 5000ms) - possible throttling, count: 2
2025-12-16 00:53:43.680 [pool-6-thread-18] INFO  c.mouse.bet.tasks.MSportOddsFetcher - Suspiciously slow request detected: 8220ms (threshold: 5000ms) - possible throttling, count: 1
2025-12-16 00:53:43.680 [pool-7-thread-38] WARN  c.mouse.bet.tasks.MSportOddsFetcher - ⚠️ REJECTING STALE DATA: Event sr:match:66772246 is 8491ms old (threshold: 5000ms)
2025-12-16 00:53:43.681 [pool-4-thread-2] INFO  c.mouse.bet.tasks.MSportOddsFetcher - All sports fetch cycle triggered in 0ms [queue=0, active=2] | FB=OFF | BB=OFF | TT=ON
2025-12-16 00:53:43.682 [pool-4-thread-2] INFO  c.mouse.bet.tasks.MSportOddsFetcher - All sports fetch cycle triggered in 0ms [queue=0, active=2] | FB=OFF | BB=OFF | TT=ON
2025-12-16 00:53:43.682 [pool-4-thread-3] INFO  c.mouse.bet.tasks.MSportOddsFetcher - Tick — queued=0, activeFetches=2, setupOK=true
2025-12-16 00:53:43.682 [pool-5-thread-3] INFO  c.mouse.bet.tasks.MSportOddsFetcher - TableTennis: Fetching events list from API...
2025-12-16 00:53:43.683 [pool-7-thread-35] WARN  c.mouse.bet.tasks.MSportOddsFetcher - ⚠️ REJECTING STALE DATA: Event sr:match:66772248 is 8494ms old (threshold: 5000ms)
2025-12-16 00:53:43.684 [pool-7-thread-39] WARN  c.mouse.bet.tasks.MSportOddsFetcher - ⚠️ REJECTING STALE DATA: Event sr:match:66772250 is 8495ms old (threshold: 5000ms)
2025-12-16 00:53:43.684 [pool-4-thread-2] INFO  c.mouse.bet.tasks.MSportOddsFetcher - All sports fetch cycle triggered in 0ms [queue=0, active=0] | FB=OFF | BB=OFF | TT=ON
2025-12-16 00:53:43.685 [pool-4-thread-2] INFO  c.mouse.bet.tasks.MSportOddsFetcher - All sports fetch cycle triggered in 0ms [queue=0, active=0] | FB=OFF | BB=OFF | TT=ON
2025-12-16 00:53:43.980 [pool-5-thread-3] INFO  c.mouse.bet.tasks.MSportOddsFetcher - ✅ TableTennis: Response received in 298ms
2025-12-16 00:53:43.980 [pool-5-thread-3] INFO  c.mouse.bet.tasks.MSportOddsFetcher - Extracted 5 live events for TableTennis
2025-12-16 00:53:43.982 [pool-5-thread-3] INFO  c.mouse.bet.tasks.MSportOddsFetcher - TableTennis: Completed in 300ms - queued 5/5 events (skipped: 0)
2025-12-16 00:53:44.194 [pool-7-thread-40] INFO  c.mouse.bet.tasks.MSportOddsFetcher - ✅ Successfully normalized event sr:match:66820142
2025-12-16 00:53:44.195 [pool-7-thread-42] INFO  c.mouse.bet.tasks.MSportOddsFetcher - ✅ Successfully normalized event sr:match:66772246
2025-12-16 00:53:44.194 [pool-7-thread-41] INFO  c.mouse.bet.tasks.MSportOddsFetcher - ✅ Successfully normalized event sr:match:66820108
2025-12-16 00:53:44.196 [pool-7-thread-40] INFO  c.mouse.bet.tasks.MSportOddsFetcher - ✅ Successfully normalized event sr:match:66772250
2025-12-16 00:53:45.307 [pool-7-thread-44] INFO  c.mouse.bet.tasks.MSportOddsFetcher - ✅ Successfully normalized event sr:match:66772248
2025-12-16 00:53:45.775 [pool-4-thread-2] INFO  c.mouse.bet.tasks.MSportOddsFetcher - All sports fetch cycle triggered in 0ms [queue=0, active=0] | FB=OFF | BB=OFF | TT=ON
2025-12-16 00:53:45.775 [pool-5-thread-4] INFO  c.mouse.bet.tasks.MSportOddsFetcher - TableTennis: Fetching events list from API...
2025-12-16 00:53:46.021 [pool-5-thread-4] INFO  c.mouse.bet.tasks.MSportOddsFetcher - ✅ TableTennis: Response received in 246ms
2025-12-16 00:53:46.022 [pool-5-thread-4] INFO  c.mouse.bet.tasks.MSportOddsFetcher - Extracted 5 live events for TableTennis
2025-12-16 00:53:46.022 [pool-5-thread-4] INFO  c.mouse.bet.tasks.MSportOddsFetcher - TableTennis: Completed in 247ms - queued 5/5 events (skipped: 0)
2025-12-16 00:53:46.220 [pool-7-thread-48] INFO  c.mouse.bet.tasks.MSportOddsFetcher - ✅ Successfully normalized event sr:match:66820142
2025-12-16 00:53:46.220 [pool-7-thread-47] INFO  c.mouse.bet.tasks.MSportOddsFetcher - ✅ Successfully normalized event sr:match:66772250
2025-12-16 00:53:46.236 [pool-7-thread-45] INFO  c.mouse.bet.tasks.MSportOddsFetcher - ✅ Successfully normalized event sr:match:66772246
2025-12-16 00:53:46.237 [pool-7-thread-49] INFO  c.mouse.bet.tasks.MSportOddsFetcher - ✅ Successfully normalized event sr:match:66772248
2025-12-16 00:53:46.245 [pool-7-thread-46] INFO  c.mouse.bet.tasks.MSportOddsFetcher - ✅ Successfully normalized event sr:match:66820108
2025-12-16 00:53:46.347 [SpringApplicationShutdownHook] INFO  c.mouse.bet.tasks.MSportOddsFetcher - Shutdown requested
2025-12-16 00:53:46.347 [scraper-orchestrator-2] ERROR c.mouse.bet.tasks.MSportOddsFetcher - Fatal error in main loop
java.lang.InterruptedException: sleep interrupted
	at java.base/java.lang.Thread.sleep0(Native Method)
	at java.base/java.lang.Thread.sleep(Thread.java:509)
	at com.mouse.bet.tasks.MSportOddsFetcher.runHealthMonitor(MSportOddsFetcher.java:257)
	at com.mouse.bet.tasks.MSportOddsFetcher.run(MSportOddsFetcher.java:159)
	at com.mouse.bet.tasks.Player.lambda$startAllScrapers$2(Player.java:182)
	at java.base/java.util.concurrent.Executors$RunnableAdapter.call(Executors.java:572)
	at java.base/java.util.concurrent.FutureTask.run(FutureTask.java:317)
	at java.base/java.util.concurrent.ThreadPoolExecutor.runWorker(ThreadPoolExecutor.java:1144)
	at java.base/java.util.concurrent.ThreadPoolExecutor$Worker.run(ThreadPoolExecutor.java:642)
	at java.base/java.lang.Thread.run(Thread.java:1583)
2025-12-16 00:53:46.348 [scraper-orchestrator-2] INFO  c.mouse.bet.tasks.MSportOddsFetcher - === Shutting down (Pure OkHttp Mode) ===
2025-12-16 00:53:46.348 [scraper-orchestrator-2] INFO  c.mouse.bet.tasks.MSportOddsFetcher - Shutting down executors...
2025-12-16 00:53:46.392 [scraper-orchestrator-2] INFO  c.mouse.bet.tasks.MSportOddsFetcher - Cleaning up HTTP client pool...
2025-12-16 00:53:46.634 [scraper-orchestrator-2] INFO  c.mouse.bet.tasks.MSportOddsFetcher - === Shutdown complete ===
