2025-12-16 00:48:51.839 [restartedMain] INFO  c.mouse.bet.manager.ArbOrchestrator - Registering worker | Bookmaker: M_SPORT | QueueCapacity: 2147483647
2025-12-16 00:48:51.839 [restartedMain] INFO  c.mouse.bet.manager.ArbOrchestrator - Worker registered successfully | Bookmaker: M_SPORT | TotalRegisteredWorkers: 1
2025-12-16 00:48:54.089 [restartedMain] INFO  c.mouse.bet.manager.ArbOrchestrator - Starting ArbOrchestrator | RegisteredWorkers: [M_SPORT] | PollIntervalMs: 2000
2025-12-16 00:48:54.090 [arb-orchestrator] INFO  c.mouse.bet.manager.ArbOrchestrator - ArbOrchestrator loop started | Thread: arb-orchestrator
2025-12-16 00:48:58.638 [restartedMain] INFO  c.mouse.bet.manager.ArbOrchestrator - Registering worker | Bookmaker: SPORTY_BET | QueueCapacity: 2147483647
2025-12-16 00:48:58.638 [restartedMain] INFO  c.mouse.bet.manager.ArbOrchestrator - Worker registered successfully | Bookmaker: SPORTY_BET | TotalRegisteredWorkers: 2
2025-12-16 00:52:06.352 [ArbPoller] INFO  c.mouse.bet.manager.ArbOrchestrator - Arb loaded into queue (non-blocking) | ArbId: Table Tennis|Zochniak, Jakub|Brud, SzymonTT_POINT_HCP_MINUS_4_5_AWAY | Status: INSUFFICIENT_BALANCE | LegsCount: 2
2025-12-16 00:52:06.352 [arb-orchestrator] INFO  c.mouse.bet.manager.ArbOrchestrator - === Processing Arb | ArbId: Table Tennis|Zochniak, Jakub|Brud, SzymonTT_POINT_HCP_MINUS_4_5_AWAY | Status: INSUFFICIENT_BALANCE | LegsCount: 2 ===
2025-12-16 00:52:06.353 [arb-orchestrator] INFO  c.mouse.bet.manager.ArbOrchestrator - Starting arb processing | ArbId: Table Tennis|Zochniak, Jakub|Brud, SzymonTT_POINT_HCP_MINUS_4_5_AWAY | CurrentStatus: INSUFFICIENT_BALANCE
2025-12-16 00:52:06.385 [arb-orchestrator] INFO  c.mouse.bet.manager.ArbOrchestrator - Arb marked as IN_PROGRESS | ArbId: Table Tennis|Zochniak, Jakub|Brud, SzymonTT_POINT_HCP_MINUS_4_5_AWAY
2025-12-16 00:52:06.395 [arb-orchestrator] INFO  c.mouse.bet.manager.ArbOrchestrator - Arb legs grouped by bookmaker | ArbId: Table Tennis|Zochniak, Jakub|Brud, SzymonTT_POINT_HCP_MINUS_4_5_AWAY | BookmakersCount: 2 | Bookmakers: [SPORTY_BET, M_SPORT]
2025-12-16 00:52:06.396 [arb-orchestrator] INFO  c.mouse.bet.manager.ArbOrchestrator - All required workers available | ArbId: Table Tennis|Zochniak, Jakub|Brud, SzymonTT_POINT_HCP_MINUS_4_5_AWAY | RequiredBookmakers: [SPORTY_BET, M_SPORT]
2025-12-16 00:52:06.397 [arb-orchestrator] INFO  c.mouse.bet.manager.ArbOrchestrator - Initializing leg dispatch | ArbId: Table Tennis|Zochniak, Jakub|Brud, SzymonTT_POINT_HCP_MINUS_4_5_AWAY | TargetsCount: 2 | PhaserParties: 2
2025-12-16 00:52:06.397 [arb-orchestrator] INFO  c.mouse.bet.manager.ArbOrchestrator - Preparing leg task | ArbId: Table Tennis|Zochniak, Jakub|Brud, SzymonTT_POINT_HCP_MINUS_4_5_AWAY | Bookmaker: SPORTY_BET | LegId: 2 | Market: Point handicap | Selection: Home (+4.5) | Odds: 1.9500 | Stake: 50.00
2025-12-16 00:52:06.398 [arb-orchestrator] INFO  c.mouse.bet.manager.ArbOrchestrator - Leg task dispatched successfully | ArbId: Table Tennis|Zochniak, Jakub|Brud, SzymonTT_POINT_HCP_MINUS_4_5_AWAY | Bookmaker: SPORTY_BET | LegId: 2 | QueueSize: 1
2025-12-16 00:52:06.399 [arb-orchestrator] INFO  c.mouse.bet.manager.ArbOrchestrator - Preparing leg task | ArbId: Table Tennis|Zochniak, Jakub|Brud, SzymonTT_POINT_HCP_MINUS_4_5_AWAY | Bookmaker: M_SPORT | LegId: 1 | Market: Point handicap | Selection: Away (-4.5) | Odds: 2.4000 | Stake: 50.00
2025-12-16 00:52:06.399 [arb-orchestrator] INFO  c.mouse.bet.manager.ArbOrchestrator - Leg task dispatched successfully | ArbId: Table Tennis|Zochniak, Jakub|Brud, SzymonTT_POINT_HCP_MINUS_4_5_AWAY | Bookmaker: M_SPORT | LegId: 1 | QueueSize: 1
2025-12-16 00:52:06.399 [arb-orchestrator] INFO  c.mouse.bet.manager.ArbOrchestrator - All leg tasks dispatched, waiting for completion | ArbId: Table Tennis|Zochniak, Jakub|Brud, SzymonTT_POINT_HCP_MINUS_4_5_AWAY | TotalLegs: 2 | PhaserPhase: 0
2025-12-16 00:52:06.399 [arb-orchestrator] INFO  c.mouse.bet.manager.ArbOrchestrator - ======================BLOCKED untill all the legs finish=========================
2025-12-16 00:52:06.544 [ArbPoller] WARN  c.mouse.bet.manager.ArbOrchestrator - Failed to load Arb (queue full) | ArbId: Table Tennis|Zochniak, Jakub|Brud, SzymonTT_POINT_HCP_MINUS_4_5_AWAY | QueueSize: 1
2025-12-16 00:52:06.744 [ArbPoller] WARN  c.mouse.bet.manager.ArbOrchestrator - Failed to load Arb (queue full) | ArbId: Table Tennis|Zochniak, Jakub|Brud, SzymonTT_POINT_HCP_MINUS_4_5_AWAY | QueueSize: 1
2025-12-16 00:52:06.945 [ArbPoller] WARN  c.mouse.bet.manager.ArbOrchestrator - Failed to load Arb (queue full) | ArbId: Table Tennis|Zochniak, Jakub|Brud, SzymonTT_POINT_HCP_MINUS_4_5_AWAY | QueueSize: 1
2025-12-16 00:52:07.149 [ArbPoller] WARN  c.mouse.bet.manager.ArbOrchestrator - Failed to load Arb (queue full) | ArbId: Table Tennis|Zochniak, Jakub|Brud, SzymonTT_POINT_HCP_MINUS_4_5_AWAY | QueueSize: 1
2025-12-16 00:52:07.349 [ArbPoller] WARN  c.mouse.bet.manager.ArbOrchestrator - Failed to load Arb (queue full) | ArbId: Table Tennis|Zochniak, Jakub|Brud, SzymonTT_POINT_HCP_MINUS_4_5_AWAY | QueueSize: 1
2025-12-16 00:52:07.548 [ArbPoller] WARN  c.mouse.bet.manager.ArbOrchestrator - Failed to load Arb (queue full) | ArbId: Table Tennis|Zochniak, Jakub|Brud, SzymonTT_POINT_HCP_MINUS_4_5_AWAY | QueueSize: 1
2025-12-16 00:52:08.006 [ArbPoller] WARN  c.mouse.bet.manager.ArbOrchestrator - Failed to load Arb (queue full) | ArbId: Table Tennis|Witkowski, Tomasz|Wiekiera, ArkadiuszTT_3rdGP_HCP_MINUS_2_5_AWAY | QueueSize: 1
2025-12-16 00:52:08.242 [ArbPoller] WARN  c.mouse.bet.manager.ArbOrchestrator - Failed to load Arb (queue full) | ArbId: Table Tennis|Witkowski, Tomasz|Wiekiera, ArkadiuszTT_3rdGP_HCP_MINUS_2_5_AWAY | QueueSize: 1
2025-12-16 00:52:08.424 [ArbPoller] WARN  c.mouse.bet.manager.ArbOrchestrator - Failed to load Arb (queue full) | ArbId: Table Tennis|Witkowski, Tomasz|Wiekiera, ArkadiuszTT_3rdGP_HCP_MINUS_2_5_AWAY | QueueSize: 1
2025-12-16 00:52:08.625 [ArbPoller] WARN  c.mouse.bet.manager.ArbOrchestrator - Failed to load Arb (queue full) | ArbId: Table Tennis|Witkowski, Tomasz|Wiekiera, ArkadiuszTT_3rdGP_HCP_MINUS_2_5_AWAY | QueueSize: 1
2025-12-16 00:52:08.825 [ArbPoller] WARN  c.mouse.bet.manager.ArbOrchestrator - Failed to load Arb (queue full) | ArbId: Table Tennis|Witkowski, Tomasz|Wiekiera, ArkadiuszTT_3rdGP_HCP_MINUS_2_5_AWAY | QueueSize: 1
2025-12-16 00:52:09.027 [ArbPoller] WARN  c.mouse.bet.manager.ArbOrchestrator - Failed to load Arb (queue full) | ArbId: Table Tennis|Witkowski, Tomasz|Wiekiera, ArkadiuszTT_3rdGP_HCP_MINUS_2_5_AWAY | QueueSize: 1
2025-12-16 00:52:09.228 [ArbPoller] WARN  c.mouse.bet.manager.ArbOrchestrator - Failed to load Arb (queue full) | ArbId: Table Tennis|Witkowski, Tomasz|Wiekiera, ArkadiuszTT_3rdGP_HCP_MINUS_2_5_AWAY | QueueSize: 1
2025-12-16 00:52:09.428 [ArbPoller] WARN  c.mouse.bet.manager.ArbOrchestrator - Failed to load Arb (queue full) | ArbId: Table Tennis|Witkowski, Tomasz|Wiekiera, ArkadiuszTT_3rdGP_HCP_MINUS_2_5_AWAY | QueueSize: 1
2025-12-16 00:52:09.632 [ArbPoller] WARN  c.mouse.bet.manager.ArbOrchestrator - Failed to load Arb (queue full) | ArbId: Table Tennis|Witkowski, Tomasz|Wiekiera, ArkadiuszTT_3rdGP_HCP_MINUS_2_5_AWAY | QueueSize: 1
2025-12-16 00:52:11.975 [ArbPoller] WARN  c.mouse.bet.manager.ArbOrchestrator - Failed to load Arb (queue full) | ArbId: Table Tennis|Marud, Grzegorz|Kostepski, RobertTT_3rdGP_HCP_PLUS_3_5_AWAY | QueueSize: 1
2025-12-16 00:52:12.203 [ArbPoller] WARN  c.mouse.bet.manager.ArbOrchestrator - Failed to load Arb (queue full) | ArbId: Table Tennis|Marud, Grzegorz|Kostepski, RobertTT_3rdGP_HCP_MINUS_2_5_HOME | QueueSize: 1
2025-12-16 00:52:12.203 [ArbPoller] WARN  c.mouse.bet.manager.ArbOrchestrator - Failed to load Arb (queue full) | ArbId: Table Tennis|Marud, Grzegorz|Kostepski, RobertTT_3rdGP_HCP_PLUS_3_5_AWAY | QueueSize: 1
2025-12-16 00:52:12.344 [ArbPoller] WARN  c.mouse.bet.manager.ArbOrchestrator - Failed to load Arb (queue full) | ArbId: Table Tennis|Marud, Grzegorz|Kostepski, RobertTT_3rdGP_HCP_MINUS_2_5_HOME | QueueSize: 1
2025-12-16 00:52:12.344 [ArbPoller] WARN  c.mouse.bet.manager.ArbOrchestrator - Failed to load Arb (queue full) | ArbId: Table Tennis|Marud, Grzegorz|Kostepski, RobertTT_3rdGP_HCP_PLUS_3_5_AWAY | QueueSize: 1
2025-12-16 00:52:12.545 [ArbPoller] WARN  c.mouse.bet.manager.ArbOrchestrator - Failed to load Arb (queue full) | ArbId: Table Tennis|Marud, Grzegorz|Kostepski, RobertTT_3rdGP_HCP_MINUS_2_5_HOME | QueueSize: 1
2025-12-16 00:52:12.545 [ArbPoller] WARN  c.mouse.bet.manager.ArbOrchestrator - Failed to load Arb (queue full) | ArbId: Table Tennis|Marud, Grzegorz|Kostepski, RobertTT_3rdGP_HCP_PLUS_3_5_AWAY | QueueSize: 1
2025-12-16 00:52:12.768 [ArbPoller] WARN  c.mouse.bet.manager.ArbOrchestrator - Failed to load Arb (queue full) | ArbId: Table Tennis|Marud, Grzegorz|Kostepski, RobertTT_3rdGP_HCP_MINUS_2_5_HOME | QueueSize: 1
2025-12-16 00:52:12.768 [ArbPoller] WARN  c.mouse.bet.manager.ArbOrchestrator - Failed to load Arb (queue full) | ArbId: Table Tennis|Marud, Grzegorz|Kostepski, RobertTT_3rdGP_HCP_PLUS_3_5_AWAY | QueueSize: 1
2025-12-16 00:52:12.964 [ArbPoller] WARN  c.mouse.bet.manager.ArbOrchestrator - Failed to load Arb (queue full) | ArbId: Table Tennis|Marud, Grzegorz|Kostepski, RobertTT_3rdGP_HCP_MINUS_2_5_HOME | QueueSize: 1
2025-12-16 00:52:12.964 [ArbPoller] WARN  c.mouse.bet.manager.ArbOrchestrator - Failed to load Arb (queue full) | ArbId: Table Tennis|Marud, Grzegorz|Kostepski, RobertTT_3rdGP_HCP_PLUS_3_5_AWAY | QueueSize: 1
2025-12-16 00:52:13.169 [ArbPoller] WARN  c.mouse.bet.manager.ArbOrchestrator - Failed to load Arb (queue full) | ArbId: Table Tennis|Marud, Grzegorz|Kostepski, RobertTT_3rdGP_HCP_MINUS_2_5_HOME | QueueSize: 1
2025-12-16 00:52:13.169 [ArbPoller] WARN  c.mouse.bet.manager.ArbOrchestrator - Failed to load Arb (queue full) | ArbId: Table Tennis|Marud, Grzegorz|Kostepski, RobertTT_3rdGP_HCP_PLUS_3_5_AWAY | QueueSize: 1
2025-12-16 00:52:13.412 [ArbPoller] WARN  c.mouse.bet.manager.ArbOrchestrator - Failed to load Arb (queue full) | ArbId: Table Tennis|Marud, Grzegorz|Kostepski, RobertTT_3rdGP_HCP_MINUS_2_5_HOME | QueueSize: 1
2025-12-16 00:52:13.412 [ArbPoller] WARN  c.mouse.bet.manager.ArbOrchestrator - Failed to load Arb (queue full) | ArbId: Table Tennis|Marud, Grzegorz|Kostepski, RobertTT_3rdGP_HCP_PLUS_3_5_AWAY | QueueSize: 1
2025-12-16 00:52:13.606 [ArbPoller] WARN  c.mouse.bet.manager.ArbOrchestrator - Failed to load Arb (queue full) | ArbId: Table Tennis|Marud, Grzegorz|Kostepski, RobertTT_3rdGP_HCP_MINUS_2_5_HOME | QueueSize: 1
2025-12-16 00:52:13.607 [ArbPoller] WARN  c.mouse.bet.manager.ArbOrchestrator - Failed to load Arb (queue full) | ArbId: Table Tennis|Marud, Grzegorz|Kostepski, RobertTT_3rdGP_HCP_PLUS_3_5_AWAY | QueueSize: 1
2025-12-16 00:52:13.796 [ArbPoller] WARN  c.mouse.bet.manager.ArbOrchestrator - Failed to load Arb (queue full) | ArbId: Table Tennis|Marud, Grzegorz|Kostepski, RobertTT_3rdGP_HCP_MINUS_2_5_HOME | QueueSize: 1
2025-12-16 00:52:13.797 [ArbPoller] WARN  c.mouse.bet.manager.ArbOrchestrator - Failed to load Arb (queue full) | ArbId: Table Tennis|Marud, Grzegorz|Kostepski, RobertTT_3rdGP_HCP_PLUS_3_5_AWAY | QueueSize: 1
2025-12-16 00:52:23.779 [ArbPoller] WARN  c.mouse.bet.manager.ArbOrchestrator - Failed to load Arb (queue full) | ArbId: Table Tennis|Marud, Grzegorz|Kostepski, RobertTT_3rdGPTotal_UNDER_19_5 | QueueSize: 1
2025-12-16 00:52:23.976 [ArbPoller] WARN  c.mouse.bet.manager.ArbOrchestrator - Failed to load Arb (queue full) | ArbId: Table Tennis|Marud, Grzegorz|Kostepski, RobertTT_3rdGPTotal_UNDER_19_5 | QueueSize: 1
2025-12-16 00:52:24.177 [ArbPoller] WARN  c.mouse.bet.manager.ArbOrchestrator - Failed to load Arb (queue full) | ArbId: Table Tennis|Marud, Grzegorz|Kostepski, RobertTT_3rdGPTotal_UNDER_19_5 | QueueSize: 1
2025-12-16 00:52:24.420 [ArbPoller] WARN  c.mouse.bet.manager.ArbOrchestrator - Failed to load Arb (queue full) | ArbId: Table Tennis|Marud, Grzegorz|Kostepski, RobertTT_3rdGPTotal_UNDER_19_5 | QueueSize: 1
2025-12-16 00:52:24.578 [ArbPoller] WARN  c.mouse.bet.manager.ArbOrchestrator - Failed to load Arb (queue full) | ArbId: Table Tennis|Marud, Grzegorz|Kostepski, RobertTT_3rdGPTotal_UNDER_19_5 | QueueSize: 1
2025-12-16 00:52:24.783 [ArbPoller] WARN  c.mouse.bet.manager.ArbOrchestrator - Failed to load Arb (queue full) | ArbId: Table Tennis|Marud, Grzegorz|Kostepski, RobertTT_3rdGPTotal_UNDER_19_5 | QueueSize: 1
2025-12-16 00:52:24.982 [ArbPoller] WARN  c.mouse.bet.manager.ArbOrchestrator - Failed to load Arb (queue full) | ArbId: Table Tennis|Marud, Grzegorz|Kostepski, RobertTT_3rdGPTotal_UNDER_19_5 | QueueSize: 1
2025-12-16 00:52:25.183 [ArbPoller] WARN  c.mouse.bet.manager.ArbOrchestrator - Failed to load Arb (queue full) | ArbId: Table Tennis|Marud, Grzegorz|Kostepski, RobertTT_3rdGPTotal_UNDER_19_5 | QueueSize: 1
2025-12-16 00:52:25.387 [ArbPoller] WARN  c.mouse.bet.manager.ArbOrchestrator - Failed to load Arb (queue full) | ArbId: Table Tennis|Marud, Grzegorz|Kostepski, RobertTT_3rdGPTotal_UNDER_19_5 | QueueSize: 1
2025-12-16 00:52:25.590 [ArbPoller] WARN  c.mouse.bet.manager.ArbOrchestrator - Failed to load Arb (queue full) | ArbId: Table Tennis|Marud, Grzegorz|Kostepski, RobertTT_3rdGPTotal_UNDER_19_5 | QueueSize: 1
2025-12-16 00:52:29.816 [ArbPoller] WARN  c.mouse.bet.manager.ArbOrchestrator - Failed to load Arb (queue full) | ArbId: Table Tennis|Witkowski, Tomasz|Wiekiera, ArkadiuszTT_POINT_HCP_PLUS_3_5_AWAY | QueueSize: 1
2025-12-16 00:52:30.024 [ArbPoller] WARN  c.mouse.bet.manager.ArbOrchestrator - Failed to load Arb (queue full) | ArbId: Table Tennis|Witkowski, Tomasz|Wiekiera, ArkadiuszTT_POINT_HCP_PLUS_3_5_AWAY | QueueSize: 1
2025-12-16 00:52:30.218 [ArbPoller] WARN  c.mouse.bet.manager.ArbOrchestrator - Failed to load Arb (queue full) | ArbId: Table Tennis|Witkowski, Tomasz|Wiekiera, ArkadiuszTT_POINT_HCP_PLUS_3_5_AWAY | QueueSize: 1
2025-12-16 00:52:30.419 [ArbPoller] WARN  c.mouse.bet.manager.ArbOrchestrator - Failed to load Arb (queue full) | ArbId: Table Tennis|Witkowski, Tomasz|Wiekiera, ArkadiuszTT_POINT_HCP_PLUS_3_5_AWAY | QueueSize: 1
2025-12-16 00:52:30.619 [ArbPoller] WARN  c.mouse.bet.manager.ArbOrchestrator - Failed to load Arb (queue full) | ArbId: Table Tennis|Witkowski, Tomasz|Wiekiera, ArkadiuszTT_POINT_HCP_PLUS_3_5_AWAY | QueueSize: 1
2025-12-16 00:52:30.823 [ArbPoller] WARN  c.mouse.bet.manager.ArbOrchestrator - Failed to load Arb (queue full) | ArbId: Table Tennis|Witkowski, Tomasz|Wiekiera, ArkadiuszTT_POINT_HCP_PLUS_3_5_AWAY | QueueSize: 1
2025-12-16 00:52:31.021 [ArbPoller] WARN  c.mouse.bet.manager.ArbOrchestrator - Failed to load Arb (queue full) | ArbId: Table Tennis|Witkowski, Tomasz|Wiekiera, ArkadiuszTT_POINT_HCP_PLUS_3_5_AWAY | QueueSize: 1
2025-12-16 00:52:31.224 [ArbPoller] WARN  c.mouse.bet.manager.ArbOrchestrator - Failed to load Arb (queue full) | ArbId: Table Tennis|Witkowski, Tomasz|Wiekiera, ArkadiuszTT_POINT_HCP_PLUS_3_5_AWAY | QueueSize: 1
2025-12-16 00:52:31.436 [ArbPoller] WARN  c.mouse.bet.manager.ArbOrchestrator - Failed to load Arb (queue full) | ArbId: Table Tennis|Witkowski, Tomasz|Wiekiera, ArkadiuszTT_POINT_HCP_PLUS_3_5_AWAY | QueueSize: 1
2025-12-16 00:52:31.624 [ArbPoller] WARN  c.mouse.bet.manager.ArbOrchestrator - Failed to load Arb (queue full) | ArbId: Table Tennis|Witkowski, Tomasz|Wiekiera, ArkadiuszTT_POINT_HCP_PLUS_3_5_AWAY | QueueSize: 1
2025-12-16 00:53:07.858 [ArbPoller] WARN  c.mouse.bet.manager.ArbOrchestrator - Failed to load Arb (queue full) | ArbId: Table Tennis|Zochniak, Jakub|Brud, SzymonTT_4thGP_HCP_MINUS_4_5_AWAY | QueueSize: 1
2025-12-16 00:53:07.858 [ArbPoller] WARN  c.mouse.bet.manager.ArbOrchestrator - Failed to load Arb (queue full) | ArbId: Table Tennis|Zochniak, Jakub|Brud, SzymonTT_POINT_HCP_MINUS_6_5_AWAY | QueueSize: 1
2025-12-16 00:53:08.064 [ArbPoller] WARN  c.mouse.bet.manager.ArbOrchestrator - Failed to load Arb (queue full) | ArbId: Table Tennis|Zochniak, Jakub|Brud, SzymonTT_4thGP_HCP_MINUS_4_5_AWAY | QueueSize: 1
2025-12-16 00:53:08.064 [ArbPoller] WARN  c.mouse.bet.manager.ArbOrchestrator - Failed to load Arb (queue full) | ArbId: Table Tennis|Zochniak, Jakub|Brud, SzymonTT_POINT_HCP_MINUS_6_5_AWAY | QueueSize: 1
2025-12-16 00:53:08.265 [ArbPoller] WARN  c.mouse.bet.manager.ArbOrchestrator - Failed to load Arb (queue full) | ArbId: Table Tennis|Zochniak, Jakub|Brud, SzymonTT_4thGP_HCP_MINUS_4_5_AWAY | QueueSize: 1
2025-12-16 00:53:08.265 [ArbPoller] WARN  c.mouse.bet.manager.ArbOrchestrator - Failed to load Arb (queue full) | ArbId: Table Tennis|Zochniak, Jakub|Brud, SzymonTT_POINT_HCP_MINUS_6_5_AWAY | QueueSize: 1
2025-12-16 00:53:08.463 [ArbPoller] WARN  c.mouse.bet.manager.ArbOrchestrator - Failed to load Arb (queue full) | ArbId: Table Tennis|Zochniak, Jakub|Brud, SzymonTT_4thGP_HCP_MINUS_4_5_AWAY | QueueSize: 1
2025-12-16 00:53:08.463 [ArbPoller] WARN  c.mouse.bet.manager.ArbOrchestrator - Failed to load Arb (queue full) | ArbId: Table Tennis|Zochniak, Jakub|Brud, SzymonTT_POINT_HCP_MINUS_6_5_AWAY | QueueSize: 1
2025-12-16 00:53:08.664 [ArbPoller] WARN  c.mouse.bet.manager.ArbOrchestrator - Failed to load Arb (queue full) | ArbId: Table Tennis|Zochniak, Jakub|Brud, SzymonTT_4thGP_HCP_MINUS_4_5_AWAY | QueueSize: 1
2025-12-16 00:53:08.664 [ArbPoller] WARN  c.mouse.bet.manager.ArbOrchestrator - Failed to load Arb (queue full) | ArbId: Table Tennis|Zochniak, Jakub|Brud, SzymonTT_POINT_HCP_MINUS_6_5_AWAY | QueueSize: 1
2025-12-16 00:53:08.873 [ArbPoller] WARN  c.mouse.bet.manager.ArbOrchestrator - Failed to load Arb (queue full) | ArbId: Table Tennis|Zochniak, Jakub|Brud, SzymonTT_4thGP_HCP_MINUS_4_5_AWAY | QueueSize: 1
2025-12-16 00:53:08.873 [ArbPoller] WARN  c.mouse.bet.manager.ArbOrchestrator - Failed to load Arb (queue full) | ArbId: Table Tennis|Zochniak, Jakub|Brud, SzymonTT_POINT_HCP_MINUS_6_5_AWAY | QueueSize: 1
2025-12-16 00:53:09.067 [ArbPoller] WARN  c.mouse.bet.manager.ArbOrchestrator - Failed to load Arb (queue full) | ArbId: Table Tennis|Zochniak, Jakub|Brud, SzymonTT_4thGP_HCP_MINUS_4_5_AWAY | QueueSize: 1
2025-12-16 00:53:09.067 [ArbPoller] WARN  c.mouse.bet.manager.ArbOrchestrator - Failed to load Arb (queue full) | ArbId: Table Tennis|Zochniak, Jakub|Brud, SzymonTT_POINT_HCP_MINUS_6_5_AWAY | QueueSize: 1
2025-12-16 00:53:09.268 [ArbPoller] WARN  c.mouse.bet.manager.ArbOrchestrator - Failed to load Arb (queue full) | ArbId: Table Tennis|Zochniak, Jakub|Brud, SzymonTT_4thGP_HCP_MINUS_4_5_AWAY | QueueSize: 1
2025-12-16 00:53:09.268 [ArbPoller] WARN  c.mouse.bet.manager.ArbOrchestrator - Failed to load Arb (queue full) | ArbId: Table Tennis|Zochniak, Jakub|Brud, SzymonTT_POINT_HCP_MINUS_6_5_AWAY | QueueSize: 1
2025-12-16 00:53:09.475 [ArbPoller] WARN  c.mouse.bet.manager.ArbOrchestrator - Failed to load Arb (queue full) | ArbId: Table Tennis|Zochniak, Jakub|Brud, SzymonTT_4thGP_HCP_MINUS_4_5_AWAY | QueueSize: 1
2025-12-16 00:53:09.475 [ArbPoller] WARN  c.mouse.bet.manager.ArbOrchestrator - Failed to load Arb (queue full) | ArbId: Table Tennis|Zochniak, Jakub|Brud, SzymonTT_POINT_HCP_MINUS_6_5_AWAY | QueueSize: 1
2025-12-16 00:53:09.672 [ArbPoller] WARN  c.mouse.bet.manager.ArbOrchestrator - Failed to load Arb (queue full) | ArbId: Table Tennis|Zochniak, Jakub|Brud, SzymonTT_4thGP_HCP_MINUS_4_5_AWAY | QueueSize: 1
2025-12-16 00:53:25.840 [ArbPoller] WARN  c.mouse.bet.manager.ArbOrchestrator - Failed to load Arb (queue full) | ArbId: Table Tennis|Zochniak, Jakub|Brud, SzymonTT_POINT_HCP_PLUS_5_5_HOME | QueueSize: 1
2025-12-16 00:53:26.041 [ArbPoller] WARN  c.mouse.bet.manager.ArbOrchestrator - Failed to load Arb (queue full) | ArbId: Table Tennis|Zochniak, Jakub|Brud, SzymonTT_POINT_HCP_PLUS_5_5_HOME | QueueSize: 1
2025-12-16 00:53:26.243 [ArbPoller] WARN  c.mouse.bet.manager.ArbOrchestrator - Failed to load Arb (queue full) | ArbId: Table Tennis|Zochniak, Jakub|Brud, SzymonTT_POINT_HCP_PLUS_5_5_HOME | QueueSize: 1
2025-12-16 00:53:26.444 [ArbPoller] WARN  c.mouse.bet.manager.ArbOrchestrator - Failed to load Arb (queue full) | ArbId: Table Tennis|Zochniak, Jakub|Brud, SzymonTT_POINT_HCP_PLUS_5_5_HOME | QueueSize: 1
2025-12-16 00:53:26.652 [ArbPoller] WARN  c.mouse.bet.manager.ArbOrchestrator - Failed to load Arb (queue full) | ArbId: Table Tennis|Zochniak, Jakub|Brud, SzymonTT_POINT_HCP_PLUS_5_5_HOME | QueueSize: 1
2025-12-16 00:53:26.849 [ArbPoller] WARN  c.mouse.bet.manager.ArbOrchestrator - Failed to load Arb (queue full) | ArbId: Table Tennis|Zochniak, Jakub|Brud, SzymonTT_POINT_HCP_PLUS_5_5_HOME | QueueSize: 1
2025-12-16 00:53:27.050 [ArbPoller] WARN  c.mouse.bet.manager.ArbOrchestrator - Failed to load Arb (queue full) | ArbId: Table Tennis|Zochniak, Jakub|Brud, SzymonTT_POINT_HCP_PLUS_5_5_HOME | QueueSize: 1
2025-12-16 00:53:27.253 [ArbPoller] WARN  c.mouse.bet.manager.ArbOrchestrator - Failed to load Arb (queue full) | ArbId: Table Tennis|Zochniak, Jakub|Brud, SzymonTT_POINT_HCP_PLUS_5_5_HOME | QueueSize: 1
2025-12-16 00:53:27.455 [ArbPoller] WARN  c.mouse.bet.manager.ArbOrchestrator - Failed to load Arb (queue full) | ArbId: Table Tennis|Zochniak, Jakub|Brud, SzymonTT_POINT_HCP_PLUS_5_5_HOME | QueueSize: 1
